***  Installation Started 07/06/2024 16:54  ***
Title:  Installation
Source: C:\Documents and Settings\Administrator\Plocha\speedy_demo.exe | 07-06-2024 | 16:54:44 | 7936849
Made Dir: C:\Program Files\eGames\Speedy Eggbert Demo
File Copy: C:\Program Files\eGames\Speedy Eggbert Demo\UNWISE.EXE | 06-25-1999 | 10:55:30 | | 149504 | 30fdd633
RegDB Key: Software\Microsoft\Windows\CurrentVersion\Uninstall\Speedy Eggbert Demo
RegDB Val: Speedy Eggbert Demo
RegDB Name: DisplayName
RegDB Root: 2
RegDB Key: Software\Microsoft\Windows\CurrentVersion\Uninstall\Speedy Eggbert Demo
RegDB Val: C:\PROGRA~1\eGames\SPEEDY~3\UNWISE.EXE C:\PROGRA~1\eGames\SPEEDY~3\INSTALL.LOG
RegDB Name: UninstallString
RegDB Root: 2
File Copy: C:\Program Files\eGames\Speedy Eggbert Demo\\egames.exe | 10-20-1999 | 16:13:34 | | 13101 | aec8f87c
File Copy: C:\Program Files\eGames\Speedy Eggbert Demo\\egames.ico | 11-24-1999 | 15:11:56 | | 5694 | 3b09c111
File Copy: C:\Program Files\eGames\Speedy Eggbert Demo\\EGAMES.URL | 03-02-1999 | 09:35:52 | | 77 | f269c92d
File Copy: C:\Program Files\eGames\Speedy Eggbert Demo\\EGGBERT.HLP | 08-11-1999 | 13:57:30 | | 240832 | 9593ce26
File Copy: C:\Program Files\eGames\Speedy Eggbert Demo\\icon.ico | 11-24-1999 | 15:11:56 | | 5694 | 3b09c111
File Copy: C:\Program Files\eGames\Speedy Eggbert Demo\\RES1.DLL | 10-05-1999 | 08:31:12 | | 308278 | e75cd617
File Copy: C:\Program Files\eGames\Speedy Eggbert Demo\\VB40032.DLL | 09-23-1999 | 12:50:02 | 4.0.24.22 | 721168 | e74a449c
File Copy: C:\Program Files\eGames\Speedy Eggbert Demo\\VBRUN300.DLL | 08-24-1996 | 08:11:10 | 3.0.5.38 | 398416 | 10dc9886
File Copy: C:\Program Files\eGames\Speedy Eggbert Demo\\WCSUP.DLL | 06-24-1999 | 14:11:54 | 0.4.0.0 | 534528 | bfb48e29
Made Dir: C:\Program Files\eGames\Speedy Eggbert Demo\\DATA
File Copy: C:\Program Files\eGames\Speedy Eggbert Demo\\DATA\CONFIG.DEF | 06-24-1999 | 14:24:52 | | 65 | 891de106
File Copy: C:\Program Files\eGames\Speedy Eggbert Demo\\DATA\DEMO200.BLP | 05-08-1998 | 14:00:54 | | 1356 | 679351a0
File Copy: C:\Program Files\eGames\Speedy Eggbert Demo\\DATA\DEMO201.BLP | 05-12-1998 | 15:27:10 | | 2348 | 8474a038
File Copy: C:\Program Files\eGames\Speedy Eggbert Demo\\DATA\DEMO202.BLP | 05-12-1998 | 15:25:08 | | 3372 | c8aa4e38
File Copy: C:\Program Files\eGames\Speedy Eggbert Demo\\DATA\DEMO203.BLP | 05-08-1998 | 13:42:10 | | 2684 | abc4c86
File Copy: C:\Program Files\eGames\Speedy Eggbert Demo\\DATA\DEMO204.BLP | 05-08-1998 | 13:43:02 | | 1872 | bb5be61a
File Copy: C:\Program Files\eGames\Speedy Eggbert Demo\\DATA\DEMO205.BLP | 05-12-1998 | 15:28:20 | | 1172 | a4652283
File Copy: C:\Program Files\eGames\Speedy Eggbert Demo\\DATA\DEMO206.BLP | 05-24-1998 | 19:01:00 | | 1856 | a13bdffa
File Copy: C:\Program Files\eGames\Speedy Eggbert Demo\\DATA\INFO001.BLP | 09-16-1999 | 08:44:58 | | 528 | 5bf56b5b
File Copy: C:\Program Files\eGames\Speedy Eggbert Demo\\DATA\TIME.BLP | 09-16-1999 | 08:32:46 | | 16 | dedfafb2
File Copy: C:\Program Files\eGames\Speedy Eggbert Demo\\DATA\WORLD001.BLP | 06-09-1998 | 08:31:24 | | 50468 | f294e0ea
File Copy: C:\Program Files\eGames\Speedy Eggbert Demo\\DATA\WORLD010.BLP | 06-09-1998 | 08:31:58 | | 50468 | b8378ba5
File Copy: C:\Program Files\eGames\Speedy Eggbert Demo\\DATA\WORLD040.BLP | 06-18-1998 | 20:34:34 | | 50468 | e9d1d7c3
File Copy: C:\Program Files\eGames\Speedy Eggbert Demo\\DATA\WORLD101.BLP | 06-09-1998 | 10:45:24 | | 50468 | ea519e8e
File Copy: C:\Program Files\eGames\Speedy Eggbert Demo\\DATA\WORLD200.BLP | 06-09-1998 | 06:45:22 | | 50468 | 83f97cea
File Copy: C:\Program Files\eGames\Speedy Eggbert Demo\\DATA\WORLD201.BLP | 06-09-1998 | 07:39:40 | | 50468 | a32ef2f2
File Copy: C:\Program Files\eGames\Speedy Eggbert Demo\\DATA\WORLD202.BLP | 06-09-1998 | 07:39:56 | | 50468 | 63c3083e
File Copy: C:\Program Files\eGames\Speedy Eggbert Demo\\DATA\WORLD203.BLP | 06-09-1998 | 06:43:40 | | 50468 | ca09341d
File Copy: C:\Program Files\eGames\Speedy Eggbert Demo\\DATA\WORLD204.BLP | 06-09-1998 | 06:43:52 | | 50468 | 2e2082
File Copy: C:\Program Files\eGames\Speedy Eggbert Demo\\DATA\WORLD205.BLP | 06-09-1998 | 07:40:26 | | 50468 | cb0cc14a
File Copy: C:\Program Files\eGames\Speedy Eggbert Demo\\DATA\WORLD206.BLP | 06-09-1998 | 07:41:02 | | 50468 | 6f299e7c
Made Dir: C:\Program Files\eGames\Speedy Eggbert Demo\\IMAGE08
File Copy: C:\Program Files\eGames\Speedy Eggbert Demo\\IMAGE08\BLUPI000.BLP | 05-13-1998 | 08:29:18 | | 604758 | 5e53f03c
File Copy: C:\Program Files\eGames\Speedy Eggbert Demo\\IMAGE08\BLUPI001.BLP | 05-13-1998 | 08:30:58 | | 604758 | 9264104c
File Copy: C:\Program Files\eGames\Speedy Eggbert Demo\\IMAGE08\BLUPI002.BLP | 06-21-1998 | 08:50:20 | | 604758 | 6d8d8cb9
File Copy: C:\Program Files\eGames\Speedy Eggbert Demo\\IMAGE08\BLUPI003.BLP | 06-21-1998 | 08:50:22 | | 604758 | d015e60a
File Copy: C:\Program Files\eGames\Speedy Eggbert Demo\\IMAGE08\BUTTON00.BLP | 06-09-1998 | 08:05:52 | | 202678 | 186d9472
File Copy: C:\Program Files\eGames\Speedy Eggbert Demo\\IMAGE08\CLEAR.BLP | 02-28-1998 | 12:15:22 | | 308278 | 12ab517f
File Copy: C:\Program Files\eGames\Speedy Eggbert Demo\\IMAGE08\CREATE.BLP | 03-31-1998 | 07:57:24 | | 308278 | 9d432cf4
File Copy: C:\Program Files\eGames\Speedy Eggbert Demo\\IMAGE08\DECOR000.BLP | 03-10-1998 | 15:30:54 | | 308278 | 1e829325
File Copy: C:\Program Files\eGames\Speedy Eggbert Demo\\IMAGE08\DECOR001.BLP | 02-17-1998 | 11:55:44 | | 308278 | 75adc8a5
File Copy: C:\Program Files\eGames\Speedy Eggbert Demo\\IMAGE08\DECOR002.BLP | 02-17-1998 | 07:26:44 | | 308278 | 6650f6be
File Copy: C:\Program Files\eGames\Speedy Eggbert Demo\\IMAGE08\DECOR003.BLP | 02-17-1998 | 07:25:42 | | 308278 | 26ff6a45
File Copy: C:\Program Files\eGames\Speedy Eggbert Demo\\IMAGE08\DECOR004.BLP | 01-27-1998 | 12:12:16 | | 308278 | 70db7896
File Copy: C:\Program Files\eGames\Speedy Eggbert Demo\\IMAGE08\DECOR005.BLP | 01-27-1998 | 12:13:16 | | 308278 | 6675cfe9
File Copy: C:\Program Files\eGames\Speedy Eggbert Demo\\IMAGE08\DECOR006.BLP | 01-30-1998 | 05:43:50 | | 308278 | 1392ec71
File Copy: C:\Program Files\eGames\Speedy Eggbert Demo\\IMAGE08\DECOR007.BLP | 01-29-1998 | 17:08:34 | | 308278 | ef283c40
File Copy: C:\Program Files\eGames\Speedy Eggbert Demo\\IMAGE08\DECOR008.BLP | 01-30-1998 | 20:13:02 | | 308278 | 7d21d353
File Copy: C:\Program Files\eGames\Speedy Eggbert Demo\\IMAGE08\DECOR009.BLP | 02-14-1998 | 09:39:14 | | 308278 | c1f672a9
File Copy: C:\Program Files\eGames\Speedy Eggbert Demo\\IMAGE08\DECOR010.BLP | 02-17-1998 | 12:15:30 | | 308278 | 420ed97d
File Copy: C:\Program Files\eGames\Speedy Eggbert Demo\\IMAGE08\DECOR011.BLP | 02-17-1998 | 11:26:18 | | 308278 | 758ce73b
File Copy: C:\Program Files\eGames\Speedy Eggbert Demo\\IMAGE08\DECOR012.BLP | 03-19-1998 | 20:19:08 | | 308278 | 820314cc
File Copy: C:\Program Files\eGames\Speedy Eggbert Demo\\IMAGE08\DECOR013.BLP | 03-10-1998 | 15:13:28 | | 308278 | 7c299deb
File Copy: C:\Program Files\eGames\Speedy Eggbert Demo\\IMAGE08\DECOR014.BLP | 03-10-1998 | 15:13:52 | | 308278 | dda544f
File Copy: C:\Program Files\eGames\Speedy Eggbert Demo\\IMAGE08\DECOR015.BLP | 03-10-1998 | 09:13:58 | | 308278 | 122e7f19
File Copy: C:\Program Files\eGames\Speedy Eggbert Demo\\IMAGE08\DECOR016.BLP | 03-17-1998 | 20:38:40 | | 308278 | 6cbed19d
File Copy: C:\Program Files\eGames\Speedy Eggbert Demo\\IMAGE08\DECOR017.BLP | 03-17-1998 | 20:39:04 | | 308278 | 7632c2fc
File Copy: C:\Program Files\eGames\Speedy Eggbert Demo\\IMAGE08\DECOR018.BLP | 03-17-1998 | 20:39:30 | | 308278 | ffef3955
File Copy: C:\Program Files\eGames\Speedy Eggbert Demo\\IMAGE08\DECOR019.BLP | 03-17-1998 | 20:39:54 | | 308278 | 2a117e65
File Copy: C:\Program Files\eGames\Speedy Eggbert Demo\\IMAGE08\DECOR020.BLP | 03-18-1998 | 08:11:12 | | 308278 | 31f78590
File Copy: C:\Program Files\eGames\Speedy Eggbert Demo\\IMAGE08\DECOR021.BLP | 03-17-1998 | 20:40:52 | | 308278 | 7e3b9cce
File Copy: C:\Program Files\eGames\Speedy Eggbert Demo\\IMAGE08\DECOR022.BLP | 03-18-1998 | 16:49:56 | | 308278 | 32602703
File Copy: C:\Program Files\eGames\Speedy Eggbert Demo\\IMAGE08\DECOR023.BLP | 03-17-1998 | 20:41:42 | | 308278 | 3d6e36d8
File Copy: C:\Program Files\eGames\Speedy Eggbert Demo\\IMAGE08\ELEMENT.BLP | 05-17-1998 | 14:59:54 | | 360406 | bf07c3b3
File Copy: C:\Program Files\eGames\Speedy Eggbert Demo\\IMAGE08\EXPLO.BLP | 05-10-1998 | 20:52:18 | | 681590 | ce345ae7
File Copy: C:\Program Files\eGames\Speedy Eggbert Demo\\IMAGE08\GAMER.BLP | 04-21-1998 | 06:01:02 | | 308278 | a3c37500
File Copy: C:\Program Files\eGames\Speedy Eggbert Demo\\IMAGE08\GREAD.BLP | 06-21-1998 | 18:57:28 | | 308278 | 213737be
File Copy: C:\Program Files\eGames\Speedy Eggbert Demo\\IMAGE08\GWRITE.BLP | 06-21-1998 | 18:59:22 | | 308278 | bbd591c8
File Copy: C:\Program Files\eGames\Speedy Eggbert Demo\\IMAGE08\HELP.BLP | 04-20-1998 | 10:49:10 | | 308278 | 93b7d4a7
File Copy: C:\Program Files\eGames\Speedy Eggbert Demo\\IMAGE08\INFO.BLP | 04-21-1998 | 05:41:16 | | 308278 | 5d157d13
File Copy: C:\Program Files\eGames\Speedy Eggbert Demo\\IMAGE08\INIT.BLP | 06-23-1999 | 15:19:30 | | 308278 | 9f6afb3
File Copy: C:\Program Files\eGames\Speedy Eggbert Demo\\IMAGE08\JAUGE.BLP | 07-10-1997 | 20:45:14 | | 11990 | 92452d74
File Copy: C:\Program Files\eGames\Speedy Eggbert Demo\\IMAGE08\LITTLE.BLP | 12-15-1997 | 19:45:42 | | 25654 | 175b27a3
File Copy: C:\Program Files\eGames\Speedy Eggbert Demo\\IMAGE08\LOST.BLP | 02-28-1998 | 14:59:04 | | 308278 | 27c7231d
File Copy: C:\Program Files\eGames\Speedy Eggbert Demo\\IMAGE08\MAP.BLP | 04-21-1998 | 05:34:56 | | 34358 | 29b9600
File Copy: C:\Program Files\eGames\Speedy Eggbert Demo\\IMAGE08\MOVIE.BLP | 06-27-1997 | 06:50:40 | | 308278 | a4d33db5
File Copy: C:\Program Files\eGames\Speedy Eggbert Demo\\IMAGE08\MULTI.BLP | 04-21-1998 | 05:41:48 | | 308278 | df286116
File Copy: C:\Program Files\eGames\Speedy Eggbert Demo\\IMAGE08\MUSIC.BLP | 03-01-1998 | 07:40:04 | | 308278 | 3d47b1ce
File Copy: C:\Program Files\eGames\Speedy Eggbert Demo\\IMAGE08\NAME.BLP | 02-28-1998 | 12:15:48 | | 308278 | 2ead4eb4
File Copy: C:\Program Files\eGames\Speedy Eggbert Demo\\IMAGE08\OBJECT.BLP | 05-17-1998 | 19:06:42 | | 885430 | d764b5c6
File Copy: C:\Program Files\eGames\Speedy Eggbert Demo\\IMAGE08\READ.BLP | 03-04-1998 | 12:41:04 | | 308278 | 5011bfd3
File Copy: C:\Program Files\eGames\Speedy Eggbert Demo\\IMAGE08\REGION.BLP | 06-21-1998 | 08:50:40 | | 308278 | d4e42137
File Copy: C:\Program Files\eGames\Speedy Eggbert Demo\\IMAGE08\SERVICE.BLP | 03-31-1998 | 11:21:28 | | 308278 | e3f7bd3a
File Copy: C:\Program Files\eGames\Speedy Eggbert Demo\\IMAGE08\SESSION.BLP | 03-31-1998 | 07:58:28 | | 308278 | ab980a71
File Copy: C:\Program Files\eGames\Speedy Eggbert Demo\\IMAGE08\SETUP.BLP | 03-02-1998 | 13:54:22 | | 308278 | 8d346ae3
File Copy: C:\Program Files\eGames\Speedy Eggbert Demo\\IMAGE08\STOP.BLP | 06-21-1998 | 18:58:50 | | 308278 | df99c7bd
File Copy: C:\Program Files\eGames\Speedy Eggbert Demo\\IMAGE08\TEMP.BLP | 04-05-1998 | 16:53:06 | | 5174 | 757e7074
File Copy: C:\Program Files\eGames\Speedy Eggbert Demo\\IMAGE08\TEXT.BLP | 05-25-1998 | 05:28:30 | | 99382 | 8c91157b
File Copy: C:\Program Files\eGames\Speedy Eggbert Demo\\IMAGE08\WIN.BLP | 06-21-1998 | 08:50:44 | | 308278 | 834b39d6
File Copy: C:\Program Files\eGames\Speedy Eggbert Demo\\IMAGE08\WRITE.BLP | 03-04-1998 | 12:40:40 | | 308278 | d93e6655
Made Dir: C:\Program Files\eGames\Speedy Eggbert Demo\\SOUND
File Copy: C:\Program Files\eGames\Speedy Eggbert Demo\\SOUND\MUSIC003.BLP | 01-26-1996 | 16:17:38 | | 51786 | c9e96702
File Copy: C:\Program Files\eGames\Speedy Eggbert Demo\\SOUND\MUSIC007.BLP | 01-26-1996 | 16:45:08 | | 36549 | 7b7428f3
File Copy: C:\Program Files\eGames\Speedy Eggbert Demo\\SOUND\MUSIC009.BLP | 01-26-1996 | 16:19:50 | | 24582 | 87e58258
File Copy: C:\Program Files\eGames\Speedy Eggbert Demo\\SOUND\SOUND000.BLP | 09-19-1991 | 15:19:50 | | 1568 | 6f536ae7
File Copy: C:\Program Files\eGames\Speedy Eggbert Demo\\SOUND\SOUND001.BLP | 05-12-1998 | 11:01:52 | | 2014 | 2c3e975b
File Copy: C:\Program Files\eGames\Speedy Eggbert Demo\\SOUND\SOUND002.BLP | 05-12-1998 | 12:29:08 | | 1384 | 565877e2
File Copy: C:\Program Files\eGames\Speedy Eggbert Demo\\SOUND\SOUND003.BLP | 05-12-1998 | 13:27:06 | | 7322 | 68254813
File Copy: C:\Program Files\eGames\Speedy Eggbert Demo\\SOUND\SOUND004.BLP | 05-12-1998 | 12:22:58 | | 2344 | 70c59b2c
File Copy: C:\Program Files\eGames\Speedy Eggbert Demo\\SOUND\SOUND005.BLP | 05-12-1998 | 11:19:08 | | 1918 | 4516f9fe
File Copy: C:\Program Files\eGames\Speedy Eggbert Demo\\SOUND\SOUND006.BLP | 05-12-1998 | 08:53:54 | | 8620 | cf21aed5
File Copy: C:\Program Files\eGames\Speedy Eggbert Demo\\SOUND\SOUND007.BLP | 01-29-1998 | 19:40:24 | | 18264 | 3bf92404
File Copy: C:\Program Files\eGames\Speedy Eggbert Demo\\SOUND\SOUND008.BLP | 05-12-1998 | 13:00:42 | | 66356 | 738a10ba
File Copy: C:\Program Files\eGames\Speedy Eggbert Demo\\SOUND\SOUND009.BLP | 05-12-1998 | 13:49:54 | | 71228 | d0d4cf8b
File Copy: C:\Program Files\eGames\Speedy Eggbert Demo\\SOUND\SOUND010.BLP | 05-12-1998 | 20:24:08 | | 104294 | 91d5ea81
File Copy: C:\Program Files\eGames\Speedy Eggbert Demo\\SOUND\SOUND011.BLP | 05-12-1998 | 14:02:28 | | 27688 | 763ec967
File Copy: C:\Program Files\eGames\Speedy Eggbert Demo\\SOUND\SOUND012.BLP | 05-12-1998 | 13:10:54 | | 21144 | e02ca94f
File Copy: C:\Program Files\eGames\Speedy Eggbert Demo\\SOUND\SOUND013.BLP | 05-12-1998 | 13:39:14 | | 64280 | 230da122
File Copy: C:\Program Files\eGames\Speedy Eggbert Demo\\SOUND\SOUND014.BLP | 05-12-1998 | 17:53:24 | | 70150 | 932d1296
File Copy: C:\Program Files\eGames\Speedy Eggbert Demo\\SOUND\SOUND015.BLP | 01-28-1998 | 19:09:24 | | 16748 | 5093bc4d
File Copy: C:\Program Files\eGames\Speedy Eggbert Demo\\SOUND\SOUND016.BLP | 01-28-1998 | 18:44:02 | | 8868 | a7afdc9f
File Copy: C:\Program Files\eGames\Speedy Eggbert Demo\\SOUND\SOUND017.BLP | 01-28-1998 | 19:07:20 | | 16748 | deab30ab
File Copy: C:\Program Files\eGames\Speedy Eggbert Demo\\SOUND\SOUND018.BLP | 01-28-1998 | 19:00:44 | | 12256 | 95272054
File Copy: C:\Program Files\eGames\Speedy Eggbert Demo\\SOUND\SOUND019.BLP | 05-12-1998 | 14:11:42 | | 32744 | 5b270a35
File Copy: C:\Program Files\eGames\Speedy Eggbert Demo\\SOUND\SOUND020.BLP | 01-29-1998 | 19:42:08 | | 18264 | d230379f
File Copy: C:\Program Files\eGames\Speedy Eggbert Demo\\SOUND\SOUND021.BLP | 01-29-1998 | 19:46:10 | | 17104 | 47fb17f
File Copy: C:\Program Files\eGames\Speedy Eggbert Demo\\SOUND\SOUND022.BLP | 05-12-1998 | 11:01:26 | | 2644 | 37ea0670
File Copy: C:\Program Files\eGames\Speedy Eggbert Demo\\SOUND\SOUND023.BLP | 05-12-1998 | 20:01:48 | | 73424 | 8980eab6
File Copy: C:\Program Files\eGames\Speedy Eggbert Demo\\SOUND\SOUND024.BLP | 05-12-1998 | 17:46:44 | | 16568 | da3886
File Copy: C:\Program Files\eGames\Speedy Eggbert Demo\\SOUND\SOUND025.BLP | 05-12-1998 | 11:13:42 | | 20280 | e4941b76
File Copy: C:\Program Files\eGames\Speedy Eggbert Demo\\SOUND\SOUND026.BLP | 05-12-1998 | 12:34:18 | | 84036 | fcb9a253
File Copy: C:\Program Files\eGames\Speedy Eggbert Demo\\SOUND\SOUND027.BLP | 05-12-1998 | 08:44:28 | | 11528 | ced4daf0
File Copy: C:\Program Files\eGames\Speedy Eggbert Demo\\SOUND\SOUND028.BLP | 02-06-1998 | 13:32:18 | | 25350 | 54f2b4aa
File Copy: C:\Program Files\eGames\Speedy Eggbert Demo\\SOUND\SOUND029.BLP | 02-06-1998 | 13:34:12 | | 15768 | dcb2c5e
File Copy: C:\Program Files\eGames\Speedy Eggbert Demo\\SOUND\SOUND030.BLP | 02-06-1998 | 13:36:14 | | 21792 | afee3fac
File Copy: C:\Program Files\eGames\Speedy Eggbert Demo\\SOUND\SOUND031.BLP | 02-06-1998 | 13:35:34 | | 39518 | c51842a9
File Copy: C:\Program Files\eGames\Speedy Eggbert Demo\\SOUND\SOUND032.BLP | 10-03-1998 | 09:24:46 | | 20944 | f7010398
File Copy: C:\Program Files\eGames\Speedy Eggbert Demo\\SOUND\SOUND033.BLP | 05-13-1998 | 06:29:12 | | 126756 | fda78240
File Copy: C:\Program Files\eGames\Speedy Eggbert Demo\\SOUND\SOUND034.BLP | 05-12-1998 | 12:06:02 | | 3894 | c272d4c6
File Copy: C:\Program Files\eGames\Speedy Eggbert Demo\\SOUND\SOUND035.BLP | 05-12-1998 | 12:08:16 | | 1282 | ed4bcd98
File Copy: C:\Program Files\eGames\Speedy Eggbert Demo\\SOUND\SOUND036.BLP | 05-13-1998 | 06:40:12 | | 44180 | 2c69304d
File Copy: C:\Program Files\eGames\Speedy Eggbert Demo\\SOUND\SOUND037.BLP | 02-20-1998 | 05:40:24 | | 2984 | b9ae3781
File Copy: C:\Program Files\eGames\Speedy Eggbert Demo\\SOUND\SOUND038.BLP | 05-12-1998 | 08:45:36 | | 13104 | 5a5d9f86
File Copy: C:\Program Files\eGames\Speedy Eggbert Demo\\SOUND\SOUND039.BLP | 05-12-1998 | 08:45:54 | | 9576 | 29286a95
File Copy: C:\Program Files\eGames\Speedy Eggbert Demo\\SOUND\SOUND040.BLP | 05-12-1998 | 08:46:14 | | 10552 | ae68ea2
File Copy: C:\Program Files\eGames\Speedy Eggbert Demo\\SOUND\SOUND041.BLP | 02-23-1998 | 13:09:32 | | 11112 | caf27d12
File Copy: C:\Program Files\eGames\Speedy Eggbert Demo\\SOUND\SOUND042.BLP | 03-13-1998 | 16:24:58 | | 88326 | f7796c0
File Copy: C:\Program Files\eGames\Speedy Eggbert Demo\\SOUND\SOUND043.BLP | 03-13-1998 | 16:25:40 | | 63452 | ada5d01b
File Copy: C:\Program Files\eGames\Speedy Eggbert Demo\\SOUND\SOUND044.BLP | 03-13-1998 | 16:22:04 | | 43926 | 9a7df132
File Copy: C:\Program Files\eGames\Speedy Eggbert Demo\\SOUND\SOUND045.BLP | 03-13-1998 | 16:22:48 | | 43926 | b33138ad
File Copy: C:\Program Files\eGames\Speedy Eggbert Demo\\SOUND\SOUND046.BLP | 05-12-1998 | 08:47:20 | | 20892 | 41729bd2
File Copy: C:\Program Files\eGames\Speedy Eggbert Demo\\SOUND\SOUND047.BLP | 05-12-1998 | 08:47:38 | | 13140 | f1e4f022
File Copy: C:\Program Files\eGames\Speedy Eggbert Demo\\SOUND\SOUND048.BLP | 05-12-1998 | 08:48:00 | | 17548 | 6c52b0e1
File Copy: C:\Program Files\eGames\Speedy Eggbert Demo\\SOUND\SOUND049.BLP | 05-12-1998 | 08:55:32 | | 138570 | 149adf39
File Copy: C:\Program Files\eGames\Speedy Eggbert Demo\\SOUND\SOUND050.BLP | 05-12-1998 | 08:48:52 | | 32488 | 89de6f6c
File Copy: C:\Program Files\eGames\Speedy Eggbert Demo\\SOUND\SOUND051.BLP | 04-01-1998 | 13:03:44 | | 48542 | 4ba7cbed
File Copy: C:\Program Files\eGames\Speedy Eggbert Demo\\SOUND\SOUND052.BLP | 04-01-1998 | 13:31:30 | | 6070 | d4bc6f06
File Copy: C:\Program Files\eGames\Speedy Eggbert Demo\\SOUND\SOUND053.BLP | 05-19-1996 | 12:40:54 | | 10850 | 59ab184d
File Copy: C:\Program Files\eGames\Speedy Eggbert Demo\\SOUND\SOUND054.BLP | 05-10-1996 | 08:38:18 | | 12370 | c9b86873
File Copy: C:\Program Files\eGames\Speedy Eggbert Demo\\SOUND\SOUND055.BLP | 04-02-1998 | 20:29:18 | | 99118 | e9e63117
File Copy: C:\Program Files\eGames\Speedy Eggbert Demo\\SOUND\SOUND056.BLP | 04-02-1998 | 20:29:34 | | 99118 | c846cb64
File Copy: C:\Program Files\eGames\Speedy Eggbert Demo\\SOUND\SOUND057.BLP | 04-06-1998 | 18:20:54 | | 26724 | d9e8b620
File Copy: C:\Program Files\eGames\Speedy Eggbert Demo\\SOUND\SOUND058.BLP | 04-06-1998 | 18:18:34 | | 53408 | 91dcf64a
File Copy: C:\Program Files\eGames\Speedy Eggbert Demo\\SOUND\SOUND059.BLP | 05-13-1998 | 06:41:12 | | 65374 | 53dc30ce
File Copy: C:\Program Files\eGames\Speedy Eggbert Demo\\SOUND\SOUND060.BLP | 05-12-1998 | 08:49:14 | | 18014 | 911bc2e3
File Copy: C:\Program Files\eGames\Speedy Eggbert Demo\\SOUND\SOUND061.BLP | 05-12-1998 | 08:51:08 | | 26390 | cee20616
File Copy: C:\Program Files\eGames\Speedy Eggbert Demo\\SOUND\SOUND062.BLP | 04-06-1998 | 18:14:12 | | 81870 | 67266ac3
File Copy: C:\Program Files\eGames\Speedy Eggbert Demo\\SOUND\SOUND063.BLP | 04-06-1998 | 18:14:24 | | 81870 | 3783f5b0
File Copy: C:\Program Files\eGames\Speedy Eggbert Demo\\SOUND\SOUND064.BLP | 05-12-1998 | 17:47:28 | | 9766 | 41262f9d
File Copy: C:\Program Files\eGames\Speedy Eggbert Demo\\SOUND\SOUND065.BLP | 05-12-1998 | 08:51:36 | | 35490 | c3ec130b
Shell Link: C:\Documents and Settings\Administrator\Plocha\eGames.lnk
Link Info: C:\WINDOWS\explorer.exe | C:\PROGRA~1\eGames\SPEEDY~3 | C:\PROGRA~1\eGames\SPEEDY~3\egames.ico | 0 | 1 | 0 |  "C:\Documents and Settings\Administrator\Nabídka Start\Programy\eGames"
Made Dir: C:\Documents and Settings\Administrator\Nabídka Start\Programy\eGames\Speedy Eggbert Demo
Shell Link: C:\Documents and Settings\Administrator\Nabídka Start\Programy\eGames\Speedy Eggbert Demo\Speedy Eggbert Demo.lnk
Link Info: C:\PROGRA~1\eGames\SPEEDY~3\egames.exe | C:\PROGRA~1\eGames\SPEEDY~3 | C:\PROGRA~1\eGames\SPEEDY~3\icon.ico | 0 | 1 | 0 | 
Shell Link: C:\Documents and Settings\Administrator\Nabídka Start\Programy\eGames\Speedy Eggbert Demo\Visit eGames.com.lnk
Link Info: C:\Program Files\eGames\Speedy Eggbert Demo\EGAMES.URL | C:\PROGRA~1\eGames\SPEEDY~3 |  | 0 | 1 | 0 | 
Shell Link: C:\Documents and Settings\Administrator\Nabídka Start\Programy\eGames\Speedy Eggbert Demo\Instructions.lnk
Link Info: C:\Program Files\eGames\Speedy Eggbert Demo\EGGBERT.HLP | C:\PROGRA~1\eGames\SPEEDY~3 |  | 0 | 1 | 0 | 
INI New: Created INI
INI File: C:\Program Files\eGames\Speedy Eggbert Demo\UNWISE.INI
INI Sect: Settings
INI Item: No Background
INI Val: 0
User Rights: Admin
