***  Installation Started 07/06/2024 17:37  ***
Title:  Installation
Source: E:\setup.EXE | 12-11-2000 | 14:40:40 | 17212464
Made Dir: C:\Program Files\eGames\Speedy Eggbert
Made Dir: C:\Program Files\eGames\Speedy Eggbert\Game
File Copy: C:\Program Files\eGames\Speedy Eggbert\Game\\egames.exe | 12-06-2000 | 11:14:08 | 0.4.0.0 | 534528 | 313fd005
File Copy: C:\Program Files\eGames\Speedy Eggbert\Game\\egames.ico | 11-24-1999 | 14:11:56 | | 5694 | 3b09c111
File Copy: C:\Program Files\eGames\Speedy Eggbert\Game\\egames.url | 03-02-1999 | 04:35:52 | | 77 | f269c92d
File Copy: C:\Program Files\eGames\Speedy Eggbert\Game\\icon.ico | 11-24-1999 | 14:11:56 | | 5694 | 3b09c111
Made Dir: C:\Program Files\eGames\Speedy Eggbert\Game\\DATA
File Copy: C:\Program Files\eGames\Speedy Eggbert\Game\\DATA\CONFIG.DEF | 06-24-1999 | 14:25:30 | | 66 | 70a7cde3
File Copy: C:\Program Files\eGames\Speedy Eggbert\Game\\DATA\DEMO200.BLP | 05-08-1998 | 14:00:54 | | 1356 | 679351a0
File Copy: C:\Program Files\eGames\Speedy Eggbert\Game\\DATA\DEMO201.BLP | 05-12-1998 | 15:27:10 | | 2348 | 8474a038
File Copy: C:\Program Files\eGames\Speedy Eggbert\Game\\DATA\DEMO202.BLP | 05-12-1998 | 15:25:08 | | 3372 | c8aa4e38
File Copy: C:\Program Files\eGames\Speedy Eggbert\Game\\DATA\DEMO203.BLP | 05-08-1998 | 13:42:10 | | 2684 | abc4c86
File Copy: C:\Program Files\eGames\Speedy Eggbert\Game\\DATA\DEMO204.BLP | 05-08-1998 | 13:43:02 | | 1872 | bb5be61a
File Copy: C:\Program Files\eGames\Speedy Eggbert\Game\\DATA\DEMO205.BLP | 05-12-1998 | 15:28:20 | | 1172 | a4652283
File Copy: C:\Program Files\eGames\Speedy Eggbert\Game\\DATA\DEMO206.BLP | 10-14-1998 | 06:38:40 | | 1808 | 770bbf35
File Copy: C:\Program Files\eGames\Speedy Eggbert\Game\\DATA\INFO001.BLP | 08-17-1999 | 08:09:54 | | 528 | 6bc89115
File Copy: C:\Program Files\eGames\Speedy Eggbert\Game\\DATA\INFO002.BLP | 07-29-1999 | 06:09:22 | | 528 | 6efb8086
File Copy: C:\Program Files\eGames\Speedy Eggbert\Game\\DATA\TIME.BLP | 08-17-1999 | 08:09:00 | | 16 | 73dfcfe5
File Copy: C:\Program Files\eGames\Speedy Eggbert\Game\\DATA\WORLD001.BLP | 04-16-1998 | 20:14:04 | | 50468 | 64bf7689
File Copy: C:\Program Files\eGames\Speedy Eggbert\Game\\DATA\WORLD010.BLP | 04-08-1998 | 10:58:36 | | 50468 | 81b7960f
File Copy: C:\Program Files\eGames\Speedy Eggbert\Game\\DATA\WORLD020.BLP | 04-08-1998 | 10:58:56 | | 50468 | 4b1a6cd3
File Copy: C:\Program Files\eGames\Speedy Eggbert\Game\\DATA\WORLD021.BLP | 04-19-1998 | 19:45:44 | | 50468 | 91a97310
File Copy: C:\Program Files\eGames\Speedy Eggbert\Game\\DATA\WORLD022.BLP | 04-19-1998 | 19:33:50 | | 50468 | 630dbc19
File Copy: C:\Program Files\eGames\Speedy Eggbert\Game\\DATA\WORLD023.BLP | 04-08-1998 | 11:01:10 | | 50468 | 3fd7d117
File Copy: C:\Program Files\eGames\Speedy Eggbert\Game\\DATA\WORLD024.BLP | 05-17-1998 | 06:40:46 | | 50468 | 39a95d74
File Copy: C:\Program Files\eGames\Speedy Eggbert\Game\\DATA\WORLD025.BLP | 05-17-1998 | 06:39:58 | | 50468 | cf9f7b09
File Copy: C:\Program Files\eGames\Speedy Eggbert\Game\\DATA\WORLD030.BLP | 04-08-1998 | 11:02:24 | | 50468 | 28b801c2
File Copy: C:\Program Files\eGames\Speedy Eggbert\Game\\DATA\WORLD031.BLP | 04-08-1998 | 11:02:42 | | 50468 | e29087e8
File Copy: C:\Program Files\eGames\Speedy Eggbert\Game\\DATA\WORLD032.BLP | 04-19-1998 | 19:20:16 | | 50468 | 88164bd
File Copy: C:\Program Files\eGames\Speedy Eggbert\Game\\DATA\WORLD033.BLP | 04-19-1998 | 19:20:10 | | 50468 | 22417479
File Copy: C:\Program Files\eGames\Speedy Eggbert\Game\\DATA\WORLD034.BLP | 05-16-1998 | 06:47:30 | | 50468 | 7d5d86ce
File Copy: C:\Program Files\eGames\Speedy Eggbert\Game\\DATA\WORLD040.BLP | 04-19-1998 | 19:55:50 | | 50468 | a91a10a8
File Copy: C:\Program Files\eGames\Speedy Eggbert\Game\\DATA\WORLD041.BLP | 04-19-1998 | 19:55:46 | | 50468 | f32e52f3
File Copy: C:\Program Files\eGames\Speedy Eggbert\Game\\DATA\WORLD042.BLP | 04-08-1998 | 11:04:48 | | 50468 | 859bf9bf
File Copy: C:\Program Files\eGames\Speedy Eggbert\Game\\DATA\WORLD043.BLP | 06-19-1998 | 12:24:26 | | 50468 | a52070e4
File Copy: C:\Program Files\eGames\Speedy Eggbert\Game\\DATA\WORLD044.BLP | 04-08-1998 | 11:05:12 | | 50468 | 6769801a
File Copy: C:\Program Files\eGames\Speedy Eggbert\Game\\DATA\WORLD045.BLP | 05-16-1998 | 12:40:10 | | 50468 | f1dd861d
File Copy: C:\Program Files\eGames\Speedy Eggbert\Game\\DATA\WORLD050.BLP | 05-17-1998 | 08:09:16 | | 50468 | e2b3b572
File Copy: C:\Program Files\eGames\Speedy Eggbert\Game\\DATA\WORLD051.BLP | 04-15-1998 | 12:51:38 | | 50468 | 5df3d255
File Copy: C:\Program Files\eGames\Speedy Eggbert\Game\\DATA\WORLD052.BLP | 04-08-1998 | 11:06:12 | | 50468 | 9eae1440
File Copy: C:\Program Files\eGames\Speedy Eggbert\Game\\DATA\WORLD053.BLP | 04-13-1998 | 14:08:56 | | 50468 | c950489a
File Copy: C:\Program Files\eGames\Speedy Eggbert\Game\\DATA\WORLD054.BLP | 04-08-1998 | 11:07:10 | | 50468 | b51f8431
File Copy: C:\Program Files\eGames\Speedy Eggbert\Game\\DATA\WORLD055.BLP | 04-08-1998 | 11:07:26 | | 50468 | 57ced2c1
File Copy: C:\Program Files\eGames\Speedy Eggbert\Game\\DATA\WORLD056.BLP | 04-08-1998 | 11:07:46 | | 50468 | b0aa901c
File Copy: C:\Program Files\eGames\Speedy Eggbert\Game\\DATA\WORLD057.BLP | 05-16-1998 | 12:22:20 | | 50468 | 1c418e9
File Copy: C:\Program Files\eGames\Speedy Eggbert\Game\\DATA\WORLD058.BLP | 05-16-1998 | 12:28:36 | | 50468 | 5c96a25e
File Copy: C:\Program Files\eGames\Speedy Eggbert\Game\\DATA\WORLD060.BLP | 04-08-1998 | 11:11:06 | | 50468 | 7ab59e72
File Copy: C:\Program Files\eGames\Speedy Eggbert\Game\\DATA\WORLD061.BLP | 04-08-1998 | 11:11:32 | | 50468 | b0ac4278
File Copy: C:\Program Files\eGames\Speedy Eggbert\Game\\DATA\WORLD062.BLP | 04-08-1998 | 11:12:32 | | 50468 | dbae906e
File Copy: C:\Program Files\eGames\Speedy Eggbert\Game\\DATA\WORLD063.BLP | 05-17-1998 | 06:54:26 | | 50468 | 4868b0ef
File Copy: C:\Program Files\eGames\Speedy Eggbert\Game\\DATA\WORLD064.BLP | 04-08-1998 | 11:13:14 | | 50468 | 865dcbaf
File Copy: C:\Program Files\eGames\Speedy Eggbert\Game\\DATA\WORLD065.BLP | 05-23-1998 | 08:19:30 | | 50468 | 94cd6b36
File Copy: C:\Program Files\eGames\Speedy Eggbert\Game\\DATA\WORLD066.BLP | 05-16-1998 | 12:39:28 | | 50468 | 1d2f3693
File Copy: C:\Program Files\eGames\Speedy Eggbert\Game\\DATA\WORLD070.BLP | 05-23-1998 | 05:47:46 | | 50468 | 37dbca28
File Copy: C:\Program Files\eGames\Speedy Eggbert\Game\\DATA\WORLD071.BLP | 05-23-1998 | 05:50:20 | | 50468 | c2efebec
File Copy: C:\Program Files\eGames\Speedy Eggbert\Game\\DATA\WORLD072.BLP | 04-16-1998 | 20:23:52 | | 50468 | 73e182b8
File Copy: C:\Program Files\eGames\Speedy Eggbert\Game\\DATA\WORLD073.BLP | 04-16-1998 | 20:30:10 | | 50468 | b7a3efd5
File Copy: C:\Program Files\eGames\Speedy Eggbert\Game\\DATA\WORLD074.BLP | 05-23-1998 | 05:47:38 | | 50468 | 305840df
File Copy: C:\Program Files\eGames\Speedy Eggbert\Game\\DATA\WORLD075.BLP | 05-16-1998 | 09:23:26 | | 50468 | d336d4c7
File Copy: C:\Program Files\eGames\Speedy Eggbert\Game\\DATA\WORLD099.BLP | 05-24-1998 | 18:59:48 | | 50468 | 609f4a4c
File Copy: C:\Program Files\eGames\Speedy Eggbert\Game\\DATA\WORLD101.BLP | 05-19-1998 | 05:12:00 | | 50468 | e5a0ff86
File Copy: C:\Program Files\eGames\Speedy Eggbert\Game\\DATA\WORLD102.BLP | 05-19-1998 | 05:12:22 | | 50468 | 9ba582b8
File Copy: C:\Program Files\eGames\Speedy Eggbert\Game\\DATA\WORLD103.BLP | 05-17-1998 | 19:41:06 | | 50468 | 1c570a9d
File Copy: C:\Program Files\eGames\Speedy Eggbert\Game\\DATA\WORLD104.BLP | 05-18-1998 | 17:46:34 | | 50468 | 1e60af9f
File Copy: C:\Program Files\eGames\Speedy Eggbert\Game\\DATA\WORLD105.BLP | 05-18-1998 | 17:46:28 | | 50468 | d256dd71
File Copy: C:\Program Files\eGames\Speedy Eggbert\Game\\DATA\WORLD106.BLP | 05-18-1998 | 17:44:52 | | 50468 | 26853909
File Copy: C:\Program Files\eGames\Speedy Eggbert\Game\\DATA\WORLD107.BLP | 05-18-1998 | 17:44:12 | | 50468 | ed62c735
File Copy: C:\Program Files\eGames\Speedy Eggbert\Game\\DATA\WORLD108.BLP | 05-18-1998 | 17:40:20 | | 50468 | 9beb119a
File Copy: C:\Program Files\eGames\Speedy Eggbert\Game\\DATA\WORLD109.BLP | 05-18-1998 | 17:34:38 | | 50468 | 8649cb62
File Copy: C:\Program Files\eGames\Speedy Eggbert\Game\\DATA\WORLD110.BLP | 05-18-1998 | 17:28:24 | | 50468 | 7adc0e85
File Copy: C:\Program Files\eGames\Speedy Eggbert\Game\\DATA\WORLD200.BLP | 05-08-1998 | 13:59:26 | | 50468 | 328ccf63
File Copy: C:\Program Files\eGames\Speedy Eggbert\Game\\DATA\WORLD201.BLP | 04-16-1998 | 06:57:06 | | 50468 | fa2af4b0
File Copy: C:\Program Files\eGames\Speedy Eggbert\Game\\DATA\WORLD202.BLP | 04-16-1998 | 07:40:40 | | 50468 | 41e75acc
File Copy: C:\Program Files\eGames\Speedy Eggbert\Game\\DATA\WORLD203.BLP | 04-16-1998 | 07:48:38 | | 50468 | d1b6a464
File Copy: C:\Program Files\eGames\Speedy Eggbert\Game\\DATA\WORLD204.BLP | 04-16-1998 | 07:56:52 | | 50468 | bc87231c
File Copy: C:\Program Files\eGames\Speedy Eggbert\Game\\DATA\WORLD205.BLP | 05-08-1998 | 13:46:32 | | 50468 | fe69d733
File Copy: C:\Program Files\eGames\Speedy Eggbert\Game\\DATA\WORLD206.BLP | 05-08-1998 | 13:47:26 | | 50468 | 36ac7131
Made Dir: C:\Program Files\eGames\Speedy Eggbert\Game\\IMAGE08
File Copy: C:\Program Files\eGames\Speedy Eggbert\Game\\IMAGE08\BLUPI000.BLP | 05-13-1998 | 08:29:18 | | 604758 | 5e53f03c
File Copy: C:\Program Files\eGames\Speedy Eggbert\Game\\IMAGE08\BLUPI001.BLP | 05-13-1998 | 08:30:58 | | 604758 | 9264104c
File Copy: C:\Program Files\eGames\Speedy Eggbert\Game\\IMAGE08\BLUPI002.BLP | 06-21-1998 | 08:50:20 | | 604758 | 6d8d8cb9
File Copy: C:\Program Files\eGames\Speedy Eggbert\Game\\IMAGE08\BLUPI003.BLP | 06-21-1998 | 08:50:22 | | 604758 | d015e60a
File Copy: C:\Program Files\eGames\Speedy Eggbert\Game\\IMAGE08\BUTTON00.BLP | 06-09-1998 | 08:05:52 | | 202678 | 186d9472
File Copy: C:\Program Files\eGames\Speedy Eggbert\Game\\IMAGE08\CLEAR.BLP | 02-28-1998 | 12:15:22 | | 308278 | 12ab517f
File Copy: C:\Program Files\eGames\Speedy Eggbert\Game\\IMAGE08\CREATE.BLP | 03-31-1998 | 07:57:24 | | 308278 | 9d432cf4
File Copy: C:\Program Files\eGames\Speedy Eggbert\Game\\IMAGE08\DECOR000.BLP | 03-10-1998 | 15:30:54 | | 308278 | 1e829325
File Copy: C:\Program Files\eGames\Speedy Eggbert\Game\\IMAGE08\DECOR001.BLP | 02-17-1998 | 11:55:44 | | 308278 | 75adc8a5
File Copy: C:\Program Files\eGames\Speedy Eggbert\Game\\IMAGE08\DECOR002.BLP | 02-17-1998 | 07:26:44 | | 308278 | 6650f6be
File Copy: C:\Program Files\eGames\Speedy Eggbert\Game\\IMAGE08\DECOR003.BLP | 02-17-1998 | 07:25:42 | | 308278 | 26ff6a45
File Copy: C:\Program Files\eGames\Speedy Eggbert\Game\\IMAGE08\DECOR004.BLP | 01-27-1998 | 12:12:16 | | 308278 | 70db7896
File Copy: C:\Program Files\eGames\Speedy Eggbert\Game\\IMAGE08\DECOR005.BLP | 01-27-1998 | 12:13:16 | | 308278 | 6675cfe9
File Copy: C:\Program Files\eGames\Speedy Eggbert\Game\\IMAGE08\DECOR006.BLP | 01-30-1998 | 05:43:50 | | 308278 | 1392ec71
File Copy: C:\Program Files\eGames\Speedy Eggbert\Game\\IMAGE08\DECOR007.BLP | 01-29-1998 | 17:08:34 | | 308278 | ef283c40
File Copy: C:\Program Files\eGames\Speedy Eggbert\Game\\IMAGE08\DECOR008.BLP | 01-30-1998 | 20:13:02 | | 308278 | 7d21d353
File Copy: C:\Program Files\eGames\Speedy Eggbert\Game\\IMAGE08\DECOR009.BLP | 02-14-1998 | 09:39:14 | | 308278 | c1f672a9
File Copy: C:\Program Files\eGames\Speedy Eggbert\Game\\IMAGE08\DECOR010.BLP | 02-17-1998 | 12:15:30 | | 308278 | 420ed97d
File Copy: C:\Program Files\eGames\Speedy Eggbert\Game\\IMAGE08\DECOR011.BLP | 02-17-1998 | 11:26:18 | | 308278 | 758ce73b
File Copy: C:\Program Files\eGames\Speedy Eggbert\Game\\IMAGE08\DECOR012.BLP | 03-19-1998 | 20:19:08 | | 308278 | 820314cc
File Copy: C:\Program Files\eGames\Speedy Eggbert\Game\\IMAGE08\DECOR013.BLP | 03-10-1998 | 15:13:28 | | 308278 | 7c299deb
File Copy: C:\Program Files\eGames\Speedy Eggbert\Game\\IMAGE08\DECOR014.BLP | 03-10-1998 | 15:13:52 | | 308278 | dda544f
File Copy: C:\Program Files\eGames\Speedy Eggbert\Game\\IMAGE08\DECOR015.BLP | 03-10-1998 | 09:13:58 | | 308278 | 122e7f19
File Copy: C:\Program Files\eGames\Speedy Eggbert\Game\\IMAGE08\DECOR016.BLP | 03-17-1998 | 20:38:40 | | 308278 | 6cbed19d
File Copy: C:\Program Files\eGames\Speedy Eggbert\Game\\IMAGE08\DECOR017.BLP | 03-17-1998 | 20:39:04 | | 308278 | 7632c2fc
File Copy: C:\Program Files\eGames\Speedy Eggbert\Game\\IMAGE08\DECOR018.BLP | 03-17-1998 | 20:39:30 | | 308278 | ffef3955
File Copy: C:\Program Files\eGames\Speedy Eggbert\Game\\IMAGE08\DECOR019.BLP | 03-17-1998 | 20:39:54 | | 308278 | 2a117e65
File Copy: C:\Program Files\eGames\Speedy Eggbert\Game\\IMAGE08\DECOR020.BLP | 03-18-1998 | 08:11:12 | | 308278 | 31f78590
File Copy: C:\Program Files\eGames\Speedy Eggbert\Game\\IMAGE08\DECOR021.BLP | 03-17-1998 | 20:40:52 | | 308278 | 7e3b9cce
File Copy: C:\Program Files\eGames\Speedy Eggbert\Game\\IMAGE08\DECOR022.BLP | 03-18-1998 | 16:49:56 | | 308278 | 32602703
File Copy: C:\Program Files\eGames\Speedy Eggbert\Game\\IMAGE08\DECOR023.BLP | 03-17-1998 | 20:41:42 | | 308278 | 3d6e36d8
File Copy: C:\Program Files\eGames\Speedy Eggbert\Game\\IMAGE08\ELEMENT.BLP | 05-17-1998 | 14:59:54 | | 360406 | bf07c3b3
File Copy: C:\Program Files\eGames\Speedy Eggbert\Game\\IMAGE08\EXPLO.BLP | 05-10-1998 | 20:52:18 | | 681590 | ce345ae7
File Copy: C:\Program Files\eGames\Speedy Eggbert\Game\\IMAGE08\GAMER.BLP | 04-21-1998 | 06:01:02 | | 308278 | a3c37500
File Copy: C:\Program Files\eGames\Speedy Eggbert\Game\\IMAGE08\GREAD.BLP | 06-21-1998 | 18:57:28 | | 308278 | 213737be
File Copy: C:\Program Files\eGames\Speedy Eggbert\Game\\IMAGE08\GWRITE.BLP | 06-21-1998 | 18:59:22 | | 308278 | bbd591c8
File Copy: C:\Program Files\eGames\Speedy Eggbert\Game\\IMAGE08\HELP.BLP | 04-20-1998 | 10:49:10 | | 308278 | 93b7d4a7
File Copy: C:\Program Files\eGames\Speedy Eggbert\Game\\IMAGE08\INFO.BLP | 04-21-1998 | 05:41:16 | | 308278 | 5d157d13
File Copy: C:\Program Files\eGames\Speedy Eggbert\Game\\IMAGE08\INIT.BLP | 06-23-1999 | 15:19:30 | | 308278 | 9f6afb3
File Copy: C:\Program Files\eGames\Speedy Eggbert\Game\\IMAGE08\JAUGE.BLP | 07-10-1997 | 20:45:14 | | 11990 | 92452d74
File Copy: C:\Program Files\eGames\Speedy Eggbert\Game\\IMAGE08\LITTLE.BLP | 12-15-1997 | 19:45:42 | | 25654 | 175b27a3
File Copy: C:\Program Files\eGames\Speedy Eggbert\Game\\IMAGE08\LOST.BLP | 02-28-1998 | 14:59:04 | | 308278 | 27c7231d
File Copy: C:\Program Files\eGames\Speedy Eggbert\Game\\IMAGE08\MAP.BLP | 04-21-1998 | 05:34:56 | | 34358 | 29b9600
File Copy: C:\Program Files\eGames\Speedy Eggbert\Game\\IMAGE08\MOVIE.BLP | 06-27-1997 | 06:50:40 | | 308278 | a4d33db5
File Copy: C:\Program Files\eGames\Speedy Eggbert\Game\\IMAGE08\MULTI.BLP | 04-21-1998 | 05:41:48 | | 308278 | df286116
File Copy: C:\Program Files\eGames\Speedy Eggbert\Game\\IMAGE08\MUSIC.BLP | 03-01-1998 | 07:40:04 | | 308278 | 3d47b1ce
File Copy: C:\Program Files\eGames\Speedy Eggbert\Game\\IMAGE08\NAME.BLP | 02-28-1998 | 12:15:48 | | 308278 | 2ead4eb4
File Copy: C:\Program Files\eGames\Speedy Eggbert\Game\\IMAGE08\OBJECT.BLP | 05-17-1998 | 19:06:42 | | 885430 | d764b5c6
File Copy: C:\Program Files\eGames\Speedy Eggbert\Game\\IMAGE08\READ.BLP | 03-04-1998 | 12:41:04 | | 308278 | 5011bfd3
File Copy: C:\Program Files\eGames\Speedy Eggbert\Game\\IMAGE08\REGION.BLP | 06-21-1998 | 08:50:40 | | 308278 | d4e42137
File Copy: C:\Program Files\eGames\Speedy Eggbert\Game\\IMAGE08\SERVICE.BLP | 03-31-1998 | 11:21:28 | | 308278 | e3f7bd3a
File Copy: C:\Program Files\eGames\Speedy Eggbert\Game\\IMAGE08\SESSION.BLP | 03-31-1998 | 07:58:28 | | 308278 | ab980a71
File Copy: C:\Program Files\eGames\Speedy Eggbert\Game\\IMAGE08\SETUP.BLP | 03-02-1998 | 13:54:22 | | 308278 | 8d346ae3
File Copy: C:\Program Files\eGames\Speedy Eggbert\Game\\IMAGE08\STOP.BLP | 06-21-1998 | 18:58:50 | | 308278 | df99c7bd
File Copy: C:\Program Files\eGames\Speedy Eggbert\Game\\IMAGE08\TEMP.BLP | 04-05-1998 | 16:53:06 | | 5174 | 757e7074
File Copy: C:\Program Files\eGames\Speedy Eggbert\Game\\IMAGE08\TEXT.BLP | 07-19-1999 | 19:29:00 | | 99382 | 6c321267
File Copy: C:\Program Files\eGames\Speedy Eggbert\Game\\IMAGE08\WIN.BLP | 06-21-1998 | 08:50:44 | | 308278 | 834b39d6
File Copy: C:\Program Files\eGames\Speedy Eggbert\Game\\IMAGE08\WRITE.BLP | 03-04-1998 | 12:40:40 | | 308278 | d93e6655
Made Dir: C:\Program Files\eGames\Speedy Eggbert\Game\\IMAGE16
File Copy: C:\Program Files\eGames\Speedy Eggbert\Game\\IMAGE16\CLEAR.BLP | 06-21-1998 | 19:03:20 | | 921654 | 4f0aa428
File Copy: C:\Program Files\eGames\Speedy Eggbert\Game\\IMAGE16\CREATE.BLP | 06-21-1998 | 19:03:26 | | 921654 | efea52ab
File Copy: C:\Program Files\eGames\Speedy Eggbert\Game\\IMAGE16\DECOR000.BLP | 06-21-1998 | 19:03:48 | | 921654 | 8ff5ff32
File Copy: C:\Program Files\eGames\Speedy Eggbert\Game\\IMAGE16\DECOR001.BLP | 06-21-1998 | 19:03:46 | | 921654 | 1e71860c
File Copy: C:\Program Files\eGames\Speedy Eggbert\Game\\IMAGE16\DECOR002.BLP | 06-21-1998 | 19:03:44 | | 921654 | 53ffe917
File Copy: C:\Program Files\eGames\Speedy Eggbert\Game\\IMAGE16\DECOR003.BLP | 06-21-1998 | 19:03:42 | | 921654 | b7abb148
File Copy: C:\Program Files\eGames\Speedy Eggbert\Game\\IMAGE16\DECOR004.BLP | 06-21-1998 | 08:51:18 | | 921654 | 998ac500
File Copy: C:\Program Files\eGames\Speedy Eggbert\Game\\IMAGE16\DECOR005.BLP | 06-21-1998 | 08:51:14 | | 308278 | 2e6004c0
File Copy: C:\Program Files\eGames\Speedy Eggbert\Game\\IMAGE16\DECOR006.BLP | 06-21-1998 | 19:03:44 | | 921654 | 1e774a8a
File Copy: C:\Program Files\eGames\Speedy Eggbert\Game\\IMAGE16\DECOR008.BLP | 06-21-1998 | 19:03:50 | | 921654 | b2699b98
File Copy: C:\Program Files\eGames\Speedy Eggbert\Game\\IMAGE16\DECOR010.BLP | 06-21-1998 | 19:03:40 | | 921654 | 56813ffc
File Copy: C:\Program Files\eGames\Speedy Eggbert\Game\\IMAGE16\DECOR011.BLP | 06-21-1998 | 19:03:36 | | 921654 | 81581e5c
File Copy: C:\Program Files\eGames\Speedy Eggbert\Game\\IMAGE16\DECOR012.BLP | 06-21-1998 | 19:04:00 | | 921654 | 61e89ee0
File Copy: C:\Program Files\eGames\Speedy Eggbert\Game\\IMAGE16\DECOR013.BLP | 06-21-1998 | 19:03:40 | | 921654 | 7cd80c5a
File Copy: C:\Program Files\eGames\Speedy Eggbert\Game\\IMAGE16\DECOR014.BLP | 06-21-1998 | 19:03:40 | | 921654 | 250c089f
File Copy: C:\Program Files\eGames\Speedy Eggbert\Game\\IMAGE16\DECOR015.BLP | 06-21-1998 | 19:03:46 | | 308278 | 6d86cc29
File Copy: C:\Program Files\eGames\Speedy Eggbert\Game\\IMAGE16\DECOR016.BLP | 06-21-1998 | 19:03:56 | | 921654 | b28d3f83
File Copy: C:\Program Files\eGames\Speedy Eggbert\Game\\IMAGE16\DECOR017.BLP | 06-21-1998 | 19:03:56 | | 921654 | 1d21a3b5
File Copy: C:\Program Files\eGames\Speedy Eggbert\Game\\IMAGE16\DECOR018.BLP | 06-21-1998 | 19:03:50 | | 921654 | 2b0449e1
File Copy: C:\Program Files\eGames\Speedy Eggbert\Game\\IMAGE16\DECOR019.BLP | 06-21-1998 | 19:03:56 | | 921654 | b85132b1
File Copy: C:\Program Files\eGames\Speedy Eggbert\Game\\IMAGE16\DECOR020.BLP | 06-21-1998 | 19:03:52 | | 921654 | 15e9949e
File Copy: C:\Program Files\eGames\Speedy Eggbert\Game\\IMAGE16\DECOR021.BLP | 06-21-1998 | 19:03:52 | | 921654 | f6be3132
File Copy: C:\Program Files\eGames\Speedy Eggbert\Game\\IMAGE16\DECOR022.BLP | 06-21-1998 | 19:03:58 | | 921654 | 6ca1eca6
File Copy: C:\Program Files\eGames\Speedy Eggbert\Game\\IMAGE16\DECOR023.BLP | 06-21-1998 | 19:03:54 | | 921654 | d440cad4
File Copy: C:\Program Files\eGames\Speedy Eggbert\Game\\IMAGE16\GAMER.BLP | 06-21-1998 | 19:03:22 | | 921654 | 62da12e
File Copy: C:\Program Files\eGames\Speedy Eggbert\Game\\IMAGE16\GREAD.BLP | 06-21-1998 | 19:00:22 | | 921654 | 45e9e35a
File Copy: C:\Program Files\eGames\Speedy Eggbert\Game\\IMAGE16\GWRITE.BLP | 06-21-1998 | 19:00:34 | | 921654 | b2997b7a
File Copy: C:\Program Files\eGames\Speedy Eggbert\Game\\IMAGE16\HELP.BLP | 06-21-1998 | 19:03:22 | | 921654 | fd11fd9e
File Copy: C:\Program Files\eGames\Speedy Eggbert\Game\\IMAGE16\INFO.BLP | 06-21-1998 | 19:03:32 | | 921654 | 50074faa
File Copy: C:\Program Files\eGames\Speedy Eggbert\Game\\IMAGE16\INIT.BLP | 06-23-1999 | 15:18:02 | | 921654 | cfe438e3
File Copy: C:\Program Files\eGames\Speedy Eggbert\Game\\IMAGE16\LOST.BLP | 06-21-1998 | 19:03:24 | | 921654 | e5cfb8d5
File Copy: C:\Program Files\eGames\Speedy Eggbert\Game\\IMAGE16\MULTI.BLP | 06-21-1998 | 19:03:24 | | 921654 | 49885a38
File Copy: C:\Program Files\eGames\Speedy Eggbert\Game\\IMAGE16\MUSIC.BLP | 06-21-1998 | 19:03:30 | | 921654 | e4d262a9
File Copy: C:\Program Files\eGames\Speedy Eggbert\Game\\IMAGE16\NAME.BLP | 06-21-1998 | 19:03:30 | | 921654 | fe95c99b
File Copy: C:\Program Files\eGames\Speedy Eggbert\Game\\IMAGE16\READ.BLP | 06-21-1998 | 19:03:32 | | 921654 | 159b54cb
File Copy: C:\Program Files\eGames\Speedy Eggbert\Game\\IMAGE16\REGION.BLP | 06-21-1998 | 08:51:16 | | 921654 | 6b5d85e7
File Copy: C:\Program Files\eGames\Speedy Eggbert\Game\\IMAGE16\SERVICE.BLP | 06-21-1998 | 19:03:28 | | 921654 | a66fd600
File Copy: C:\Program Files\eGames\Speedy Eggbert\Game\\IMAGE16\SESSION.BLP | 06-21-1998 | 19:03:28 | | 921654 | 299c8f7a
File Copy: C:\Program Files\eGames\Speedy Eggbert\Game\\IMAGE16\SETUP.BLP | 06-21-1998 | 19:03:32 | | 921654 | 5ba0d6bd
File Copy: C:\Program Files\eGames\Speedy Eggbert\Game\\IMAGE16\STOP.BLP | 06-21-1998 | 19:00:46 | | 921654 | fcb8e977
File Copy: C:\Program Files\eGames\Speedy Eggbert\Game\\IMAGE16\WIN.BLP | 06-21-1998 | 08:51:12 | | 921654 | cacc7477
File Copy: C:\Program Files\eGames\Speedy Eggbert\Game\\IMAGE16\WRITE.BLP | 06-21-1998 | 19:03:34 | | 921654 | 7b455028
Made Dir: C:\Program Files\eGames\Speedy Eggbert\Game\\images
File Copy: C:\Program Files\eGames\Speedy Eggbert\Game\\images\choose.gif | 07-20-2000 | 14:33:28 | | 1358 | 6aee6c06
File Copy: C:\Program Files\eGames\Speedy Eggbert\Game\\images\demo.gif | 07-20-2000 | 14:33:28 | | 1590 | ec4162ac
File Copy: C:\Program Files\eGames\Speedy Eggbert\Game\\images\design.gif | 07-20-2000 | 14:33:28 | | 1606 | e98fa29c
File Copy: C:\Program Files\eGames\Speedy Eggbert\Game\\images\dice.gif | 07-20-2000 | 14:33:28 | | 1535 | b2e3d072
File Copy: C:\Program Files\eGames\Speedy Eggbert\Game\\images\eggy.gif | 07-20-2000 | 14:33:28 | | 10819 | c7894464
File Copy: C:\Program Files\eGames\Speedy Eggbert\Game\\images\finish.gif | 07-20-2000 | 14:33:28 | | 1554 | 79fedf43
File Copy: C:\Program Files\eGames\Speedy Eggbert\Game\\images\globe.gif | 07-20-2000 | 14:33:28 | | 1750 | d63f4c33
File Copy: C:\Program Files\eGames\Speedy Eggbert\Game\\images\quit.gif | 07-20-2000 | 14:33:28 | | 1476 | 118c23d4
File Copy: C:\Program Files\eGames\Speedy Eggbert\Game\\images\settings.gif | 07-20-2000 | 14:33:28 | | 1606 | 3bd4b040
Made Dir: C:\Program Files\eGames\Speedy Eggbert\Game\\SOUND
File Copy: C:\Program Files\eGames\Speedy Eggbert\Game\\SOUND\MUSIC000.BLP | 01-26-1996 | 16:23:12 | | 43037 | 5abcc9b9
File Copy: C:\Program Files\eGames\Speedy Eggbert\Game\\SOUND\MUSIC001.BLP | 01-26-1996 | 16:43:32 | | 26359 | e790505a
File Copy: C:\Program Files\eGames\Speedy Eggbert\Game\\SOUND\MUSIC002.BLP | 01-26-1996 | 16:27:16 | | 30299 | 6df6a6ad
File Copy: C:\Program Files\eGames\Speedy Eggbert\Game\\SOUND\MUSIC003.BLP | 01-26-1996 | 16:17:38 | | 51786 | c9e96702
File Copy: C:\Program Files\eGames\Speedy Eggbert\Game\\SOUND\MUSIC004.BLP | 01-26-1996 | 16:49:06 | | 58074 | eeed19de
File Copy: C:\Program Files\eGames\Speedy Eggbert\Game\\SOUND\MUSIC005.BLP | 01-26-1996 | 16:47:22 | | 37807 | 47985028
File Copy: C:\Program Files\eGames\Speedy Eggbert\Game\\SOUND\MUSIC006.BLP | 01-26-1996 | 16:46:58 | | 19828 | c35f3a3a
File Copy: C:\Program Files\eGames\Speedy Eggbert\Game\\SOUND\MUSIC007.BLP | 01-26-1996 | 16:45:08 | | 36549 | 7b7428f3
File Copy: C:\Program Files\eGames\Speedy Eggbert\Game\\SOUND\MUSIC008.BLP | 01-26-1996 | 16:44:30 | | 42791 | 46398e8d
File Copy: C:\Program Files\eGames\Speedy Eggbert\Game\\SOUND\MUSIC009.BLP | 01-26-1996 | 16:19:50 | | 24582 | 87e58258
File Copy: C:\Program Files\eGames\Speedy Eggbert\Game\\SOUND\SOUND000.BLP | 09-19-1991 | 15:19:50 | | 1568 | 6f536ae7
File Copy: C:\Program Files\eGames\Speedy Eggbert\Game\\SOUND\SOUND001.BLP | 05-12-1998 | 11:01:52 | | 2014 | 2c3e975b
File Copy: C:\Program Files\eGames\Speedy Eggbert\Game\\SOUND\SOUND002.BLP | 05-12-1998 | 12:29:08 | | 1384 | 565877e2
File Copy: C:\Program Files\eGames\Speedy Eggbert\Game\\SOUND\SOUND003.BLP | 05-12-1998 | 13:27:06 | | 7322 | 68254813
File Copy: C:\Program Files\eGames\Speedy Eggbert\Game\\SOUND\SOUND004.BLP | 05-12-1998 | 12:22:58 | | 2344 | 70c59b2c
File Copy: C:\Program Files\eGames\Speedy Eggbert\Game\\SOUND\SOUND005.BLP | 05-12-1998 | 11:19:08 | | 1918 | 4516f9fe
File Copy: C:\Program Files\eGames\Speedy Eggbert\Game\\SOUND\SOUND006.BLP | 05-12-1998 | 08:53:54 | | 8620 | cf21aed5
File Copy: C:\Program Files\eGames\Speedy Eggbert\Game\\SOUND\SOUND007.BLP | 01-29-1998 | 19:40:24 | | 18264 | 3bf92404
File Copy: C:\Program Files\eGames\Speedy Eggbert\Game\\SOUND\SOUND008.BLP | 05-12-1998 | 13:00:42 | | 66356 | 738a10ba
File Copy: C:\Program Files\eGames\Speedy Eggbert\Game\\SOUND\SOUND009.BLP | 05-12-1998 | 13:49:54 | | 71228 | d0d4cf8b
File Copy: C:\Program Files\eGames\Speedy Eggbert\Game\\SOUND\SOUND010.BLP | 05-12-1998 | 20:24:08 | | 104294 | 91d5ea81
File Copy: C:\Program Files\eGames\Speedy Eggbert\Game\\SOUND\SOUND011.BLP | 05-12-1998 | 14:02:28 | | 27688 | 763ec967
File Copy: C:\Program Files\eGames\Speedy Eggbert\Game\\SOUND\SOUND012.BLP | 05-12-1998 | 13:10:54 | | 21144 | e02ca94f
File Copy: C:\Program Files\eGames\Speedy Eggbert\Game\\SOUND\SOUND013.BLP | 05-12-1998 | 13:39:14 | | 64280 | 230da122
File Copy: C:\Program Files\eGames\Speedy Eggbert\Game\\SOUND\SOUND014.BLP | 05-12-1998 | 17:53:24 | | 70150 | 932d1296
File Copy: C:\Program Files\eGames\Speedy Eggbert\Game\\SOUND\SOUND015.BLP | 01-28-1998 | 19:09:24 | | 16748 | 5093bc4d
File Copy: C:\Program Files\eGames\Speedy Eggbert\Game\\SOUND\SOUND016.BLP | 01-28-1998 | 18:44:02 | | 8868 | a7afdc9f
File Copy: C:\Program Files\eGames\Speedy Eggbert\Game\\SOUND\SOUND017.BLP | 01-28-1998 | 19:07:20 | | 16748 | deab30ab
File Copy: C:\Program Files\eGames\Speedy Eggbert\Game\\SOUND\SOUND018.BLP | 01-28-1998 | 19:00:44 | | 12256 | 95272054
File Copy: C:\Program Files\eGames\Speedy Eggbert\Game\\SOUND\SOUND019.BLP | 05-12-1998 | 14:11:42 | | 32744 | 5b270a35
File Copy: C:\Program Files\eGames\Speedy Eggbert\Game\\SOUND\SOUND020.BLP | 01-29-1998 | 19:42:08 | | 18264 | d230379f
File Copy: C:\Program Files\eGames\Speedy Eggbert\Game\\SOUND\SOUND021.BLP | 01-29-1998 | 19:46:10 | | 17104 | 47fb17f
File Copy: C:\Program Files\eGames\Speedy Eggbert\Game\\SOUND\SOUND022.BLP | 05-12-1998 | 11:01:26 | | 2644 | 37ea0670
File Copy: C:\Program Files\eGames\Speedy Eggbert\Game\\SOUND\SOUND023.BLP | 05-12-1998 | 20:01:48 | | 73424 | 8980eab6
File Copy: C:\Program Files\eGames\Speedy Eggbert\Game\\SOUND\SOUND024.BLP | 05-12-1998 | 17:46:44 | | 16568 | da3886
File Copy: C:\Program Files\eGames\Speedy Eggbert\Game\\SOUND\SOUND025.BLP | 05-12-1998 | 11:13:42 | | 20280 | e4941b76
File Copy: C:\Program Files\eGames\Speedy Eggbert\Game\\SOUND\SOUND026.BLP | 05-12-1998 | 12:34:18 | | 84036 | fcb9a253
File Copy: C:\Program Files\eGames\Speedy Eggbert\Game\\SOUND\SOUND027.BLP | 05-12-1998 | 08:44:28 | | 11528 | ced4daf0
File Copy: C:\Program Files\eGames\Speedy Eggbert\Game\\SOUND\SOUND028.BLP | 02-06-1998 | 13:32:18 | | 25350 | 54f2b4aa
File Copy: C:\Program Files\eGames\Speedy Eggbert\Game\\SOUND\SOUND029.BLP | 02-06-1998 | 13:34:12 | | 15768 | dcb2c5e
File Copy: C:\Program Files\eGames\Speedy Eggbert\Game\\SOUND\SOUND030.BLP | 02-06-1998 | 13:36:14 | | 21792 | afee3fac
File Copy: C:\Program Files\eGames\Speedy Eggbert\Game\\SOUND\SOUND031.BLP | 02-06-1998 | 13:35:34 | | 39518 | c51842a9
File Copy: C:\Program Files\eGames\Speedy Eggbert\Game\\SOUND\SOUND032.BLP | 10-03-1998 | 09:24:46 | | 20944 | f7010398
File Copy: C:\Program Files\eGames\Speedy Eggbert\Game\\SOUND\SOUND033.BLP | 05-13-1998 | 06:29:12 | | 126756 | fda78240
File Copy: C:\Program Files\eGames\Speedy Eggbert\Game\\SOUND\SOUND034.BLP | 05-12-1998 | 12:06:02 | | 3894 | c272d4c6
File Copy: C:\Program Files\eGames\Speedy Eggbert\Game\\SOUND\SOUND035.BLP | 05-12-1998 | 12:08:16 | | 1282 | ed4bcd98
File Copy: C:\Program Files\eGames\Speedy Eggbert\Game\\SOUND\SOUND036.BLP | 05-13-1998 | 06:40:12 | | 44180 | 2c69304d
File Copy: C:\Program Files\eGames\Speedy Eggbert\Game\\SOUND\SOUND037.BLP | 02-20-1998 | 05:40:24 | | 2984 | b9ae3781
File Copy: C:\Program Files\eGames\Speedy Eggbert\Game\\SOUND\SOUND038.BLP | 05-12-1998 | 08:45:36 | | 13104 | 5a5d9f86
File Copy: C:\Program Files\eGames\Speedy Eggbert\Game\\SOUND\SOUND039.BLP | 05-12-1998 | 08:45:54 | | 9576 | 29286a95
File Copy: C:\Program Files\eGames\Speedy Eggbert\Game\\SOUND\SOUND040.BLP | 05-12-1998 | 08:46:14 | | 10552 | ae68ea2
File Copy: C:\Program Files\eGames\Speedy Eggbert\Game\\SOUND\SOUND041.BLP | 02-23-1998 | 13:09:32 | | 11112 | caf27d12
File Copy: C:\Program Files\eGames\Speedy Eggbert\Game\\SOUND\SOUND042.BLP | 03-13-1998 | 16:24:58 | | 88326 | f7796c0
File Copy: C:\Program Files\eGames\Speedy Eggbert\Game\\SOUND\SOUND043.BLP | 03-13-1998 | 16:25:40 | | 63452 | ada5d01b
File Copy: C:\Program Files\eGames\Speedy Eggbert\Game\\SOUND\SOUND044.BLP | 03-13-1998 | 16:22:04 | | 43926 | 9a7df132
File Copy: C:\Program Files\eGames\Speedy Eggbert\Game\\SOUND\SOUND045.BLP | 03-13-1998 | 16:22:48 | | 43926 | b33138ad
File Copy: C:\Program Files\eGames\Speedy Eggbert\Game\\SOUND\SOUND046.BLP | 05-12-1998 | 08:47:20 | | 20892 | 41729bd2
File Copy: C:\Program Files\eGames\Speedy Eggbert\Game\\SOUND\SOUND047.BLP | 05-12-1998 | 08:47:38 | | 13140 | f1e4f022
File Copy: C:\Program Files\eGames\Speedy Eggbert\Game\\SOUND\SOUND048.BLP | 05-12-1998 | 08:48:00 | | 17548 | 6c52b0e1
File Copy: C:\Program Files\eGames\Speedy Eggbert\Game\\SOUND\SOUND049.BLP | 05-12-1998 | 08:55:32 | | 138570 | 149adf39
File Copy: C:\Program Files\eGames\Speedy Eggbert\Game\\SOUND\SOUND050.BLP | 05-12-1998 | 08:48:52 | | 32488 | 89de6f6c
File Copy: C:\Program Files\eGames\Speedy Eggbert\Game\\SOUND\SOUND051.BLP | 04-01-1998 | 13:03:44 | | 48542 | 4ba7cbed
File Copy: C:\Program Files\eGames\Speedy Eggbert\Game\\SOUND\SOUND052.BLP | 04-01-1998 | 13:31:30 | | 6070 | d4bc6f06
File Copy: C:\Program Files\eGames\Speedy Eggbert\Game\\SOUND\SOUND053.BLP | 05-19-1996 | 12:40:54 | | 10850 | 59ab184d
File Copy: C:\Program Files\eGames\Speedy Eggbert\Game\\SOUND\SOUND054.BLP | 05-10-1996 | 08:38:18 | | 12370 | c9b86873
File Copy: C:\Program Files\eGames\Speedy Eggbert\Game\\SOUND\SOUND055.BLP | 04-02-1998 | 20:29:18 | | 99118 | e9e63117
File Copy: C:\Program Files\eGames\Speedy Eggbert\Game\\SOUND\SOUND056.BLP | 04-02-1998 | 20:29:34 | | 99118 | c846cb64
File Copy: C:\Program Files\eGames\Speedy Eggbert\Game\\SOUND\SOUND057.BLP | 04-06-1998 | 18:20:54 | | 26724 | d9e8b620
File Copy: C:\Program Files\eGames\Speedy Eggbert\Game\\SOUND\SOUND058.BLP | 04-06-1998 | 18:18:34 | | 53408 | 91dcf64a
File Copy: C:\Program Files\eGames\Speedy Eggbert\Game\\SOUND\SOUND059.BLP | 05-13-1998 | 06:41:12 | | 65374 | 53dc30ce
File Copy: C:\Program Files\eGames\Speedy Eggbert\Game\\SOUND\SOUND060.BLP | 05-12-1998 | 08:49:14 | | 18014 | 911bc2e3
File Copy: C:\Program Files\eGames\Speedy Eggbert\Game\\SOUND\SOUND061.BLP | 05-12-1998 | 08:51:08 | | 26390 | cee20616
File Copy: C:\Program Files\eGames\Speedy Eggbert\Game\\SOUND\SOUND062.BLP | 04-06-1998 | 18:14:12 | | 81870 | 67266ac3
File Copy: C:\Program Files\eGames\Speedy Eggbert\Game\\SOUND\SOUND063.BLP | 04-06-1998 | 18:14:24 | | 81870 | 3783f5b0
File Copy: C:\Program Files\eGames\Speedy Eggbert\Game\\SOUND\SOUND064.BLP | 05-12-1998 | 17:47:28 | | 9766 | 41262f9d
File Copy: C:\Program Files\eGames\Speedy Eggbert\Game\\SOUND\SOUND065.BLP | 05-12-1998 | 08:51:36 | | 35490 | c3ec130b
File Copy: C:\Program Files\eGames\Speedy Eggbert\\bottom.bmp
File Copy: C:\Program Files\eGames\Speedy Eggbert\\button1.bmp
File Copy: C:\Program Files\eGames\Speedy Eggbert\\button2.bmp
File Copy: C:\Program Files\eGames\Speedy Eggbert\\button3.bmp
File Copy: C:\Program Files\eGames\Speedy Eggbert\\button4.bmp
File Copy: C:\Program Files\eGames\Speedy Eggbert\\buttons.ini
File Copy: C:\Program Files\eGames\Speedy Eggbert\\content.txt
File Copy: C:\Program Files\eGames\Speedy Eggbert\\delay.txt
File Copy: C:\Program Files\eGames\Speedy Eggbert\\egames.ico
File Copy: C:\Program Files\eGames\Speedy Eggbert\\Galaxy Software.url
File Copy: C:\Program Files\eGames\Speedy Eggbert\\galmenu1.csv
File Copy: C:\Program Files\eGames\Speedy Eggbert\\galmenu2.csv
File Copy: C:\Program Files\eGames\Speedy Eggbert\\gbrowser.exe
File Copy: C:\Program Files\eGames\Speedy Eggbert\\icon.ico
File Copy: C:\Program Files\eGames\Speedy Eggbert\\link1.bmp
File Copy: C:\Program Files\eGames\Speedy Eggbert\\link2.bmp
File Copy: C:\Program Files\eGames\Speedy Eggbert\\logo.bmp
File Copy: C:\Program Files\eGames\Speedy Eggbert\\menus.ini
File Copy: C:\Program Files\eGames\Speedy Eggbert\\null.bmx
File Copy: C:\Program Files\eGames\Speedy Eggbert\\online demos.bmp
File Copy: C:\Program Files\eGames\Speedy Eggbert\\register.bmp
File Copy: C:\Program Files\eGames\Speedy Eggbert\\register.txt
File Copy: C:\Program Files\eGames\Speedy Eggbert\\title.bmp
File Copy: C:\Program Files\eGames\Speedy Eggbert\\title.txt
File Copy: C:\Program Files\eGames\Speedy Eggbert\\VBRUN300.DLL
File Copy: C:\Program Files\eGames\Speedy Eggbert\\webanim.bmp
File Copy: C:\Program Files\eGames\Speedy Eggbert\\webtitle.txt
Made Dir: C:\Program Files\eGames\Speedy Eggbert\\assets
File Copy: C:\Program Files\eGames\Speedy Eggbert\\assets\bhelp.htm
File Copy: C:\Program Files\eGames\Speedy Eggbert\\assets\default.htm
File Copy: C:\Program Files\eGames\Speedy Eggbert\\assets\demos.htm
File Copy: C:\Program Files\eGames\Speedy Eggbert\\assets\directX.htm
File Copy: C:\Program Files\eGames\Speedy Eggbert\\assets\help.htm
File Copy: C:\Program Files\eGames\Speedy Eggbert\\assets\main.htm
File Copy: C:\Program Files\eGames\Speedy Eggbert\\assets\nav.htm
File Copy: C:\Program Files\eGames\Speedy Eggbert\\assets\tools.htm
Made Dir: C:\Program Files\eGames\Speedy Eggbert\\assets\images
File Copy: C:\Program Files\eGames\Speedy Eggbert\\assets\images\address.jpg
File Copy: C:\Program Files\eGames\Speedy Eggbert\\assets\images\back.jpg
File Copy: C:\Program Files\eGames\Speedy Eggbert\\assets\images\bottom.gif
File Copy: C:\Program Files\eGames\Speedy Eggbert\\assets\images\buttons_08-over.gif
File Copy: C:\Program Files\eGames\Speedy Eggbert\\assets\images\buttons_08.gif
File Copy: C:\Program Files\eGames\Speedy Eggbert\\assets\images\caranimation_07.gif
File Copy: C:\Program Files\eGames\Speedy Eggbert\\assets\images\choose.gif
File Copy: C:\Program Files\eGames\Speedy Eggbert\\assets\images\demo.gif
File Copy: C:\Program Files\eGames\Speedy Eggbert\\assets\images\demos.5.gif
File Copy: C:\Program Files\eGames\Speedy Eggbert\\assets\images\demos.6.gif
File Copy: C:\Program Files\eGames\Speedy Eggbert\\assets\images\demosoff.gif
File Copy: C:\Program Files\eGames\Speedy Eggbert\\assets\images\demoson.gif
File Copy: C:\Program Files\eGames\Speedy Eggbert\\assets\images\design.gif
File Copy: C:\Program Files\eGames\Speedy Eggbert\\assets\images\dice.gif
File Copy: C:\Program Files\eGames\Speedy Eggbert\\assets\images\ebot.gif
File Copy: C:\Program Files\eGames\Speedy Eggbert\\assets\images\egameslogo.gif
File Copy: C:\Program Files\eGames\Speedy Eggbert\\assets\images\eggy.gif
File Copy: C:\Program Files\eGames\Speedy Eggbert\\assets\images\eggytitle.gif
File Copy: C:\Program Files\eGames\Speedy Eggbert\\assets\images\eXternal.gif
File Copy: C:\Program Files\eGames\Speedy Eggbert\\assets\images\fflogo.gif
File Copy: C:\Program Files\eGames\Speedy Eggbert\\assets\images\finish.gif
File Copy: C:\Program Files\eGames\Speedy Eggbert\\assets\images\forward.jpg
File Copy: C:\Program Files\eGames\Speedy Eggbert\\assets\images\globe.gif
File Copy: C:\Program Files\eGames\Speedy Eggbert\\assets\images\helpoff.gif
File Copy: C:\Program Files\eGames\Speedy Eggbert\\assets\images\helpon.gif
File Copy: C:\Program Files\eGames\Speedy Eggbert\\assets\images\homeoff.gif
File Copy: C:\Program Files\eGames\Speedy Eggbert\\assets\images\homeon.gif
File Copy: C:\Program Files\eGames\Speedy Eggbert\\assets\images\homer.jpg
File Copy: C:\Program Files\eGames\Speedy Eggbert\\assets\images\install.gif
File Copy: C:\Program Files\eGames\Speedy Eggbert\\assets\images\installd.gif
File Copy: C:\Program Files\eGames\Speedy Eggbert\\assets\images\left.GIF
File Copy: C:\Program Files\eGames\Speedy Eggbert\\assets\images\main.jpg
File Copy: C:\Program Files\eGames\Speedy Eggbert\\assets\images\middle.gif
File Copy: C:\Program Files\eGames\Speedy Eggbert\\assets\images\middle.gif.gif
File Copy: C:\Program Files\eGames\Speedy Eggbert\\assets\images\quit.gif
File Copy: C:\Program Files\eGames\Speedy Eggbert\\assets\images\refresh.jpg
File Copy: C:\Program Files\eGames\Speedy Eggbert\\assets\images\right.GIF
File Copy: C:\Program Files\eGames\Speedy Eggbert\\assets\images\search.jpg
File Copy: C:\Program Files\eGames\Speedy Eggbert\\assets\images\settings.gif
File Copy: C:\Program Files\eGames\Speedy Eggbert\\assets\images\stop.jpg
File Copy: C:\Program Files\eGames\Speedy Eggbert\\assets\images\swinging_04.gif
File Copy: C:\Program Files\eGames\Speedy Eggbert\\assets\images\swinging_06.gif
File Copy: C:\Program Files\eGames\Speedy Eggbert\\assets\images\toolsoff.gif
File Copy: C:\Program Files\eGames\Speedy Eggbert\\assets\images\toolson.gif
File Copy: C:\Program Files\eGames\Speedy Eggbert\\assets\images\top.gif
File Copy: C:\Program Files\eGames\Speedy Eggbert\\assets\images\topleft.gif
File Copy: C:\Program Files\eGames\Speedy Eggbert\\assets\images\topmiddle.gif
File Copy: C:\Program Files\eGames\Speedy Eggbert\\assets\images\topnav.gif
File Copy: C:\Program Files\eGames\Speedy Eggbert\\assets\images\topright.gif
File Copy: C:\WINDOWS\system32\Project2-1.ocx | 07-17-2000 | 13:41:50 | 2.0.0.0 | 70088 | 77c82fd3
File Copy: C:\WINDOWS\system32\Vb6stkit.dll | 03-25-1999 | 23:00:00 | 6.0.84.50 | 101888 | 24ea09ad
Version: Following file not copied.
 File Overwrite: C:\WINDOWS\system32\stdole2.tlb | 10-25-2001 | 16:00:00 | 3.50.5014.0 | 16896 | 24eda40c
File Copy: C:\WINDOWS\system32\Project2.INF | 04-06-2000 | 14:58:20 | | 1453 | faefaf44
File Copy: C:\WINDOWS\system32\Picclp32.ocx | 05-07-1999 | 00:00:00 | 6.0.84.18 | 82960 | 948a2596
Version: Following file not copied.
 File Overwrite: C:\WINDOWS\system32\olepro32.dll | 08-17-2004 | 15:49:16 | 5.1.2600.2180 | 164112 | ac14e6d
File Overwrite: C:\WINDOWS\system32\oleaut32.dll | | | | 614672 | d77d3b37
File Copy: C:\WINDOWS\system32\objsafe.tlb | 03-21-2000 | 15:37:50 | | 1760 | 8986d3ca
Version: Following file not copied.
 File Overwrite: C:\WINDOWS\system32\msvbvm60.dll | 08-17-2004 | 15:49:14 | 6.0.96.90 | 1384448 | 303fd9d7
Version: Following file not copied.
 File Overwrite: C:\WINDOWS\system32\asycfilt.dll | 08-17-2004 | 15:49:04 | 5.1.2600.2180 | 143632 | 2f576424
Version: Following file not copied.
 File Overwrite: C:\WINDOWS\system32\comcat.dll | 10-25-2001 | 16:00:00 | 5.0.2600.1 | 22288 | c11f58d9
File Copy: C:\WINDOWS\system32\Comdlg32.ocx | 05-07-1999 | 00:00:00 | 6.0.84.18 | 140288 | 84fbb29a
File Copy: C:\WINDOWS\system32\Mscomctl.ocx | 05-13-1999 | 00:00:00 | 6.0.84.98 | 1064456 | ff2614bc
File Copy: C:\Program Files\eGames\Speedy Eggbert\UNWISE.EXE | 06-25-1999 | 10:55:30 | | 149504 | 30fdd633
RegDB Key: Software\Microsoft\Windows\CurrentVersion\Uninstall\Speedy Eggbert
RegDB Val: Speedy Eggbert
RegDB Name: DisplayName
RegDB Root: 2
RegDB Old: Speedy Eggbert
RegDB Key: Software\Microsoft\Windows\CurrentVersion\Uninstall\Speedy Eggbert
RegDB Val: C:\PROGRA~1\eGames\SPEEDY~4\UNWISE.EXE C:\PROGRA~1\eGames\SPEEDY~4\INSTALL.LOG
RegDB Name: UninstallString
RegDB Root: 2
RegDB Old: C:\eGames\SPEEDY~1\UNWISE.EXE C:\eGames\SPEEDY~1\INSTALL.LOG
Shell Link: C:\Documents and Settings\Administrator\Plocha\eGames.lnk
Link Info: C:\WINDOWS\explorer.exe | C:\PROGRA~1\eGames\SPEEDY~4\Game | C:\PROGRA~1\eGames\SPEEDY~4\Game\egames.ico | 0 | 1 | 0 |  "C:\Documents and Settings\Administrator\Nabídka Start\Programy\eGames"
Shell Link: 
Link Info:  |  |  | 0 | 1 | 0 | 
Shell Link: C:\Documents and Settings\Administrator\Nabídka Start\Programy\eGames\Speedy Eggbert\Speedy Eggbert.lnk
Link Info: C:\Program Files\eGames\Speedy Eggbert\gbrowser.exe | C:\PROGRA~1\eGames\SPEEDY~4 | C:\PROGRA~1\eGames\SPEEDY~4\egames.ico | 0 | 1 | 0 | 
Self-Register: C:\WINDOWS\system32\Project2-1.ocx
Self-Register: C:\WINDOWS\system32\Picclp32.ocx
Self-Register: C:\WINDOWS\system32\olepro32.dll
Self-Register: C:\WINDOWS\system32\oleaut32.dll
Self-Register: C:\WINDOWS\system32\msvbvm60.dll
Self-Register: C:\WINDOWS\system32\Comdlg32.ocx
Self-Register: C:\WINDOWS\system32\Mscomctl.ocx
INI New: Created INI
INI File: C:\Program Files\eGames\Speedy Eggbert\UNWISE.INI
INI Sect: Settings
INI Item: No Background
INI Val: 0
INI File: C:\WINDOWS\WIN.INI
INI Sect: romtech
INI Item: Eggbertpath
INI Val: C:\PROGRA~1\eGames\SPEEDY~4\Game
INI Old: C:\PROGRA~1\eGames\SPEEDY~1
INI File: C:\WINDOWS\WIN.INI
INI Sect: romtech
INI Item: Eggbertexe
INI Val: egames.exe
INI Old: egames.exe
INI File: C:\WINDOWS\WIN.INI
INI Sect: egames
INI Item: ba103351path
INI Val: C:\PROGRA~1\eGames\SPEEDY~4
INI Old: C:\eGames\SPEEDY~1
INI File: C:\WINDOWS\WIN.INI
INI Sect: egames
INI Item: ba103351exe
INI Val: gbrowser.exe
INI Old: gbrowser.exe
INI File: C:\WINDOWS\WIN.INI
INI Sect: RomtechSpeedy Eggbert
INI Item: noaddressbar
INI Val: 1
User Rights: Admin
