***  Installation Started 07/06/2024 16:48  ***
Title:  Installation
Source: E:\Setup.exe | 11-17-2004 | 09:03:00 | 32064153
Made Dir: C:\Program Files\eGames\Speedy Eggbert 2
File Copy: C:\Program Files\eGames\Speedy Eggbert 2\UNWISE.EXE | 06-25-1999 | 11:55:30 | | 149504 | 30fdd633
RegDB Key: Software\Microsoft\Windows\CurrentVersion\Uninstall\Speedy Eggbert 2
RegDB Val: Speedy Eggbert 2
RegDB Name: DisplayName
RegDB Root: 2
RegDB Key: Software\Microsoft\Windows\CurrentVersion\Uninstall\Speedy Eggbert 2
RegDB Val: C:\PROGRA~1\eGames\SPEEDY~2\UNWISE.EXE C:\PROGRA~1\eGames\SPEEDY~2\INSTALL.LOG
RegDB Name: UninstallString
RegDB Root: 2
File Copy: C:\Program Files\eGames\Speedy Eggbert 2\\egames.ico | 11-24-1999 | 15:11:56 | | 5694 | 3b09c111
File Copy: C:\Program Files\eGames\Speedy Eggbert 2\\egames.url | 03-02-1999 | 09:35:52 | | 77 | f269c92d
File Copy: C:\Program Files\eGames\Speedy Eggbert 2\\Eggbert2.exe | 05-03-2004 | 10:56:04 | 0.4.0.0 | 602624 | 7b7238bd
File Copy: C:\Program Files\eGames\Speedy Eggbert 2\\icon.ico | 11-24-1999 | 15:11:56 | | 5694 | 3b09c111
Made Dir: C:\Program Files\eGames\Speedy Eggbert 2\\DATA
File Copy: C:\Program Files\eGames\Speedy Eggbert 2\\DATA\bench.blp | 04-30-2004 | 17:46:30 | | 16 | 3d5ad1c3
File Copy: C:\Program Files\eGames\Speedy Eggbert 2\\DATA\config.def | 04-30-2004 | 17:46:24 | | 105 | ee6931c4
File Copy: C:\Program Files\eGames\Speedy Eggbert 2\\DATA\demo300.blp | 12-10-1999 | 18:02:22 | | 1428 | 6ccef070
File Copy: C:\Program Files\eGames\Speedy Eggbert 2\\DATA\demo301.blp | 12-10-1999 | 18:10:08 | | 1256 | ce37c0c6
File Copy: C:\Program Files\eGames\Speedy Eggbert 2\\DATA\demo302.blp | 12-10-1999 | 17:57:06 | | 1012 | 3e60c6c
File Copy: C:\Program Files\eGames\Speedy Eggbert 2\\DATA\demo303.blp | 12-10-1999 | 17:57:34 | | 488 | 19582743
File Copy: C:\Program Files\eGames\Speedy Eggbert 2\\DATA\demo304.blp | 12-10-1999 | 18:23:40 | | 2200 | aa12eebf
File Copy: C:\Program Files\eGames\Speedy Eggbert 2\\DATA\demo305.blp | 12-10-1999 | 18:24:26 | | 1044 | 23907335
File Copy: C:\Program Files\eGames\Speedy Eggbert 2\\DATA\demo306.blp | 12-10-1999 | 18:28:38 | | 1148 | acf25a9d
File Copy: C:\Program Files\eGames\Speedy Eggbert 2\\DATA\demo307.blp | 12-10-1999 | 18:00:14 | | 1464 | 87ced6d5
File Copy: C:\Program Files\eGames\Speedy Eggbert 2\\DATA\demo308.blp | 12-10-1999 | 18:00:58 | | 1244 | c710613
File Copy: C:\Program Files\eGames\Speedy Eggbert 2\\DATA\demo309.blp | 12-10-1999 | 18:40:36 | | 1396 | 442a6d58
File Copy: C:\Program Files\eGames\Speedy Eggbert 2\\DATA\world001.blp | 09-20-2000 | 15:13:56 | | 50468 | 5c6388fa
File Copy: C:\Program Files\eGames\Speedy Eggbert 2\\DATA\world010.blp | 05-03-2004 | 17:09:28 | | 50468 | a57e62af
File Copy: C:\Program Files\eGames\Speedy Eggbert 2\\DATA\world020.blp | 09-19-2000 | 20:57:00 | | 50468 | bff8c21a
File Copy: C:\Program Files\eGames\Speedy Eggbert 2\\DATA\world021.blp | 09-21-2000 | 17:31:08 | | 50468 | ea91cc15
File Copy: C:\Program Files\eGames\Speedy Eggbert 2\\DATA\world022.blp | 09-20-2000 | 09:08:40 | | 50468 | 7f18ce54
File Copy: C:\Program Files\eGames\Speedy Eggbert 2\\DATA\world023.blp | 10-01-2000 | 11:41:56 | | 50468 | 93696a8c
File Copy: C:\Program Files\eGames\Speedy Eggbert 2\\DATA\world024.blp | 10-01-2000 | 11:47:50 | | 50468 | a9b6dce6
File Copy: C:\Program Files\eGames\Speedy Eggbert 2\\DATA\world025.blp | 10-01-2000 | 11:49:38 | | 50468 | 6bd4d755
File Copy: C:\Program Files\eGames\Speedy Eggbert 2\\DATA\world030.blp | 12-10-1999 | 19:33:02 | | 50468 | 8fc70fd8
File Copy: C:\Program Files\eGames\Speedy Eggbert 2\\DATA\world031.blp | 09-21-2000 | 15:16:20 | | 50468 | 71fa09d9
File Copy: C:\Program Files\eGames\Speedy Eggbert 2\\DATA\world032.blp | 10-01-2000 | 11:51:58 | | 50468 | 43c5e520
File Copy: C:\Program Files\eGames\Speedy Eggbert 2\\DATA\world033.blp | 09-20-2000 | 19:02:14 | | 50468 | 8b5b9012
File Copy: C:\Program Files\eGames\Speedy Eggbert 2\\DATA\world034.blp | 09-20-2000 | 19:02:50 | | 50468 | 4b69d4aa
File Copy: C:\Program Files\eGames\Speedy Eggbert 2\\DATA\world040.blp | 12-10-1999 | 19:33:06 | | 50468 | d4f5356a
File Copy: C:\Program Files\eGames\Speedy Eggbert 2\\DATA\world041.blp | 10-01-2000 | 12:33:50 | | 50468 | aeea7823
File Copy: C:\Program Files\eGames\Speedy Eggbert 2\\DATA\world042.blp | 10-02-2000 | 14:56:54 | | 50468 | ef3c8be3
File Copy: C:\Program Files\eGames\Speedy Eggbert 2\\DATA\world043.blp | 09-20-2000 | 00:42:42 | | 50468 | 6862ac79
File Copy: C:\Program Files\eGames\Speedy Eggbert 2\\DATA\world044.blp | 09-20-2000 | 19:14:32 | | 50468 | c44163e9
File Copy: C:\Program Files\eGames\Speedy Eggbert 2\\DATA\world045.blp | 09-20-2000 | 23:35:40 | | 50468 | 5b7d4db9
File Copy: C:\Program Files\eGames\Speedy Eggbert 2\\DATA\world046.blp | 09-20-2000 | 19:23:50 | | 50468 | b904b56e
File Copy: C:\Program Files\eGames\Speedy Eggbert 2\\DATA\world050.blp | 09-20-2000 | 11:29:18 | | 50468 | d788de2a
File Copy: C:\Program Files\eGames\Speedy Eggbert 2\\DATA\world051.blp | 09-20-2000 | 19:26:12 | | 50468 | b671d188
File Copy: C:\Program Files\eGames\Speedy Eggbert 2\\DATA\world052.blp | 09-23-2000 | 01:34:54 | | 50468 | c8ec13c0
File Copy: C:\Program Files\eGames\Speedy Eggbert 2\\DATA\world053.blp | 09-23-2000 | 01:53:48 | | 50468 | eabbfd5b
File Copy: C:\Program Files\eGames\Speedy Eggbert 2\\DATA\world054.blp | 10-01-2000 | 12:29:56 | | 50468 | 8422cf5d
File Copy: C:\Program Files\eGames\Speedy Eggbert 2\\DATA\world055.blp | 09-20-2000 | 21:10:42 | | 50468 | 29204a30
File Copy: C:\Program Files\eGames\Speedy Eggbert 2\\DATA\world056.blp | 09-22-2000 | 23:50:46 | | 50468 | 6f48025f
File Copy: C:\Program Files\eGames\Speedy Eggbert 2\\DATA\world057.blp | 09-22-2000 | 23:57:22 | | 50468 | da933996
File Copy: C:\Program Files\eGames\Speedy Eggbert 2\\DATA\world058.blp | 09-23-2000 | 00:04:38 | | 50468 | a11e75b0
File Copy: C:\Program Files\eGames\Speedy Eggbert 2\\DATA\world060.blp | 12-10-1999 | 19:33:10 | | 50468 | ac19844d
File Copy: C:\Program Files\eGames\Speedy Eggbert 2\\DATA\world061.blp | 09-20-2000 | 23:57:12 | | 50468 | 1895250a
File Copy: C:\Program Files\eGames\Speedy Eggbert 2\\DATA\world062.blp | 09-21-2000 | 00:10:34 | | 50468 | 26f8b97e
File Copy: C:\Program Files\eGames\Speedy Eggbert 2\\DATA\world063.blp | 12-10-1999 | 19:37:52 | | 50468 | 9518b8db
File Copy: C:\Program Files\eGames\Speedy Eggbert 2\\DATA\world064.blp | 09-21-2000 | 00:18:06 | | 50468 | fd99f0dd
File Copy: C:\Program Files\eGames\Speedy Eggbert 2\\DATA\world065.blp | 09-21-2000 | 00:18:16 | | 50468 | 336b7e9d
File Copy: C:\Program Files\eGames\Speedy Eggbert 2\\DATA\world066.blp | 09-23-2000 | 22:32:22 | | 50468 | 63664c27
File Copy: C:\Program Files\eGames\Speedy Eggbert 2\\DATA\world070.blp | 12-10-1999 | 19:33:12 | | 50468 | 2e0a170
File Copy: C:\Program Files\eGames\Speedy Eggbert 2\\DATA\world071.blp | 12-10-1999 | 19:38:14 | | 50468 | 98b4cd99
File Copy: C:\Program Files\eGames\Speedy Eggbert 2\\DATA\world072.blp | 09-21-2000 | 00:19:00 | | 50468 | fadc9f70
File Copy: C:\Program Files\eGames\Speedy Eggbert 2\\DATA\world073.blp | 09-21-2000 | 00:22:32 | | 50468 | d9ecee72
File Copy: C:\Program Files\eGames\Speedy Eggbert 2\\DATA\world074.blp | 09-21-2000 | 00:27:16 | | 50468 | 99b97183
File Copy: C:\Program Files\eGames\Speedy Eggbert 2\\DATA\world075.blp | 09-23-2000 | 00:49:42 | | 50468 | 9ad575
File Copy: C:\Program Files\eGames\Speedy Eggbert 2\\DATA\world080.blp | 09-20-2000 | 16:52:34 | | 50468 | d064e5c8
File Copy: C:\Program Files\eGames\Speedy Eggbert 2\\DATA\world081.blp | 09-23-2000 | 01:26:02 | | 50468 | c7cd8cb8
File Copy: C:\Program Files\eGames\Speedy Eggbert 2\\DATA\world082.blp | 09-23-2000 | 00:55:30 | | 50468 | 51bd4a0d
File Copy: C:\Program Files\eGames\Speedy Eggbert 2\\DATA\world083.blp | 09-23-2000 | 01:29:38 | | 50468 | 981bdf3f
File Copy: C:\Program Files\eGames\Speedy Eggbert 2\\DATA\world084.blp | 12-10-1999 | 19:38:48 | | 50468 | 92b199b8
File Copy: C:\Program Files\eGames\Speedy Eggbert 2\\DATA\world090.blp | 12-10-1999 | 19:33:30 | | 50468 | 88e6530d
File Copy: C:\Program Files\eGames\Speedy Eggbert 2\\DATA\world091.blp | 09-22-2000 | 22:02:52 | | 50468 | 714db095
File Copy: C:\Program Files\eGames\Speedy Eggbert 2\\DATA\world092.blp | 09-21-2000 | 15:15:44 | | 50468 | bcbe1107
File Copy: C:\Program Files\eGames\Speedy Eggbert 2\\DATA\world093.blp | 09-22-2000 | 22:20:38 | | 50468 | d5449b44
File Copy: C:\Program Files\eGames\Speedy Eggbert 2\\DATA\world094.blp | 09-21-2000 | 01:04:26 | | 50468 | 8d336efd
File Copy: C:\Program Files\eGames\Speedy Eggbert 2\\DATA\world095.blp | 09-21-2000 | 01:06:08 | | 50468 | ca195507
File Copy: C:\Program Files\eGames\Speedy Eggbert 2\\DATA\world100.blp | 12-10-1999 | 19:33:34 | | 50468 | 344c6887
File Copy: C:\Program Files\eGames\Speedy Eggbert 2\\DATA\world101.blp | 09-21-2000 | 01:06:32 | | 50468 | 71a3c593
File Copy: C:\Program Files\eGames\Speedy Eggbert 2\\DATA\world102.blp | 09-22-2000 | 22:56:36 | | 50468 | c0c61d7f
File Copy: C:\Program Files\eGames\Speedy Eggbert 2\\DATA\world103.blp | 09-21-2000 | 01:11:12 | | 50468 | 174fc13c
File Copy: C:\Program Files\eGames\Speedy Eggbert 2\\DATA\world104.blp | 09-22-2000 | 23:05:50 | | 50468 | ad16c751
File Copy: C:\Program Files\eGames\Speedy Eggbert 2\\DATA\world105.blp | 09-22-2000 | 23:11:34 | | 50468 | 23f01c1
File Copy: C:\Program Files\eGames\Speedy Eggbert 2\\DATA\world106.blp | 09-22-2000 | 23:17:56 | | 50468 | e3714e25
File Copy: C:\Program Files\eGames\Speedy Eggbert 2\\DATA\world107.blp | 09-21-2000 | 01:12:14 | | 50468 | c47c50ed
File Copy: C:\Program Files\eGames\Speedy Eggbert 2\\DATA\world110.blp | 12-10-1999 | 19:33:38 | | 50468 | e022ed3a
File Copy: C:\Program Files\eGames\Speedy Eggbert 2\\DATA\world111.blp | 12-10-1999 | 19:40:46 | | 50468 | 9690c63b
File Copy: C:\Program Files\eGames\Speedy Eggbert 2\\DATA\world112.blp | 09-21-2000 | 01:13:48 | | 50468 | d2df1855
File Copy: C:\Program Files\eGames\Speedy Eggbert 2\\DATA\world113.blp | 10-01-2000 | 12:04:00 | | 50468 | 8873021c
File Copy: C:\Program Files\eGames\Speedy Eggbert 2\\DATA\world114.blp | 10-01-2000 | 12:10:20 | | 50468 | 2c470ba2
File Copy: C:\Program Files\eGames\Speedy Eggbert 2\\DATA\world115.blp | 10-01-2000 | 12:13:56 | | 50468 | 536716d1
File Copy: C:\Program Files\eGames\Speedy Eggbert 2\\DATA\world120.blp | 12-10-1999 | 19:33:42 | | 50468 | 6945b7f0
File Copy: C:\Program Files\eGames\Speedy Eggbert 2\\DATA\world121.blp | 10-01-2000 | 11:39:06 | | 50468 | df450062
File Copy: C:\Program Files\eGames\Speedy Eggbert 2\\DATA\world122.blp | 09-21-2000 | 01:19:54 | | 50468 | e06005bb
File Copy: C:\Program Files\eGames\Speedy Eggbert 2\\DATA\world123.blp | 09-20-2000 | 23:56:54 | | 50468 | a9d7e1a7
File Copy: C:\Program Files\eGames\Speedy Eggbert 2\\DATA\world124.blp | 09-21-2000 | 01:26:12 | | 50468 | c2b98702
File Copy: C:\Program Files\eGames\Speedy Eggbert 2\\DATA\world125.blp | 12-10-1999 | 19:40:28 | | 50468 | f9ebdd81
File Copy: C:\Program Files\eGames\Speedy Eggbert 2\\DATA\world199.blp | 12-10-1999 | 15:32:52 | | 50468 | a5295f2f
File Copy: C:\Program Files\eGames\Speedy Eggbert 2\\DATA\world201.blp | 10-02-2000 | 15:43:46 | | 50468 | cf2e6806
File Copy: C:\Program Files\eGames\Speedy Eggbert 2\\DATA\world202.blp | 10-02-2000 | 15:43:52 | | 50468 | bc0f556c
File Copy: C:\Program Files\eGames\Speedy Eggbert 2\\DATA\world203.blp | 10-02-2000 | 15:44:00 | | 50468 | e44b3481
File Copy: C:\Program Files\eGames\Speedy Eggbert 2\\DATA\world204.blp | 10-02-2000 | 15:44:12 | | 50468 | 3e10cc37
File Copy: C:\Program Files\eGames\Speedy Eggbert 2\\DATA\world205.blp | 10-02-2000 | 15:44:24 | | 50468 | 1179d687
File Copy: C:\Program Files\eGames\Speedy Eggbert 2\\DATA\world206.blp | 10-02-2000 | 15:44:30 | | 50468 | d0aaac9a
File Copy: C:\Program Files\eGames\Speedy Eggbert 2\\DATA\world207.blp | 10-02-2000 | 15:44:36 | | 50468 | 38d088c
File Copy: C:\Program Files\eGames\Speedy Eggbert 2\\DATA\world208.blp | 10-02-2000 | 15:44:42 | | 50468 | a7efd491
File Copy: C:\Program Files\eGames\Speedy Eggbert 2\\DATA\world209.blp | 10-02-2000 | 15:44:48 | | 50468 | 2f4c31bf
File Copy: C:\Program Files\eGames\Speedy Eggbert 2\\DATA\world210.blp | 10-02-2000 | 15:44:56 | | 50468 | b4b12ef1
File Copy: C:\Program Files\eGames\Speedy Eggbert 2\\DATA\world211.blp | 10-02-2000 | 15:46:18 | | 50468 | 1317d99
File Copy: C:\Program Files\eGames\Speedy Eggbert 2\\DATA\world212.blp | 10-02-2000 | 15:46:24 | | 50468 | 4a3c726f
File Copy: C:\Program Files\eGames\Speedy Eggbert 2\\DATA\world300.blp | 12-10-1999 | 17:48:54 | | 50468 | a94b6385
File Copy: C:\Program Files\eGames\Speedy Eggbert 2\\DATA\world301.blp | 12-10-1999 | 15:35:28 | | 50468 | e31f3d06
File Copy: C:\Program Files\eGames\Speedy Eggbert 2\\DATA\world302.blp | 07-26-1999 | 18:17:18 | | 50468 | 96cf0be8
File Copy: C:\Program Files\eGames\Speedy Eggbert 2\\DATA\world303.blp | 12-10-1999 | 17:49:08 | | 50468 | 592efd7c
File Copy: C:\Program Files\eGames\Speedy Eggbert 2\\DATA\world304.blp | 12-10-1999 | 18:21:52 | | 50468 | 6afd3c6a
File Copy: C:\Program Files\eGames\Speedy Eggbert 2\\DATA\world305.blp | 12-10-1999 | 18:14:14 | | 50468 | f4adbeae
File Copy: C:\Program Files\eGames\Speedy Eggbert 2\\DATA\world306.blp | 12-10-1999 | 17:52:04 | | 50468 | 5fa4793
File Copy: C:\Program Files\eGames\Speedy Eggbert 2\\DATA\world307.blp | 12-10-1999 | 17:52:36 | | 50468 | 801b89d5
File Copy: C:\Program Files\eGames\Speedy Eggbert 2\\DATA\world308.blp | 12-10-1999 | 17:52:50 | | 50468 | 2985dad2
File Copy: C:\Program Files\eGames\Speedy Eggbert 2\\DATA\world309.blp | 12-10-1999 | 18:37:42 | | 50468 | be351a03
Made Dir: C:\Program Files\eGames\Speedy Eggbert 2\\IMAGE08
File Copy: C:\Program Files\eGames\Speedy Eggbert 2\\IMAGE08\blupi000.blp | 05-14-1999 | 14:22:52 | | 725878 | c1397be
File Copy: C:\Program Files\eGames\Speedy Eggbert 2\\IMAGE08\blupi001.blp | 05-14-1999 | 14:31:18 | | 725878 | b2b15398
File Copy: C:\Program Files\eGames\Speedy Eggbert 2\\IMAGE08\blupi002.blp | 05-14-1999 | 14:32:14 | | 725878 | 1fa4a023
File Copy: C:\Program Files\eGames\Speedy Eggbert 2\\IMAGE08\blupi003.blp | 05-14-1999 | 14:30:34 | | 725878 | f4ae68c
File Copy: C:\Program Files\eGames\Speedy Eggbert 2\\IMAGE08\button00.blp | 09-21-2000 | 17:44:16 | | 250678 | d52ecab5
File Copy: C:\Program Files\eGames\Speedy Eggbert 2\\IMAGE08\bye.blp | 04-15-2004 | 17:12:34 | | 308278 | 97c4ef46
File Copy: C:\Program Files\eGames\Speedy Eggbert 2\\IMAGE08\clear.blp | 07-01-1999 | 11:42:30 | | 308278 | eb8ee8c8
File Copy: C:\Program Files\eGames\Speedy Eggbert 2\\IMAGE08\create.blp | 07-01-1999 | 11:42:46 | | 308278 | 646de0d3
File Copy: C:\Program Files\eGames\Speedy Eggbert 2\\IMAGE08\decor000.blp | 03-10-1998 | 19:30:54 | | 308278 | 1e829325
File Copy: C:\Program Files\eGames\Speedy Eggbert 2\\IMAGE08\decor001.blp | 09-21-2000 | 17:39:58 | | 308278 | 9a8e688c
File Copy: C:\Program Files\eGames\Speedy Eggbert 2\\IMAGE08\decor002.blp | 09-21-2000 | 17:42:20 | | 308278 | 677cf9be
File Copy: C:\Program Files\eGames\Speedy Eggbert 2\\IMAGE08\decor003.blp | 09-21-2000 | 17:43:16 | | 308278 | 9fe74c7b
File Copy: C:\Program Files\eGames\Speedy Eggbert 2\\IMAGE08\decor004.blp | 09-21-2000 | 17:44:28 | | 308278 | 520f577f
File Copy: C:\Program Files\eGames\Speedy Eggbert 2\\IMAGE08\decor005.blp | 09-21-2000 | 17:41:26 | | 308278 | 99e47cfb
File Copy: C:\Program Files\eGames\Speedy Eggbert 2\\IMAGE08\decor006.blp | 09-21-2000 | 17:43:30 | | 308278 | 3fbe788b
File Copy: C:\Program Files\eGames\Speedy Eggbert 2\\IMAGE08\decor007.blp | 01-29-1998 | 21:08:34 | | 308278 | ef283c40
File Copy: C:\Program Files\eGames\Speedy Eggbert 2\\IMAGE08\decor008.blp | 09-21-2000 | 17:43:02 | | 308278 | c439f56d
File Copy: C:\Program Files\eGames\Speedy Eggbert 2\\IMAGE08\decor009.blp | 09-21-2000 | 17:42:34 | | 308278 | 7f860fe4
File Copy: C:\Program Files\eGames\Speedy Eggbert 2\\IMAGE08\decor010.blp | 09-21-2000 | 17:40:26 | | 308278 | 8095f819
File Copy: C:\Program Files\eGames\Speedy Eggbert 2\\IMAGE08\decor011.blp | 02-17-1998 | 15:26:18 | | 308278 | 758ce73b
File Copy: C:\Program Files\eGames\Speedy Eggbert 2\\IMAGE08\decor012.blp | 03-20-1998 | 00:19:08 | | 308278 | 820314cc
File Copy: C:\Program Files\eGames\Speedy Eggbert 2\\IMAGE08\decor013.blp | 03-10-1998 | 19:13:28 | | 308278 | 7c299deb
File Copy: C:\Program Files\eGames\Speedy Eggbert 2\\IMAGE08\decor014.blp | 03-10-1998 | 19:13:52 | | 308278 | dda544f
File Copy: C:\Program Files\eGames\Speedy Eggbert 2\\IMAGE08\decor015.blp | 09-21-2000 | 17:39:22 | | 308278 | a411e826
File Copy: C:\Program Files\eGames\Speedy Eggbert 2\\IMAGE08\decor016.blp | 03-18-1998 | 00:38:40 | | 308278 | 6cbed19d
File Copy: C:\Program Files\eGames\Speedy Eggbert 2\\IMAGE08\decor017.blp | 03-18-1998 | 00:39:04 | | 308278 | 7632c2fc
File Copy: C:\Program Files\eGames\Speedy Eggbert 2\\IMAGE08\decor018.blp | 09-21-2000 | 17:41:10 | | 308278 | 7a96cd5f
File Copy: C:\Program Files\eGames\Speedy Eggbert 2\\IMAGE08\decor019.blp | 09-21-2000 | 17:43:44 | | 308278 | 4a46938d
File Copy: C:\Program Files\eGames\Speedy Eggbert 2\\IMAGE08\decor020.blp | 09-21-2000 | 17:40:14 | | 308278 | a763f9f3
File Copy: C:\Program Files\eGames\Speedy Eggbert 2\\IMAGE08\decor021.blp | 09-21-2000 | 17:40:56 | | 308278 | 3093fe3e
File Copy: C:\Program Files\eGames\Speedy Eggbert 2\\IMAGE08\decor022.blp | 03-18-1998 | 20:49:56 | | 308278 | 32602703
File Copy: C:\Program Files\eGames\Speedy Eggbert 2\\IMAGE08\decor023.blp | 09-21-2000 | 17:40:40 | | 308278 | ca4ca764
File Copy: C:\Program Files\eGames\Speedy Eggbert 2\\IMAGE08\decor024.blp | 09-21-2000 | 17:41:54 | | 308278 | 626a4cff
File Copy: C:\Program Files\eGames\Speedy Eggbert 2\\IMAGE08\decor025.blp | 09-21-2000 | 17:38:22 | | 308278 | 5184f007
File Copy: C:\Program Files\eGames\Speedy Eggbert 2\\IMAGE08\decor026.blp | 05-11-1999 | 10:31:36 | | 308278 | e544d4f0
File Copy: C:\Program Files\eGames\Speedy Eggbert 2\\IMAGE08\decor027.blp | 09-21-2000 | 17:42:06 | | 308278 | f8d9d8af
File Copy: C:\Program Files\eGames\Speedy Eggbert 2\\IMAGE08\decor028.blp | 09-21-2000 | 17:39:44 | | 308278 | f2a5583d
File Copy: C:\Program Files\eGames\Speedy Eggbert 2\\IMAGE08\decor029.blp | 05-11-1999 | 10:32:36 | | 308278 | e8ff7f3b
File Copy: C:\Program Files\eGames\Speedy Eggbert 2\\IMAGE08\decor030.blp | 05-11-1999 | 10:32:56 | | 308278 | 9283e304
File Copy: C:\Program Files\eGames\Speedy Eggbert 2\\IMAGE08\decor031.blp | 05-11-1999 | 10:33:30 | | 308278 | 7e526eab
File Copy: C:\Program Files\eGames\Speedy Eggbert 2\\IMAGE08\element.blp | 09-21-2000 | 17:41:38 | | 578102 | df0f51ea
File Copy: C:\Program Files\eGames\Speedy Eggbert 2\\IMAGE08\explo.blp | 12-11-1999 | 11:22:36 | | 936038 | e584f71c
File Copy: C:\Program Files\eGames\Speedy Eggbert 2\\IMAGE08\gamer.blp | 07-01-1999 | 11:46:54 | | 308278 | 5ca34374
File Copy: C:\Program Files\eGames\Speedy Eggbert 2\\IMAGE08\gread.blp | 07-01-1999 | 11:47:04 | | 308278 | 60074e80
File Copy: C:\Program Files\eGames\Speedy Eggbert 2\\IMAGE08\gwrite.blp | 07-01-1999 | 11:46:46 | | 308278 | b731b0ad
File Copy: C:\Program Files\eGames\Speedy Eggbert 2\\IMAGE08\help.blp | 07-01-1999 | 11:46:36 | | 308278 | bbd4c78b
File Copy: C:\Program Files\eGames\Speedy Eggbert 2\\IMAGE08\info.blp | 07-01-1999 | 19:13:02 | | 308278 | d907732b
File Copy: C:\Program Files\eGames\Speedy Eggbert 2\\IMAGE08\init.blp | 04-15-2004 | 17:11:42 | | 308278 | 4170d520
File Copy: C:\Program Files\eGames\Speedy Eggbert 2\\IMAGE08\jauge.blp | 07-11-1997 | 00:45:14 | | 11990 | 92452d74
File Copy: C:\Program Files\eGames\Speedy Eggbert 2\\IMAGE08\little.blp | 12-15-1997 | 23:45:42 | | 25654 | 175b27a3
File Copy: C:\Program Files\eGames\Speedy Eggbert 2\\IMAGE08\lost.blp | 07-01-1999 | 19:01:10 | | 308278 | 7b708d7f
File Copy: C:\Program Files\eGames\Speedy Eggbert 2\\IMAGE08\map.blp | 04-21-1998 | 09:34:56 | | 34358 | 29b9600
File Copy: C:\Program Files\eGames\Speedy Eggbert 2\\IMAGE08\movie.blp | 06-27-1997 | 10:50:40 | | 308278 | a4d33db5
File Copy: C:\Program Files\eGames\Speedy Eggbert 2\\IMAGE08\multi.blp | 07-01-1999 | 11:46:02 | | 308278 | c49610fe
File Copy: C:\Program Files\eGames\Speedy Eggbert 2\\IMAGE08\music.blp | 07-01-1999 | 11:45:52 | | 308278 | 53c46960
File Copy: C:\Program Files\eGames\Speedy Eggbert 2\\IMAGE08\name.blp | 07-01-1999 | 11:45:42 | | 308278 | c0255eec
File Copy: C:\Program Files\eGames\Speedy Eggbert 2\\IMAGE08\object.blp | 09-21-2000 | 17:42:46 | | 1359926 | 75e21023
File Copy: C:\Program Files\eGames\Speedy Eggbert 2\\IMAGE08\read.blp | 07-01-1999 | 11:45:22 | | 308278 | f4b0ee7b
File Copy: C:\Program Files\eGames\Speedy Eggbert 2\\IMAGE08\region.blp | 09-21-2000 | 17:43:56 | | 308278 | 87e772a0
File Copy: C:\Program Files\eGames\Speedy Eggbert 2\\IMAGE08\service.blp | 07-01-1999 | 11:44:56 | | 308278 | ae6e3712
File Copy: C:\Program Files\eGames\Speedy Eggbert 2\\IMAGE08\session.blp | 07-01-1999 | 11:44:46 | | 308278 | 46d8cb05
File Copy: C:\Program Files\eGames\Speedy Eggbert 2\\IMAGE08\setup.blp | 07-01-1999 | 11:44:30 | | 308278 | 964fee79
File Copy: C:\Program Files\eGames\Speedy Eggbert 2\\IMAGE08\stop.blp | 07-01-1999 | 11:44:16 | | 308278 | cf3e87cf
File Copy: C:\Program Files\eGames\Speedy Eggbert 2\\IMAGE08\temp.blp | 04-05-1998 | 20:53:06 | | 5174 | 757e7074
File Copy: C:\Program Files\eGames\Speedy Eggbert 2\\IMAGE08\text.blp | 05-25-1998 | 09:28:30 | | 99382 | 8c91157b
File Copy: C:\Program Files\eGames\Speedy Eggbert 2\\IMAGE08\win.blp | 07-02-1999 | 13:03:44 | | 308278 | eb6056b1
File Copy: C:\Program Files\eGames\Speedy Eggbert 2\\IMAGE08\write.blp | 07-01-1999 | 11:43:54 | | 308278 | 9cb8d1a9
Made Dir: C:\Program Files\eGames\Speedy Eggbert 2\\IMAGE16
File Copy: C:\Program Files\eGames\Speedy Eggbert 2\\IMAGE16\button00.blp | 09-21-2000 | 14:17:22 | | 748854 | 91fa8747
File Copy: C:\Program Files\eGames\Speedy Eggbert 2\\IMAGE16\bye.blp | 04-15-2004 | 17:02:10 | | 921654 | 64ba63bd
File Copy: C:\Program Files\eGames\Speedy Eggbert 2\\IMAGE16\clear.blp | 07-01-1999 | 00:50:52 | | 921654 | bdebde86
File Copy: C:\Program Files\eGames\Speedy Eggbert 2\\IMAGE16\create.blp | 07-01-1999 | 10:29:46 | | 921654 | 854792bb
File Copy: C:\Program Files\eGames\Speedy Eggbert 2\\IMAGE16\decor000.blp | 06-21-1998 | 23:03:48 | | 921654 | 8ff5ff32
File Copy: C:\Program Files\eGames\Speedy Eggbert 2\\IMAGE16\decor001.blp | 09-19-2000 | 20:40:46 | | 921654 | ae6526cf
File Copy: C:\Program Files\eGames\Speedy Eggbert 2\\IMAGE16\decor002.blp | 09-20-2000 | 01:44:26 | | 921654 | 4662958d
File Copy: C:\Program Files\eGames\Speedy Eggbert 2\\IMAGE16\decor003.blp | 09-20-2000 | 23:01:46 | | 921654 | b7abb148
File Copy: C:\Program Files\eGames\Speedy Eggbert 2\\IMAGE16\decor004.blp | 09-20-2000 | 01:05:34 | | 921654 | ffd3444b
File Copy: C:\Program Files\eGames\Speedy Eggbert 2\\IMAGE16\decor005.blp | 09-20-2000 | 00:51:32 | | 921654 | c1e93480
File Copy: C:\Program Files\eGames\Speedy Eggbert 2\\IMAGE16\decor006.blp | 09-20-2000 | 23:25:12 | | 921654 | d4c3e172
File Copy: C:\Program Files\eGames\Speedy Eggbert 2\\IMAGE16\decor008.blp | 09-20-2000 | 23:01:38 | | 921654 | b2699b98
File Copy: C:\Program Files\eGames\Speedy Eggbert 2\\IMAGE16\decor009.blp | 09-20-2000 | 14:12:46 | | 921654 | 719bfa17
File Copy: C:\Program Files\eGames\Speedy Eggbert 2\\IMAGE16\decor010.blp | 09-20-2000 | 00:06:48 | | 921654 | c8b46aaa
File Copy: C:\Program Files\eGames\Speedy Eggbert 2\\IMAGE16\decor011.blp | 06-21-1998 | 23:03:36 | | 921654 | 81581e5c
File Copy: C:\Program Files\eGames\Speedy Eggbert 2\\IMAGE16\decor012.blp | 06-21-1998 | 23:04:00 | | 921654 | 61e89ee0
File Copy: C:\Program Files\eGames\Speedy Eggbert 2\\IMAGE16\decor013.blp | 06-21-1998 | 23:03:40 | | 921654 | 7cd80c5a
File Copy: C:\Program Files\eGames\Speedy Eggbert 2\\IMAGE16\decor014.blp | 06-21-1998 | 23:03:40 | | 921654 | 250c089f
File Copy: C:\Program Files\eGames\Speedy Eggbert 2\\IMAGE16\decor015.blp | 09-19-2000 | 19:12:08 | | 921654 | e5c03881
File Copy: C:\Program Files\eGames\Speedy Eggbert 2\\IMAGE16\decor016.blp | 06-21-1998 | 23:03:56 | | 921654 | b28d3f83
File Copy: C:\Program Files\eGames\Speedy Eggbert 2\\IMAGE16\decor017.blp | 06-21-1998 | 23:03:56 | | 921654 | 1d21a3b5
File Copy: C:\Program Files\eGames\Speedy Eggbert 2\\IMAGE16\decor018.blp | 09-20-2000 | 00:50:44 | | 921654 | 230d8e32
File Copy: C:\Program Files\eGames\Speedy Eggbert 2\\IMAGE16\decor019.blp | 09-20-2000 | 23:38:50 | | 921654 | 3b6d90b4
File Copy: C:\Program Files\eGames\Speedy Eggbert 2\\IMAGE16\decor020.blp | 09-19-2000 | 21:27:48 | | 921654 | a67f05ad
File Copy: C:\Program Files\eGames\Speedy Eggbert 2\\IMAGE16\decor021.blp | 09-20-2000 | 00:42:14 | | 921654 | 3ae986b1
File Copy: C:\Program Files\eGames\Speedy Eggbert 2\\IMAGE16\decor022.blp | 06-21-1998 | 23:03:58 | | 921654 | 6ca1eca6
File Copy: C:\Program Files\eGames\Speedy Eggbert 2\\IMAGE16\decor023.blp | 09-20-2000 | 00:23:30 | | 921654 | 3b16641d
File Copy: C:\Program Files\eGames\Speedy Eggbert 2\\IMAGE16\decor024.blp | 09-20-2000 | 01:27:34 | | 921654 | 8c811783
File Copy: C:\Program Files\eGames\Speedy Eggbert 2\\IMAGE16\decor025.blp | 09-12-2000 | 19:41:52 | | 921654 | f1259fd9
File Copy: C:\Program Files\eGames\Speedy Eggbert 2\\IMAGE16\decor026.blp | 04-26-1999 | 10:20:38 | | 921654 | 68e59b43
File Copy: C:\Program Files\eGames\Speedy Eggbert 2\\IMAGE16\decor027.blp | 09-20-2000 | 01:34:52 | | 921654 | 294b15c0
File Copy: C:\Program Files\eGames\Speedy Eggbert 2\\IMAGE16\decor028.blp | 09-19-2000 | 19:42:24 | | 921654 | 15fcf71e
File Copy: C:\Program Files\eGames\Speedy Eggbert 2\\IMAGE16\decor029.blp | 04-27-1999 | 23:52:30 | | 921654 | 40d4d64
File Copy: C:\Program Files\eGames\Speedy Eggbert 2\\IMAGE16\decor030.blp | 05-19-1999 | 20:51:08 | | 921654 | 25babd3a
File Copy: C:\Program Files\eGames\Speedy Eggbert 2\\IMAGE16\decor031.blp | 05-05-1999 | 00:40:44 | | 921654 | e48f5533
File Copy: C:\Program Files\eGames\Speedy Eggbert 2\\IMAGE16\element.blp | 09-21-2000 | 14:59:22 | | 1731126 | e425386
File Copy: C:\Program Files\eGames\Speedy Eggbert 2\\IMAGE16\explo.blp | 10-23-1999 | 15:09:42 | | 2804934 | 9868ed26
File Copy: C:\Program Files\eGames\Speedy Eggbert 2\\IMAGE16\gamer.blp | 06-30-1999 | 19:47:38 | | 921654 | 43d66734
File Copy: C:\Program Files\eGames\Speedy Eggbert 2\\IMAGE16\gread.blp | 07-01-1999 | 00:51:18 | | 921654 | a146aa22
File Copy: C:\Program Files\eGames\Speedy Eggbert 2\\IMAGE16\gwrite.blp | 07-01-1999 | 00:51:14 | | 921654 | d5daa5b6
File Copy: C:\Program Files\eGames\Speedy Eggbert 2\\IMAGE16\help.blp | 07-01-1999 | 00:51:20 | | 921654 | 32d4dfc5
File Copy: C:\Program Files\eGames\Speedy Eggbert 2\\IMAGE16\info.blp | 07-01-1999 | 19:12:34 | | 921654 | f70bf61
File Copy: C:\Program Files\eGames\Speedy Eggbert 2\\IMAGE16\init.blp | 04-15-2004 | 17:08:16 | | 921654 | 36bf57c
File Copy: C:\Program Files\eGames\Speedy Eggbert 2\\IMAGE16\lost.blp | 07-01-1999 | 18:59:18 | | 921654 | cd77c0bb
File Copy: C:\Program Files\eGames\Speedy Eggbert 2\\IMAGE16\multi.blp | 07-01-1999 | 10:35:24 | | 921654 | fcf91640
File Copy: C:\Program Files\eGames\Speedy Eggbert 2\\IMAGE16\music.blp | 07-01-1999 | 00:51:22 | | 921654 | 9dbfe867
File Copy: C:\Program Files\eGames\Speedy Eggbert 2\\IMAGE16\name.blp | 07-01-1999 | 00:51:24 | | 921654 | 39b8c045
File Copy: C:\Program Files\eGames\Speedy Eggbert 2\\IMAGE16\object.blp | 09-20-2000 | 18:35:50 | | 4076598 | e1cb0ec0
File Copy: C:\Program Files\eGames\Speedy Eggbert 2\\IMAGE16\read.blp | 07-01-1999 | 00:51:26 | | 921654 | 8089576f
File Copy: C:\Program Files\eGames\Speedy Eggbert 2\\IMAGE16\region.blp | 09-20-2000 | 23:42:14 | | 921654 | 4ab63422
File Copy: C:\Program Files\eGames\Speedy Eggbert 2\\IMAGE16\service.blp | 07-01-1999 | 00:50:56 | | 921654 | 5a7a7a68
File Copy: C:\Program Files\eGames\Speedy Eggbert 2\\IMAGE16\session.blp | 07-01-1999 | 10:29:38 | | 921654 | 2c2806f3
File Copy: C:\Program Files\eGames\Speedy Eggbert 2\\IMAGE16\setup.blp | 07-01-1999 | 00:51:34 | | 921654 | a9e45643
File Copy: C:\Program Files\eGames\Speedy Eggbert 2\\IMAGE16\stop.blp | 07-01-1999 | 00:51:36 | | 921654 | b8ba0260
File Copy: C:\Program Files\eGames\Speedy Eggbert 2\\IMAGE16\win.blp | 07-02-1999 | 13:03:02 | | 921654 | 13912f84
File Copy: C:\Program Files\eGames\Speedy Eggbert 2\\IMAGE16\write.blp | 07-01-1999 | 00:51:38 | | 921654 | 9d690226
Made Dir: C:\Program Files\eGames\Speedy Eggbert 2\\SOUND
File Copy: C:\Program Files\eGames\Speedy Eggbert 2\\SOUND\MUSIC000.BLP | 01-26-1996 | 20:23:12 | | 43037 | 5abcc9b9
File Copy: C:\Program Files\eGames\Speedy Eggbert 2\\SOUND\MUSIC001.BLP | 01-26-1996 | 20:43:32 | | 26359 | e790505a
File Copy: C:\Program Files\eGames\Speedy Eggbert 2\\SOUND\MUSIC002.BLP | 01-26-1996 | 20:27:16 | | 30299 | 6df6a6ad
File Copy: C:\Program Files\eGames\Speedy Eggbert 2\\SOUND\MUSIC003.BLP | 01-26-1996 | 20:17:38 | | 51786 | c9e96702
File Copy: C:\Program Files\eGames\Speedy Eggbert 2\\SOUND\MUSIC004.BLP | 01-26-1996 | 20:49:06 | | 58074 | eeed19de
File Copy: C:\Program Files\eGames\Speedy Eggbert 2\\SOUND\MUSIC005.BLP | 01-26-1996 | 20:47:22 | | 37807 | 47985028
File Copy: C:\Program Files\eGames\Speedy Eggbert 2\\SOUND\MUSIC006.BLP | 01-26-1996 | 20:46:58 | | 19828 | c35f3a3a
File Copy: C:\Program Files\eGames\Speedy Eggbert 2\\SOUND\MUSIC007.BLP | 01-26-1996 | 20:45:08 | | 36549 | 7b7428f3
File Copy: C:\Program Files\eGames\Speedy Eggbert 2\\SOUND\MUSIC008.BLP | 01-26-1996 | 20:44:30 | | 42791 | 46398e8d
File Copy: C:\Program Files\eGames\Speedy Eggbert 2\\SOUND\MUSIC009.BLP | 01-26-1996 | 20:19:50 | | 24582 | 87e58258
File Copy: C:\Program Files\eGames\Speedy Eggbert 2\\SOUND\SOUND000.BLP | 09-19-1991 | 19:19:50 | | 1568 | 6f536ae7
File Copy: C:\Program Files\eGames\Speedy Eggbert 2\\SOUND\SOUND001.BLP | 05-12-1998 | 15:01:52 | | 2014 | 2c3e975b
File Copy: C:\Program Files\eGames\Speedy Eggbert 2\\SOUND\SOUND002.BLP | 05-12-1998 | 16:29:08 | | 1384 | 565877e2
File Copy: C:\Program Files\eGames\Speedy Eggbert 2\\SOUND\SOUND003.BLP | 05-12-1998 | 17:27:06 | | 7322 | 68254813
File Copy: C:\Program Files\eGames\Speedy Eggbert 2\\SOUND\SOUND004.BLP | 05-12-1998 | 16:22:58 | | 2344 | 70c59b2c
File Copy: C:\Program Files\eGames\Speedy Eggbert 2\\SOUND\SOUND005.BLP | 05-12-1998 | 15:19:08 | | 1918 | 4516f9fe
File Copy: C:\Program Files\eGames\Speedy Eggbert 2\\SOUND\SOUND006.BLP | 05-12-1998 | 12:53:54 | | 8620 | cf21aed5
File Copy: C:\Program Files\eGames\Speedy Eggbert 2\\SOUND\SOUND007.BLP | 01-29-1998 | 23:40:24 | | 18264 | 3bf92404
File Copy: C:\Program Files\eGames\Speedy Eggbert 2\\SOUND\SOUND008.BLP | 05-12-1998 | 17:00:42 | | 66356 | 738a10ba
File Copy: C:\Program Files\eGames\Speedy Eggbert 2\\SOUND\SOUND009.BLP | 05-12-1998 | 17:49:54 | | 71228 | d0d4cf8b
File Copy: C:\Program Files\eGames\Speedy Eggbert 2\\SOUND\SOUND010.BLP | 05-13-1998 | 00:24:08 | | 104294 | 91d5ea81
File Copy: C:\Program Files\eGames\Speedy Eggbert 2\\SOUND\SOUND011.BLP | 05-12-1998 | 18:02:28 | | 27688 | 763ec967
File Copy: C:\Program Files\eGames\Speedy Eggbert 2\\SOUND\SOUND012.BLP | 05-12-1998 | 17:10:54 | | 21144 | e02ca94f
File Copy: C:\Program Files\eGames\Speedy Eggbert 2\\SOUND\SOUND013.BLP | 05-12-1998 | 17:39:14 | | 64280 | 230da122
File Copy: C:\Program Files\eGames\Speedy Eggbert 2\\SOUND\SOUND014.BLP | 05-12-1998 | 21:53:24 | | 70150 | 932d1296
File Copy: C:\Program Files\eGames\Speedy Eggbert 2\\SOUND\SOUND015.BLP | 01-28-1998 | 23:09:24 | | 16748 | 5093bc4d
File Copy: C:\Program Files\eGames\Speedy Eggbert 2\\SOUND\SOUND016.BLP | 01-28-1998 | 22:44:02 | | 8868 | a7afdc9f
File Copy: C:\Program Files\eGames\Speedy Eggbert 2\\SOUND\SOUND017.BLP | 01-28-1998 | 23:07:20 | | 16748 | deab30ab
File Copy: C:\Program Files\eGames\Speedy Eggbert 2\\SOUND\SOUND018.BLP | 01-28-1998 | 23:00:44 | | 12256 | 95272054
File Copy: C:\Program Files\eGames\Speedy Eggbert 2\\SOUND\SOUND019.BLP | 05-12-1998 | 18:11:42 | | 32744 | 5b270a35
File Copy: C:\Program Files\eGames\Speedy Eggbert 2\\SOUND\SOUND020.BLP | 01-29-1998 | 23:42:08 | | 18264 | d230379f
File Copy: C:\Program Files\eGames\Speedy Eggbert 2\\SOUND\SOUND021.BLP | 01-29-1998 | 23:46:10 | | 17104 | 47fb17f
File Copy: C:\Program Files\eGames\Speedy Eggbert 2\\SOUND\SOUND022.BLP | 05-12-1998 | 15:01:26 | | 2644 | 37ea0670
File Copy: C:\Program Files\eGames\Speedy Eggbert 2\\SOUND\SOUND023.BLP | 05-13-1998 | 00:01:48 | | 73424 | 8980eab6
File Copy: C:\Program Files\eGames\Speedy Eggbert 2\\SOUND\SOUND024.BLP | 05-12-1998 | 21:46:44 | | 16568 | da3886
File Copy: C:\Program Files\eGames\Speedy Eggbert 2\\SOUND\SOUND025.BLP | 05-12-1998 | 15:13:42 | | 20280 | e4941b76
File Copy: C:\Program Files\eGames\Speedy Eggbert 2\\SOUND\SOUND026.BLP | 05-12-1998 | 16:34:18 | | 84036 | fcb9a253
File Copy: C:\Program Files\eGames\Speedy Eggbert 2\\SOUND\SOUND027.BLP | 05-12-1998 | 12:44:28 | | 11528 | ced4daf0
File Copy: C:\Program Files\eGames\Speedy Eggbert 2\\SOUND\SOUND028.BLP | 02-06-1998 | 17:32:18 | | 25350 | 54f2b4aa
File Copy: C:\Program Files\eGames\Speedy Eggbert 2\\SOUND\SOUND029.BLP | 02-06-1998 | 17:34:12 | | 15768 | dcb2c5e
File Copy: C:\Program Files\eGames\Speedy Eggbert 2\\SOUND\SOUND030.BLP | 02-06-1998 | 17:36:14 | | 21792 | afee3fac
File Copy: C:\Program Files\eGames\Speedy Eggbert 2\\SOUND\SOUND031.BLP | 02-06-1998 | 17:35:34 | | 39518 | c51842a9
File Copy: C:\Program Files\eGames\Speedy Eggbert 2\\SOUND\SOUND032.BLP | 10-03-1998 | 13:24:46 | | 20944 | f7010398
File Copy: C:\Program Files\eGames\Speedy Eggbert 2\\SOUND\SOUND033.BLP | 05-13-1998 | 10:29:12 | | 126756 | fda78240
File Copy: C:\Program Files\eGames\Speedy Eggbert 2\\SOUND\SOUND034.BLP | 05-12-1998 | 16:06:02 | | 3894 | c272d4c6
File Copy: C:\Program Files\eGames\Speedy Eggbert 2\\SOUND\SOUND035.BLP | 05-12-1998 | 16:08:16 | | 1282 | ed4bcd98
File Copy: C:\Program Files\eGames\Speedy Eggbert 2\\SOUND\SOUND036.BLP | 05-13-1998 | 10:40:12 | | 44180 | 2c69304d
File Copy: C:\Program Files\eGames\Speedy Eggbert 2\\SOUND\SOUND037.BLP | 02-20-1998 | 09:40:24 | | 2984 | b9ae3781
File Copy: C:\Program Files\eGames\Speedy Eggbert 2\\SOUND\SOUND038.BLP | 05-12-1998 | 12:45:36 | | 13104 | 5a5d9f86
File Copy: C:\Program Files\eGames\Speedy Eggbert 2\\SOUND\SOUND039.BLP | 05-12-1998 | 12:45:54 | | 9576 | 29286a95
File Copy: C:\Program Files\eGames\Speedy Eggbert 2\\SOUND\SOUND040.BLP | 05-12-1998 | 12:46:14 | | 10552 | ae68ea2
File Copy: C:\Program Files\eGames\Speedy Eggbert 2\\SOUND\SOUND041.BLP | 02-23-1998 | 17:09:32 | | 11112 | caf27d12
File Copy: C:\Program Files\eGames\Speedy Eggbert 2\\SOUND\SOUND042.BLP | 03-13-1998 | 20:24:58 | | 88326 | f7796c0
File Copy: C:\Program Files\eGames\Speedy Eggbert 2\\SOUND\SOUND043.BLP | 03-13-1998 | 20:25:40 | | 63452 | ada5d01b
File Copy: C:\Program Files\eGames\Speedy Eggbert 2\\SOUND\SOUND044.BLP | 03-13-1998 | 20:22:04 | | 43926 | 9a7df132
File Copy: C:\Program Files\eGames\Speedy Eggbert 2\\SOUND\SOUND045.BLP | 03-13-1998 | 20:22:48 | | 43926 | b33138ad
File Copy: C:\Program Files\eGames\Speedy Eggbert 2\\SOUND\SOUND046.BLP | 05-12-1998 | 12:47:20 | | 20892 | 41729bd2
File Copy: C:\Program Files\eGames\Speedy Eggbert 2\\SOUND\SOUND047.BLP | 05-12-1998 | 12:47:38 | | 13140 | f1e4f022
File Copy: C:\Program Files\eGames\Speedy Eggbert 2\\SOUND\SOUND048.BLP | 05-12-1998 | 12:48:00 | | 17548 | 6c52b0e1
File Copy: C:\Program Files\eGames\Speedy Eggbert 2\\SOUND\SOUND049.BLP | 05-12-1998 | 12:55:32 | | 138570 | 149adf39
File Copy: C:\Program Files\eGames\Speedy Eggbert 2\\SOUND\SOUND050.BLP | 05-12-1998 | 12:48:52 | | 32488 | 89de6f6c
File Copy: C:\Program Files\eGames\Speedy Eggbert 2\\SOUND\SOUND051.BLP | 04-01-1998 | 17:03:44 | | 48542 | 4ba7cbed
File Copy: C:\Program Files\eGames\Speedy Eggbert 2\\SOUND\SOUND052.BLP | 04-01-1998 | 17:31:30 | | 6070 | d4bc6f06
File Copy: C:\Program Files\eGames\Speedy Eggbert 2\\SOUND\SOUND053.BLP | 05-19-1996 | 16:40:54 | | 10850 | 59ab184d
File Copy: C:\Program Files\eGames\Speedy Eggbert 2\\SOUND\SOUND054.BLP | 05-10-1996 | 12:38:18 | | 12370 | c9b86873
File Copy: C:\Program Files\eGames\Speedy Eggbert 2\\SOUND\SOUND055.BLP | 04-03-1998 | 00:29:18 | | 99118 | e9e63117
File Copy: C:\Program Files\eGames\Speedy Eggbert 2\\SOUND\SOUND056.BLP | 04-03-1998 | 00:29:34 | | 99118 | c846cb64
File Copy: C:\Program Files\eGames\Speedy Eggbert 2\\SOUND\SOUND057.BLP | 04-06-1998 | 22:20:54 | | 26724 | d9e8b620
File Copy: C:\Program Files\eGames\Speedy Eggbert 2\\SOUND\SOUND058.BLP | 04-06-1998 | 22:18:34 | | 53408 | 91dcf64a
File Copy: C:\Program Files\eGames\Speedy Eggbert 2\\SOUND\SOUND059.BLP | 05-13-1998 | 10:41:12 | | 65374 | 53dc30ce
File Copy: C:\Program Files\eGames\Speedy Eggbert 2\\SOUND\SOUND060.BLP | 05-12-1998 | 12:49:14 | | 18014 | 911bc2e3
File Copy: C:\Program Files\eGames\Speedy Eggbert 2\\SOUND\SOUND061.BLP | 05-12-1998 | 12:51:08 | | 26390 | cee20616
File Copy: C:\Program Files\eGames\Speedy Eggbert 2\\SOUND\SOUND062.BLP | 04-06-1998 | 22:14:12 | | 81870 | 67266ac3
File Copy: C:\Program Files\eGames\Speedy Eggbert 2\\SOUND\SOUND063.BLP | 04-06-1998 | 22:14:24 | | 81870 | 3783f5b0
File Copy: C:\Program Files\eGames\Speedy Eggbert 2\\SOUND\SOUND064.BLP | 05-12-1998 | 21:47:28 | | 9766 | 41262f9d
File Copy: C:\Program Files\eGames\Speedy Eggbert 2\\SOUND\SOUND065.BLP | 05-12-1998 | 12:51:36 | | 35490 | c3ec130b
File Copy: C:\Program Files\eGames\Speedy Eggbert 2\\SOUND\sound066.blp | 04-08-1997 | 19:10:14 | | 12072 | 2290ac3d
File Copy: C:\Program Files\eGames\Speedy Eggbert 2\\SOUND\sound067.blp | 04-21-1999 | 00:06:40 | | 12154 | a19f599e
File Copy: C:\Program Files\eGames\Speedy Eggbert 2\\SOUND\sound068.blp | 04-14-1997 | 09:09:46 | | 7212 | 5aab0a90
File Copy: C:\Program Files\eGames\Speedy Eggbert 2\\SOUND\sound069.blp | 03-29-1997 | 18:02:02 | | 5430 | 49229a0c
File Copy: C:\Program Files\eGames\Speedy Eggbert 2\\SOUND\sound070.blp | 04-08-1997 | 19:35:12 | | 15928 | 3162cc24
File Copy: C:\Program Files\eGames\Speedy Eggbert 2\\SOUND\sound071.blp | 04-03-1997 | 15:25:28 | | 88828 | 91d88f65
File Copy: C:\Program Files\eGames\Speedy Eggbert 2\\SOUND\sound072.blp | 05-07-1999 | 19:27:28 | | 41858 | 55d8aa6
File Copy: C:\Program Files\eGames\Speedy Eggbert 2\\SOUND\sound073.blp | 05-07-1999 | 19:28:30 | | 23396 | 1bf4f6e0
File Copy: C:\Program Files\eGames\Speedy Eggbert 2\\SOUND\sound074.blp | 03-17-1997 | 17:32:10 | | 36532 | 1a2dcc56
File Copy: C:\Program Files\eGames\Speedy Eggbert 2\\SOUND\sound075.blp | 05-10-1999 | 11:00:06 | | 76222 | afd750fa
File Copy: C:\Program Files\eGames\Speedy Eggbert 2\\SOUND\sound076.blp | 05-14-1999 | 20:00:32 | | 65530 | 45045704
File Copy: C:\Program Files\eGames\Speedy Eggbert 2\\SOUND\sound077.blp | 05-14-1999 | 20:01:44 | | 62800 | 8fb110a9
File Copy: C:\Program Files\eGames\Speedy Eggbert 2\\SOUND\sound078.blp | 10-21-1999 | 01:06:36 | | 3722 | 57e07279
File Copy: C:\Program Files\eGames\Speedy Eggbert 2\\SOUND\sound079.blp | 10-21-1999 | 00:55:18 | | 2344 | b2afe59e
File Copy: C:\Program Files\eGames\Speedy Eggbert 2\\SOUND\sound080.blp | 10-21-1999 | 01:08:32 | | 4130 | 3a5a4241
File Copy: C:\Program Files\eGames\Speedy Eggbert 2\\SOUND\sound081.blp | 10-21-1999 | 01:04:52 | | 9748 | c977adec
File Copy: C:\Program Files\eGames\Speedy Eggbert 2\\SOUND\sound082.blp | 10-22-1999 | 10:07:42 | | 13916 | 2e8ad387
File Copy: C:\Program Files\eGames\Speedy Eggbert 2\\SOUND\sound083.blp | 10-22-1999 | 10:08:50 | | 15612 | ac06a34
File Copy: C:\Program Files\eGames\Speedy Eggbert 2\\SOUND\sound084.blp | 10-21-1999 | 01:13:08 | | 8008 | 7c24e441
File Copy: C:\Program Files\eGames\Speedy Eggbert 2\\SOUND\sound085.blp | 10-21-1999 | 00:57:26 | | 1970 | 982ac2bc
File Copy: C:\Program Files\eGames\Speedy Eggbert 2\\SOUND\sound086.blp | 10-21-1999 | 14:34:58 | | 6738 | 37076a0d
File Copy: C:\Program Files\eGames\Speedy Eggbert 2\\SOUND\sound087.blp | 10-21-1999 | 14:35:06 | | 6690 | 11ca9f7a
File Copy: C:\Program Files\eGames\Speedy Eggbert 2\\SOUND\sound088.blp | 10-21-1999 | 14:35:12 | | 11912 | 4489d11
File Copy: C:\Program Files\eGames\Speedy Eggbert 2\\SOUND\sound089.blp | 10-21-1999 | 14:34:50 | | 6014 | 92629cac
File Copy: C:\Program Files\eGames\Speedy Eggbert 2\\SOUND\sound090.blp | 10-21-1999 | 14:34:44 | | 6626 | ef23d5d8
File Copy: C:\Program Files\eGames\Speedy Eggbert 2\\SOUND\sound091.blp | 10-21-1999 | 14:34:36 | | 4618 | 25955ba2
File Copy: C:\Program Files\eGames\Speedy Eggbert 2\\SOUND\sound092.blp | 10-22-1999 | 21:27:58 | | 5638 | 5a064286
Shell Link: C:\Documents and Settings\Administrator\Plocha\eGames.lnk
Link Info: C:\WINDOWS\explorer.exe | C:\PROGRA~1\eGames\SPEEDY~2 | C:\PROGRA~1\eGames\SPEEDY~2\egames.ico | 0 | 1 | 0 |  "C:\Documents and Settings\Administrator\Nabídka Start\Programy\eGames"
Made Dir: C:\Documents and Settings\Administrator\Nabídka Start\Programy\eGames\Speedy Eggbert 2
Shell Link: C:\Documents and Settings\Administrator\Nabídka Start\Programy\eGames\Speedy Eggbert 2\Speedy Eggbert 2.lnk
Link Info: C:\PROGRA~1\eGames\SPEEDY~2\Eggbert2.exe | C:\PROGRA~1\eGames\SPEEDY~2 | C:\PROGRA~1\eGames\SPEEDY~2\icon.ico | 0 | 1 | 0 | 
Shell Link: C:\Documents and Settings\Administrator\Nabídka Start\Programy\eGames\Speedy Eggbert 2\Visit eGames.com.lnk
Link Info: C:\Program Files\eGames\Speedy Eggbert 2\egames.url | C:\PROGRA~1\eGames\SPEEDY~2 |  | 0 | 1 | 0 | 
INI New: Created INI
INI File: C:\Program Files\eGames\Speedy Eggbert 2\UNWISE.INI
INI Sect: Settings
INI Item: No Background
INI Val: 0
User Rights: Admin
***  Installation Started 07/06/2024 17:38  ***
Title:  Installation
Source: E:\Setup.exe | 11-17-2004 | 09:03:00 | 32064153
File Overwrite: C:\Program Files\eGames\Speedy Eggbert 2\UNWISE.EXE | 06-25-1999 | 11:55:30 | | 149504 | 30fdd633
RegDB Key: Software\Microsoft\Windows\CurrentVersion\Uninstall\Speedy Eggbert 2
RegDB Val: Speedy Eggbert 2
RegDB Name: DisplayName
RegDB Root: 2
RegDB Old: Speedy Eggbert 2
RegDB Key: Software\Microsoft\Windows\CurrentVersion\Uninstall\Speedy Eggbert 2
RegDB Val: C:\PROGRA~1\eGames\SPEEDY~2\UNWISE.EXE C:\PROGRA~1\eGames\SPEEDY~2\INSTALL.LOG
RegDB Name: UninstallString
RegDB Root: 2
RegDB Old: C:\PROGRA~1\eGames\SPEEDY~2\UNWISE.EXE C:\PROGRA~1\eGames\SPEEDY~2\INSTALL.LOG
File Overwrite: C:\Program Files\eGames\Speedy Eggbert 2\\egames.ico | 11-24-1999 | 15:11:56 | | 5694 | 3b09c111
File Overwrite: C:\Program Files\eGames\Speedy Eggbert 2\\egames.url | 03-02-1999 | 09:35:52 | | 77 | f269c92d
File Overwrite: C:\Program Files\eGames\Speedy Eggbert 2\\Eggbert2.exe | 05-03-2004 | 10:56:04 | 0.4.0.0 | 602624 | 7b7238bd
File Overwrite: C:\Program Files\eGames\Speedy Eggbert 2\\icon.ico | 11-24-1999 | 15:11:56 | | 5694 | 3b09c111
File Overwrite: C:\Program Files\eGames\Speedy Eggbert 2\\DATA\bench.blp | 04-30-2004 | 17:46:30 | | 16 | 3d5ad1c3
File Overwrite: C:\Program Files\eGames\Speedy Eggbert 2\\DATA\config.def | 04-30-2004 | 17:46:24 | | 105 | ee6931c4
File Overwrite: C:\Program Files\eGames\Speedy Eggbert 2\\DATA\demo300.blp | 12-10-1999 | 18:02:22 | | 1428 | 6ccef070
File Overwrite: C:\Program Files\eGames\Speedy Eggbert 2\\DATA\demo301.blp | 12-10-1999 | 18:10:08 | | 1256 | ce37c0c6
File Overwrite: C:\Program Files\eGames\Speedy Eggbert 2\\DATA\demo302.blp | 12-10-1999 | 17:57:06 | | 1012 | 3e60c6c
File Overwrite: C:\Program Files\eGames\Speedy Eggbert 2\\DATA\demo303.blp | 12-10-1999 | 17:57:34 | | 488 | 19582743
File Overwrite: C:\Program Files\eGames\Speedy Eggbert 2\\DATA\demo304.blp | 12-10-1999 | 18:23:40 | | 2200 | aa12eebf
File Overwrite: C:\Program Files\eGames\Speedy Eggbert 2\\DATA\demo305.blp | 12-10-1999 | 18:24:26 | | 1044 | 23907335
File Overwrite: C:\Program Files\eGames\Speedy Eggbert 2\\DATA\demo306.blp | 12-10-1999 | 18:28:38 | | 1148 | acf25a9d
File Overwrite: C:\Program Files\eGames\Speedy Eggbert 2\\DATA\demo307.blp | 12-10-1999 | 18:00:14 | | 1464 | 87ced6d5
File Overwrite: C:\Program Files\eGames\Speedy Eggbert 2\\DATA\demo308.blp | 12-10-1999 | 18:00:58 | | 1244 | c710613
File Overwrite: C:\Program Files\eGames\Speedy Eggbert 2\\DATA\demo309.blp | 12-10-1999 | 18:40:36 | | 1396 | 442a6d58
File Overwrite: C:\Program Files\eGames\Speedy Eggbert 2\\DATA\world001.blp | 09-20-2000 | 15:13:56 | | 50468 | 5c6388fa
File Overwrite: C:\Program Files\eGames\Speedy Eggbert 2\\DATA\world010.blp | 05-03-2004 | 17:09:28 | | 50468 | a57e62af
File Overwrite: C:\Program Files\eGames\Speedy Eggbert 2\\DATA\world020.blp | 09-19-2000 | 20:57:00 | | 50468 | bff8c21a
File Overwrite: C:\Program Files\eGames\Speedy Eggbert 2\\DATA\world021.blp | 09-21-2000 | 17:31:08 | | 50468 | ea91cc15
File Overwrite: C:\Program Files\eGames\Speedy Eggbert 2\\DATA\world022.blp | 09-20-2000 | 09:08:40 | | 50468 | 7f18ce54
File Overwrite: C:\Program Files\eGames\Speedy Eggbert 2\\DATA\world023.blp | 10-01-2000 | 11:41:56 | | 50468 | 93696a8c
File Overwrite: C:\Program Files\eGames\Speedy Eggbert 2\\DATA\world024.blp | 10-01-2000 | 11:47:50 | | 50468 | a9b6dce6
File Overwrite: C:\Program Files\eGames\Speedy Eggbert 2\\DATA\world025.blp | 10-01-2000 | 11:49:38 | | 50468 | 6bd4d755
File Overwrite: C:\Program Files\eGames\Speedy Eggbert 2\\DATA\world030.blp | 12-10-1999 | 19:33:02 | | 50468 | 8fc70fd8
File Overwrite: C:\Program Files\eGames\Speedy Eggbert 2\\DATA\world031.blp | 09-21-2000 | 15:16:20 | | 50468 | 71fa09d9
File Overwrite: C:\Program Files\eGames\Speedy Eggbert 2\\DATA\world032.blp | 10-01-2000 | 11:51:58 | | 50468 | 43c5e520
File Overwrite: C:\Program Files\eGames\Speedy Eggbert 2\\DATA\world033.blp | 09-20-2000 | 19:02:14 | | 50468 | 8b5b9012
File Overwrite: C:\Program Files\eGames\Speedy Eggbert 2\\DATA\world034.blp | 09-20-2000 | 19:02:50 | | 50468 | 4b69d4aa
File Overwrite: C:\Program Files\eGames\Speedy Eggbert 2\\DATA\world040.blp | 12-10-1999 | 19:33:06 | | 50468 | d4f5356a
File Overwrite: C:\Program Files\eGames\Speedy Eggbert 2\\DATA\world041.blp | 10-01-2000 | 12:33:50 | | 50468 | aeea7823
File Overwrite: C:\Program Files\eGames\Speedy Eggbert 2\\DATA\world042.blp | 10-02-2000 | 14:56:54 | | 50468 | ef3c8be3
File Overwrite: C:\Program Files\eGames\Speedy Eggbert 2\\DATA\world043.blp | 09-20-2000 | 00:42:42 | | 50468 | 6862ac79
File Overwrite: C:\Program Files\eGames\Speedy Eggbert 2\\DATA\world044.blp | 09-20-2000 | 19:14:32 | | 50468 | c44163e9
File Overwrite: C:\Program Files\eGames\Speedy Eggbert 2\\DATA\world045.blp | 09-20-2000 | 23:35:40 | | 50468 | 5b7d4db9
File Overwrite: C:\Program Files\eGames\Speedy Eggbert 2\\DATA\world046.blp | 09-20-2000 | 19:23:50 | | 50468 | b904b56e
File Overwrite: C:\Program Files\eGames\Speedy Eggbert 2\\DATA\world050.blp | 09-20-2000 | 11:29:18 | | 50468 | d788de2a
File Overwrite: C:\Program Files\eGames\Speedy Eggbert 2\\DATA\world051.blp | 09-20-2000 | 19:26:12 | | 50468 | b671d188
File Overwrite: C:\Program Files\eGames\Speedy Eggbert 2\\DATA\world052.blp | 09-23-2000 | 01:34:54 | | 50468 | c8ec13c0
File Overwrite: C:\Program Files\eGames\Speedy Eggbert 2\\DATA\world053.blp | 09-23-2000 | 01:53:48 | | 50468 | eabbfd5b
File Overwrite: C:\Program Files\eGames\Speedy Eggbert 2\\DATA\world054.blp | 10-01-2000 | 12:29:56 | | 50468 | 8422cf5d
File Overwrite: C:\Program Files\eGames\Speedy Eggbert 2\\DATA\world055.blp | 09-20-2000 | 21:10:42 | | 50468 | 29204a30
File Overwrite: C:\Program Files\eGames\Speedy Eggbert 2\\DATA\world056.blp | 09-22-2000 | 23:50:46 | | 50468 | 6f48025f
File Overwrite: C:\Program Files\eGames\Speedy Eggbert 2\\DATA\world057.blp | 09-22-2000 | 23:57:22 | | 50468 | da933996
File Overwrite: C:\Program Files\eGames\Speedy Eggbert 2\\DATA\world058.blp | 09-23-2000 | 00:04:38 | | 50468 | a11e75b0
File Overwrite: C:\Program Files\eGames\Speedy Eggbert 2\\DATA\world060.blp | 12-10-1999 | 19:33:10 | | 50468 | ac19844d
File Overwrite: C:\Program Files\eGames\Speedy Eggbert 2\\DATA\world061.blp | 09-20-2000 | 23:57:12 | | 50468 | 1895250a
File Overwrite: C:\Program Files\eGames\Speedy Eggbert 2\\DATA\world062.blp | 09-21-2000 | 00:10:34 | | 50468 | 26f8b97e
File Overwrite: C:\Program Files\eGames\Speedy Eggbert 2\\DATA\world063.blp | 12-10-1999 | 19:37:52 | | 50468 | 9518b8db
File Overwrite: C:\Program Files\eGames\Speedy Eggbert 2\\DATA\world064.blp | 09-21-2000 | 00:18:06 | | 50468 | fd99f0dd
File Overwrite: C:\Program Files\eGames\Speedy Eggbert 2\\DATA\world065.blp | 09-21-2000 | 00:18:16 | | 50468 | 336b7e9d
File Overwrite: C:\Program Files\eGames\Speedy Eggbert 2\\DATA\world066.blp | 09-23-2000 | 22:32:22 | | 50468 | 63664c27
File Overwrite: C:\Program Files\eGames\Speedy Eggbert 2\\DATA\world070.blp | 12-10-1999 | 19:33:12 | | 50468 | 2e0a170
File Overwrite: C:\Program Files\eGames\Speedy Eggbert 2\\DATA\world071.blp | 12-10-1999 | 19:38:14 | | 50468 | 98b4cd99
File Overwrite: C:\Program Files\eGames\Speedy Eggbert 2\\DATA\world072.blp | 09-21-2000 | 00:19:00 | | 50468 | fadc9f70
File Overwrite: C:\Program Files\eGames\Speedy Eggbert 2\\DATA\world073.blp | 09-21-2000 | 00:22:32 | | 50468 | d9ecee72
File Overwrite: C:\Program Files\eGames\Speedy Eggbert 2\\DATA\world074.blp | 09-21-2000 | 00:27:16 | | 50468 | 99b97183
File Overwrite: C:\Program Files\eGames\Speedy Eggbert 2\\DATA\world075.blp | 09-23-2000 | 00:49:42 | | 50468 | 9ad575
File Overwrite: C:\Program Files\eGames\Speedy Eggbert 2\\DATA\world080.blp | 09-20-2000 | 16:52:34 | | 50468 | d064e5c8
File Overwrite: C:\Program Files\eGames\Speedy Eggbert 2\\DATA\world081.blp | 09-23-2000 | 01:26:02 | | 50468 | c7cd8cb8
File Overwrite: C:\Program Files\eGames\Speedy Eggbert 2\\DATA\world082.blp | 09-23-2000 | 00:55:30 | | 50468 | 51bd4a0d
File Overwrite: C:\Program Files\eGames\Speedy Eggbert 2\\DATA\world083.blp | 09-23-2000 | 01:29:38 | | 50468 | 981bdf3f
File Overwrite: C:\Program Files\eGames\Speedy Eggbert 2\\DATA\world084.blp | 12-10-1999 | 19:38:48 | | 50468 | 92b199b8
File Overwrite: C:\Program Files\eGames\Speedy Eggbert 2\\DATA\world090.blp | 12-10-1999 | 19:33:30 | | 50468 | 88e6530d
File Overwrite: C:\Program Files\eGames\Speedy Eggbert 2\\DATA\world091.blp | 09-22-2000 | 22:02:52 | | 50468 | 714db095
File Overwrite: C:\Program Files\eGames\Speedy Eggbert 2\\DATA\world092.blp | 09-21-2000 | 15:15:44 | | 50468 | bcbe1107
File Overwrite: C:\Program Files\eGames\Speedy Eggbert 2\\DATA\world093.blp | 09-22-2000 | 22:20:38 | | 50468 | d5449b44
File Overwrite: C:\Program Files\eGames\Speedy Eggbert 2\\DATA\world094.blp | 09-21-2000 | 01:04:26 | | 50468 | 8d336efd
File Overwrite: C:\Program Files\eGames\Speedy Eggbert 2\\DATA\world095.blp | 09-21-2000 | 01:06:08 | | 50468 | ca195507
File Overwrite: C:\Program Files\eGames\Speedy Eggbert 2\\DATA\world100.blp | 12-10-1999 | 19:33:34 | | 50468 | 344c6887
File Overwrite: C:\Program Files\eGames\Speedy Eggbert 2\\DATA\world101.blp | 09-21-2000 | 01:06:32 | | 50468 | 71a3c593
File Overwrite: C:\Program Files\eGames\Speedy Eggbert 2\\DATA\world102.blp | 09-22-2000 | 22:56:36 | | 50468 | c0c61d7f
File Overwrite: C:\Program Files\eGames\Speedy Eggbert 2\\DATA\world103.blp | 09-21-2000 | 01:11:12 | | 50468 | 174fc13c
File Overwrite: C:\Program Files\eGames\Speedy Eggbert 2\\DATA\world104.blp | 09-22-2000 | 23:05:50 | | 50468 | ad16c751
File Overwrite: C:\Program Files\eGames\Speedy Eggbert 2\\DATA\world105.blp | 09-22-2000 | 23:11:34 | | 50468 | 23f01c1
File Overwrite: C:\Program Files\eGames\Speedy Eggbert 2\\DATA\world106.blp | 09-22-2000 | 23:17:56 | | 50468 | e3714e25
File Overwrite: C:\Program Files\eGames\Speedy Eggbert 2\\DATA\world107.blp | 09-21-2000 | 01:12:14 | | 50468 | c47c50ed
File Overwrite: C:\Program Files\eGames\Speedy Eggbert 2\\DATA\world110.blp | 12-10-1999 | 19:33:38 | | 50468 | e022ed3a
File Overwrite: C:\Program Files\eGames\Speedy Eggbert 2\\DATA\world111.blp | 12-10-1999 | 19:40:46 | | 50468 | 9690c63b
File Overwrite: C:\Program Files\eGames\Speedy Eggbert 2\\DATA\world112.blp | 09-21-2000 | 01:13:48 | | 50468 | d2df1855
File Overwrite: C:\Program Files\eGames\Speedy Eggbert 2\\DATA\world113.blp | 10-01-2000 | 12:04:00 | | 50468 | 8873021c
File Overwrite: C:\Program Files\eGames\Speedy Eggbert 2\\DATA\world114.blp | 10-01-2000 | 12:10:20 | | 50468 | 2c470ba2
File Overwrite: C:\Program Files\eGames\Speedy Eggbert 2\\DATA\world115.blp | 10-01-2000 | 12:13:56 | | 50468 | 536716d1
File Overwrite: C:\Program Files\eGames\Speedy Eggbert 2\\DATA\world120.blp | 12-10-1999 | 19:33:42 | | 50468 | 6945b7f0
File Overwrite: C:\Program Files\eGames\Speedy Eggbert 2\\DATA\world121.blp | 10-01-2000 | 11:39:06 | | 50468 | df450062
File Overwrite: C:\Program Files\eGames\Speedy Eggbert 2\\DATA\world122.blp | 09-21-2000 | 01:19:54 | | 50468 | e06005bb
File Overwrite: C:\Program Files\eGames\Speedy Eggbert 2\\DATA\world123.blp | 09-20-2000 | 23:56:54 | | 50468 | a9d7e1a7
File Overwrite: C:\Program Files\eGames\Speedy Eggbert 2\\DATA\world124.blp | 09-21-2000 | 01:26:12 | | 50468 | c2b98702
File Overwrite: C:\Program Files\eGames\Speedy Eggbert 2\\DATA\world125.blp | 12-10-1999 | 19:40:28 | | 50468 | f9ebdd81
File Overwrite: C:\Program Files\eGames\Speedy Eggbert 2\\DATA\world199.blp | 12-10-1999 | 15:32:52 | | 50468 | a5295f2f
File Overwrite: C:\Program Files\eGames\Speedy Eggbert 2\\DATA\world201.blp | 10-02-2000 | 15:43:46 | | 50468 | cf2e6806
File Overwrite: C:\Program Files\eGames\Speedy Eggbert 2\\DATA\world202.blp | 10-02-2000 | 15:43:52 | | 50468 | bc0f556c
File Overwrite: C:\Program Files\eGames\Speedy Eggbert 2\\DATA\world203.blp | 10-02-2000 | 15:44:00 | | 50468 | e44b3481
File Overwrite: C:\Program Files\eGames\Speedy Eggbert 2\\DATA\world204.blp | 10-02-2000 | 15:44:12 | | 50468 | 3e10cc37
File Overwrite: C:\Program Files\eGames\Speedy Eggbert 2\\DATA\world205.blp | 10-02-2000 | 15:44:24 | | 50468 | 1179d687
File Overwrite: C:\Program Files\eGames\Speedy Eggbert 2\\DATA\world206.blp | 10-02-2000 | 15:44:30 | | 50468 | d0aaac9a
File Overwrite: C:\Program Files\eGames\Speedy Eggbert 2\\DATA\world207.blp | 10-02-2000 | 15:44:36 | | 50468 | 38d088c
File Overwrite: C:\Program Files\eGames\Speedy Eggbert 2\\DATA\world208.blp | 10-02-2000 | 15:44:42 | | 50468 | a7efd491
File Overwrite: C:\Program Files\eGames\Speedy Eggbert 2\\DATA\world209.blp | 10-02-2000 | 15:44:48 | | 50468 | 2f4c31bf
File Overwrite: C:\Program Files\eGames\Speedy Eggbert 2\\DATA\world210.blp | 10-02-2000 | 15:44:56 | | 50468 | b4b12ef1
File Overwrite: C:\Program Files\eGames\Speedy Eggbert 2\\DATA\world211.blp | 10-02-2000 | 15:46:18 | | 50468 | 1317d99
File Overwrite: C:\Program Files\eGames\Speedy Eggbert 2\\DATA\world212.blp | 10-02-2000 | 15:46:24 | | 50468 | 4a3c726f
File Overwrite: C:\Program Files\eGames\Speedy Eggbert 2\\DATA\world300.blp | 12-10-1999 | 17:48:54 | | 50468 | a94b6385
File Overwrite: C:\Program Files\eGames\Speedy Eggbert 2\\DATA\world301.blp | 12-10-1999 | 15:35:28 | | 50468 | e31f3d06
File Overwrite: C:\Program Files\eGames\Speedy Eggbert 2\\DATA\world302.blp | 07-26-1999 | 18:17:18 | | 50468 | 96cf0be8
File Overwrite: C:\Program Files\eGames\Speedy Eggbert 2\\DATA\world303.blp | 12-10-1999 | 17:49:08 | | 50468 | 592efd7c
File Overwrite: C:\Program Files\eGames\Speedy Eggbert 2\\DATA\world304.blp | 12-10-1999 | 18:21:52 | | 50468 | 6afd3c6a
File Overwrite: C:\Program Files\eGames\Speedy Eggbert 2\\DATA\world305.blp | 12-10-1999 | 18:14:14 | | 50468 | f4adbeae
File Overwrite: C:\Program Files\eGames\Speedy Eggbert 2\\DATA\world306.blp | 12-10-1999 | 17:52:04 | | 50468 | 5fa4793
File Overwrite: C:\Program Files\eGames\Speedy Eggbert 2\\DATA\world307.blp | 12-10-1999 | 17:52:36 | | 50468 | 801b89d5
File Overwrite: C:\Program Files\eGames\Speedy Eggbert 2\\DATA\world308.blp | 12-10-1999 | 17:52:50 | | 50468 | 2985dad2
File Overwrite: C:\Program Files\eGames\Speedy Eggbert 2\\DATA\world309.blp | 12-10-1999 | 18:37:42 | | 50468 | be351a03
File Overwrite: C:\Program Files\eGames\Speedy Eggbert 2\\IMAGE08\blupi000.blp | 05-14-1999 | 14:22:52 | | 725878 | c1397be
File Overwrite: C:\Program Files\eGames\Speedy Eggbert 2\\IMAGE08\blupi001.blp | 05-14-1999 | 14:31:18 | | 725878 | b2b15398
File Overwrite: C:\Program Files\eGames\Speedy Eggbert 2\\IMAGE08\blupi002.blp | 05-14-1999 | 14:32:14 | | 725878 | 1fa4a023
File Overwrite: C:\Program Files\eGames\Speedy Eggbert 2\\IMAGE08\blupi003.blp | 05-14-1999 | 14:30:34 | | 725878 | f4ae68c
File Overwrite: C:\Program Files\eGames\Speedy Eggbert 2\\IMAGE08\button00.blp | 09-21-2000 | 17:44:16 | | 250678 | d52ecab5
File Overwrite: C:\Program Files\eGames\Speedy Eggbert 2\\IMAGE08\bye.blp | 04-15-2004 | 17:12:34 | | 308278 | 97c4ef46
File Overwrite: C:\Program Files\eGames\Speedy Eggbert 2\\IMAGE08\clear.blp | 07-01-1999 | 11:42:30 | | 308278 | eb8ee8c8
File Overwrite: C:\Program Files\eGames\Speedy Eggbert 2\\IMAGE08\create.blp | 07-01-1999 | 11:42:46 | | 308278 | 646de0d3
File Overwrite: C:\Program Files\eGames\Speedy Eggbert 2\\IMAGE08\decor000.blp | 03-10-1998 | 19:30:54 | | 308278 | 1e829325
File Overwrite: C:\Program Files\eGames\Speedy Eggbert 2\\IMAGE08\decor001.blp | 09-21-2000 | 17:39:58 | | 308278 | 9a8e688c
File Overwrite: C:\Program Files\eGames\Speedy Eggbert 2\\IMAGE08\decor002.blp | 09-21-2000 | 17:42:20 | | 308278 | 677cf9be
File Overwrite: C:\Program Files\eGames\Speedy Eggbert 2\\IMAGE08\decor003.blp | 09-21-2000 | 17:43:16 | | 308278 | 9fe74c7b
File Overwrite: C:\Program Files\eGames\Speedy Eggbert 2\\IMAGE08\decor004.blp | 09-21-2000 | 17:44:28 | | 308278 | 520f577f
File Overwrite: C:\Program Files\eGames\Speedy Eggbert 2\\IMAGE08\decor005.blp | 09-21-2000 | 17:41:26 | | 308278 | 99e47cfb
File Overwrite: C:\Program Files\eGames\Speedy Eggbert 2\\IMAGE08\decor006.blp | 09-21-2000 | 17:43:30 | | 308278 | 3fbe788b
File Overwrite: C:\Program Files\eGames\Speedy Eggbert 2\\IMAGE08\decor007.blp | 01-29-1998 | 21:08:34 | | 308278 | ef283c40
File Overwrite: C:\Program Files\eGames\Speedy Eggbert 2\\IMAGE08\decor008.blp | 09-21-2000 | 17:43:02 | | 308278 | c439f56d
File Overwrite: C:\Program Files\eGames\Speedy Eggbert 2\\IMAGE08\decor009.blp | 09-21-2000 | 17:42:34 | | 308278 | 7f860fe4
File Overwrite: C:\Program Files\eGames\Speedy Eggbert 2\\IMAGE08\decor010.blp | 09-21-2000 | 17:40:26 | | 308278 | 8095f819
File Overwrite: C:\Program Files\eGames\Speedy Eggbert 2\\IMAGE08\decor011.blp | 02-17-1998 | 15:26:18 | | 308278 | 758ce73b
File Overwrite: C:\Program Files\eGames\Speedy Eggbert 2\\IMAGE08\decor012.blp | 03-20-1998 | 00:19:08 | | 308278 | 820314cc
File Overwrite: C:\Program Files\eGames\Speedy Eggbert 2\\IMAGE08\decor013.blp | 03-10-1998 | 19:13:28 | | 308278 | 7c299deb
File Overwrite: C:\Program Files\eGames\Speedy Eggbert 2\\IMAGE08\decor014.blp | 03-10-1998 | 19:13:52 | | 308278 | dda544f
File Overwrite: C:\Program Files\eGames\Speedy Eggbert 2\\IMAGE08\decor015.blp | 09-21-2000 | 17:39:22 | | 308278 | a411e826
File Overwrite: C:\Program Files\eGames\Speedy Eggbert 2\\IMAGE08\decor016.blp | 03-18-1998 | 00:38:40 | | 308278 | 6cbed19d
File Overwrite: C:\Program Files\eGames\Speedy Eggbert 2\\IMAGE08\decor017.blp | 03-18-1998 | 00:39:04 | | 308278 | 7632c2fc
File Overwrite: C:\Program Files\eGames\Speedy Eggbert 2\\IMAGE08\decor018.blp | 09-21-2000 | 17:41:10 | | 308278 | 7a96cd5f
File Overwrite: C:\Program Files\eGames\Speedy Eggbert 2\\IMAGE08\decor019.blp | 09-21-2000 | 17:43:44 | | 308278 | 4a46938d
File Overwrite: C:\Program Files\eGames\Speedy Eggbert 2\\IMAGE08\decor020.blp | 09-21-2000 | 17:40:14 | | 308278 | a763f9f3
File Overwrite: C:\Program Files\eGames\Speedy Eggbert 2\\IMAGE08\decor021.blp | 09-21-2000 | 17:40:56 | | 308278 | 3093fe3e
File Overwrite: C:\Program Files\eGames\Speedy Eggbert 2\\IMAGE08\decor022.blp | 03-18-1998 | 20:49:56 | | 308278 | 32602703
File Overwrite: C:\Program Files\eGames\Speedy Eggbert 2\\IMAGE08\decor023.blp | 09-21-2000 | 17:40:40 | | 308278 | ca4ca764
File Overwrite: C:\Program Files\eGames\Speedy Eggbert 2\\IMAGE08\decor024.blp | 09-21-2000 | 17:41:54 | | 308278 | 626a4cff
File Overwrite: C:\Program Files\eGames\Speedy Eggbert 2\\IMAGE08\decor025.blp | 09-21-2000 | 17:38:22 | | 308278 | 5184f007
File Overwrite: C:\Program Files\eGames\Speedy Eggbert 2\\IMAGE08\decor026.blp | 05-11-1999 | 10:31:36 | | 308278 | e544d4f0
File Overwrite: C:\Program Files\eGames\Speedy Eggbert 2\\IMAGE08\decor027.blp | 09-21-2000 | 17:42:06 | | 308278 | f8d9d8af
File Overwrite: C:\Program Files\eGames\Speedy Eggbert 2\\IMAGE08\decor028.blp | 09-21-2000 | 17:39:44 | | 308278 | f2a5583d
File Overwrite: C:\Program Files\eGames\Speedy Eggbert 2\\IMAGE08\decor029.blp | 05-11-1999 | 10:32:36 | | 308278 | e8ff7f3b
File Overwrite: C:\Program Files\eGames\Speedy Eggbert 2\\IMAGE08\decor030.blp | 05-11-1999 | 10:32:56 | | 308278 | 9283e304
File Overwrite: C:\Program Files\eGames\Speedy Eggbert 2\\IMAGE08\decor031.blp | 05-11-1999 | 10:33:30 | | 308278 | 7e526eab
File Overwrite: C:\Program Files\eGames\Speedy Eggbert 2\\IMAGE08\element.blp | 09-21-2000 | 17:41:38 | | 578102 | df0f51ea
File Overwrite: C:\Program Files\eGames\Speedy Eggbert 2\\IMAGE08\explo.blp | 12-11-1999 | 11:22:36 | | 936038 | e584f71c
File Overwrite: C:\Program Files\eGames\Speedy Eggbert 2\\IMAGE08\gamer.blp | 07-01-1999 | 11:46:54 | | 308278 | 5ca34374
File Overwrite: C:\Program Files\eGames\Speedy Eggbert 2\\IMAGE08\gread.blp | 07-01-1999 | 11:47:04 | | 308278 | 60074e80
File Overwrite: C:\Program Files\eGames\Speedy Eggbert 2\\IMAGE08\gwrite.blp | 07-01-1999 | 11:46:46 | | 308278 | b731b0ad
File Overwrite: C:\Program Files\eGames\Speedy Eggbert 2\\IMAGE08\help.blp | 07-01-1999 | 11:46:36 | | 308278 | bbd4c78b
File Overwrite: C:\Program Files\eGames\Speedy Eggbert 2\\IMAGE08\info.blp | 07-01-1999 | 19:13:02 | | 308278 | d907732b
File Overwrite: C:\Program Files\eGames\Speedy Eggbert 2\\IMAGE08\init.blp | 04-15-2004 | 17:11:42 | | 308278 | 4170d520
File Overwrite: C:\Program Files\eGames\Speedy Eggbert 2\\IMAGE08\jauge.blp | 07-11-1997 | 00:45:14 | | 11990 | 92452d74
File Overwrite: C:\Program Files\eGames\Speedy Eggbert 2\\IMAGE08\little.blp | 12-15-1997 | 23:45:42 | | 25654 | 175b27a3
File Overwrite: C:\Program Files\eGames\Speedy Eggbert 2\\IMAGE08\lost.blp | 07-01-1999 | 19:01:10 | | 308278 | 7b708d7f
File Overwrite: C:\Program Files\eGames\Speedy Eggbert 2\\IMAGE08\map.blp | 04-21-1998 | 09:34:56 | | 34358 | 29b9600
File Overwrite: C:\Program Files\eGames\Speedy Eggbert 2\\IMAGE08\movie.blp | 06-27-1997 | 10:50:40 | | 308278 | a4d33db5
File Overwrite: C:\Program Files\eGames\Speedy Eggbert 2\\IMAGE08\multi.blp | 07-01-1999 | 11:46:02 | | 308278 | c49610fe
File Overwrite: C:\Program Files\eGames\Speedy Eggbert 2\\IMAGE08\music.blp | 07-01-1999 | 11:45:52 | | 308278 | 53c46960
File Overwrite: C:\Program Files\eGames\Speedy Eggbert 2\\IMAGE08\name.blp | 07-01-1999 | 11:45:42 | | 308278 | c0255eec
File Overwrite: C:\Program Files\eGames\Speedy Eggbert 2\\IMAGE08\object.blp | 09-21-2000 | 17:42:46 | | 1359926 | 75e21023
File Overwrite: C:\Program Files\eGames\Speedy Eggbert 2\\IMAGE08\read.blp | 07-01-1999 | 11:45:22 | | 308278 | f4b0ee7b
File Overwrite: C:\Program Files\eGames\Speedy Eggbert 2\\IMAGE08\region.blp | 09-21-2000 | 17:43:56 | | 308278 | 87e772a0
File Overwrite: C:\Program Files\eGames\Speedy Eggbert 2\\IMAGE08\service.blp | 07-01-1999 | 11:44:56 | | 308278 | ae6e3712
File Overwrite: C:\Program Files\eGames\Speedy Eggbert 2\\IMAGE08\session.blp | 07-01-1999 | 11:44:46 | | 308278 | 46d8cb05
File Overwrite: C:\Program Files\eGames\Speedy Eggbert 2\\IMAGE08\setup.blp | 07-01-1999 | 11:44:30 | | 308278 | 964fee79
File Overwrite: C:\Program Files\eGames\Speedy Eggbert 2\\IMAGE08\stop.blp | 07-01-1999 | 11:44:16 | | 308278 | cf3e87cf
File Overwrite: C:\Program Files\eGames\Speedy Eggbert 2\\IMAGE08\temp.blp | 04-05-1998 | 20:53:06 | | 5174 | 757e7074
File Overwrite: C:\Program Files\eGames\Speedy Eggbert 2\\IMAGE08\text.blp | 05-25-1998 | 09:28:30 | | 99382 | 8c91157b
File Overwrite: C:\Program Files\eGames\Speedy Eggbert 2\\IMAGE08\win.blp | 07-02-1999 | 13:03:44 | | 308278 | eb6056b1
File Overwrite: C:\Program Files\eGames\Speedy Eggbert 2\\IMAGE08\write.blp | 07-01-1999 | 11:43:54 | | 308278 | 9cb8d1a9
File Overwrite: C:\Program Files\eGames\Speedy Eggbert 2\\IMAGE16\button00.blp | 09-21-2000 | 14:17:22 | | 748854 | 91fa8747
File Overwrite: C:\Program Files\eGames\Speedy Eggbert 2\\IMAGE16\bye.blp | 04-15-2004 | 17:02:10 | | 921654 | 64ba63bd
File Overwrite: C:\Program Files\eGames\Speedy Eggbert 2\\IMAGE16\clear.blp | 07-01-1999 | 00:50:52 | | 921654 | bdebde86
File Overwrite: C:\Program Files\eGames\Speedy Eggbert 2\\IMAGE16\create.blp | 07-01-1999 | 10:29:46 | | 921654 | 854792bb
File Overwrite: C:\Program Files\eGames\Speedy Eggbert 2\\IMAGE16\decor000.blp | 06-21-1998 | 23:03:48 | | 921654 | 8ff5ff32
File Overwrite: C:\Program Files\eGames\Speedy Eggbert 2\\IMAGE16\decor001.blp | 09-19-2000 | 20:40:46 | | 921654 | ae6526cf
File Overwrite: C:\Program Files\eGames\Speedy Eggbert 2\\IMAGE16\decor002.blp | 09-20-2000 | 01:44:26 | | 921654 | 4662958d
File Overwrite: C:\Program Files\eGames\Speedy Eggbert 2\\IMAGE16\decor003.blp | 09-20-2000 | 23:01:46 | | 921654 | b7abb148
File Overwrite: C:\Program Files\eGames\Speedy Eggbert 2\\IMAGE16\decor004.blp | 09-20-2000 | 01:05:34 | | 921654 | ffd3444b
File Overwrite: C:\Program Files\eGames\Speedy Eggbert 2\\IMAGE16\decor005.blp | 09-20-2000 | 00:51:32 | | 921654 | c1e93480
File Overwrite: C:\Program Files\eGames\Speedy Eggbert 2\\IMAGE16\decor006.blp | 09-20-2000 | 23:25:12 | | 921654 | d4c3e172
File Overwrite: C:\Program Files\eGames\Speedy Eggbert 2\\IMAGE16\decor008.blp | 09-20-2000 | 23:01:38 | | 921654 | b2699b98
File Overwrite: C:\Program Files\eGames\Speedy Eggbert 2\\IMAGE16\decor009.blp | 09-20-2000 | 14:12:46 | | 921654 | 719bfa17
File Overwrite: C:\Program Files\eGames\Speedy Eggbert 2\\IMAGE16\decor010.blp | 09-20-2000 | 00:06:48 | | 921654 | c8b46aaa
File Overwrite: C:\Program Files\eGames\Speedy Eggbert 2\\IMAGE16\decor011.blp | 06-21-1998 | 23:03:36 | | 921654 | 81581e5c
File Overwrite: C:\Program Files\eGames\Speedy Eggbert 2\\IMAGE16\decor012.blp | 06-21-1998 | 23:04:00 | | 921654 | 61e89ee0
File Overwrite: C:\Program Files\eGames\Speedy Eggbert 2\\IMAGE16\decor013.blp | 06-21-1998 | 23:03:40 | | 921654 | 7cd80c5a
File Overwrite: C:\Program Files\eGames\Speedy Eggbert 2\\IMAGE16\decor014.blp | 06-21-1998 | 23:03:40 | | 921654 | 250c089f
File Overwrite: C:\Program Files\eGames\Speedy Eggbert 2\\IMAGE16\decor015.blp | 09-19-2000 | 19:12:08 | | 921654 | e5c03881
File Overwrite: C:\Program Files\eGames\Speedy Eggbert 2\\IMAGE16\decor016.blp | 06-21-1998 | 23:03:56 | | 921654 | b28d3f83
File Overwrite: C:\Program Files\eGames\Speedy Eggbert 2\\IMAGE16\decor017.blp | 06-21-1998 | 23:03:56 | | 921654 | 1d21a3b5
File Overwrite: C:\Program Files\eGames\Speedy Eggbert 2\\IMAGE16\decor018.blp | 09-20-2000 | 00:50:44 | | 921654 | 230d8e32
File Overwrite: C:\Program Files\eGames\Speedy Eggbert 2\\IMAGE16\decor019.blp | 09-20-2000 | 23:38:50 | | 921654 | 3b6d90b4
File Overwrite: C:\Program Files\eGames\Speedy Eggbert 2\\IMAGE16\decor020.blp | 09-19-2000 | 21:27:48 | | 921654 | a67f05ad
File Overwrite: C:\Program Files\eGames\Speedy Eggbert 2\\IMAGE16\decor021.blp | 09-20-2000 | 00:42:14 | | 921654 | 3ae986b1
File Overwrite: C:\Program Files\eGames\Speedy Eggbert 2\\IMAGE16\decor022.blp | 06-21-1998 | 23:03:58 | | 921654 | 6ca1eca6
File Overwrite: C:\Program Files\eGames\Speedy Eggbert 2\\IMAGE16\decor023.blp | 09-20-2000 | 00:23:30 | | 921654 | 3b16641d
File Overwrite: C:\Program Files\eGames\Speedy Eggbert 2\\IMAGE16\decor024.blp | 09-20-2000 | 01:27:34 | | 921654 | 8c811783
File Overwrite: C:\Program Files\eGames\Speedy Eggbert 2\\IMAGE16\decor025.blp | 09-12-2000 | 19:41:52 | | 921654 | f1259fd9
File Overwrite: C:\Program Files\eGames\Speedy Eggbert 2\\IMAGE16\decor026.blp | 04-26-1999 | 10:20:38 | | 921654 | 68e59b43
File Overwrite: C:\Program Files\eGames\Speedy Eggbert 2\\IMAGE16\decor027.blp | 09-20-2000 | 01:34:52 | | 921654 | 294b15c0
File Overwrite: C:\Program Files\eGames\Speedy Eggbert 2\\IMAGE16\decor028.blp | 09-19-2000 | 19:42:24 | | 921654 | 15fcf71e
File Overwrite: C:\Program Files\eGames\Speedy Eggbert 2\\IMAGE16\decor029.blp | 04-27-1999 | 23:52:30 | | 921654 | 40d4d64
File Overwrite: C:\Program Files\eGames\Speedy Eggbert 2\\IMAGE16\decor030.blp | 05-19-1999 | 20:51:08 | | 921654 | 25babd3a
File Overwrite: C:\Program Files\eGames\Speedy Eggbert 2\\IMAGE16\decor031.blp | 05-05-1999 | 00:40:44 | | 921654 | e48f5533
File Overwrite: C:\Program Files\eGames\Speedy Eggbert 2\\IMAGE16\element.blp | 09-21-2000 | 14:59:22 | | 1731126 | e425386
File Overwrite: C:\Program Files\eGames\Speedy Eggbert 2\\IMAGE16\explo.blp | 10-23-1999 | 15:09:42 | | 2804934 | 9868ed26
File Overwrite: C:\Program Files\eGames\Speedy Eggbert 2\\IMAGE16\gamer.blp | 06-30-1999 | 19:47:38 | | 921654 | 43d66734
File Overwrite: C:\Program Files\eGames\Speedy Eggbert 2\\IMAGE16\gread.blp | 07-01-1999 | 00:51:18 | | 921654 | a146aa22
File Overwrite: C:\Program Files\eGames\Speedy Eggbert 2\\IMAGE16\gwrite.blp | 07-01-1999 | 00:51:14 | | 921654 | d5daa5b6
File Overwrite: C:\Program Files\eGames\Speedy Eggbert 2\\IMAGE16\help.blp | 07-01-1999 | 00:51:20 | | 921654 | 32d4dfc5
File Overwrite: C:\Program Files\eGames\Speedy Eggbert 2\\IMAGE16\info.blp | 07-01-1999 | 19:12:34 | | 921654 | f70bf61
File Overwrite: C:\Program Files\eGames\Speedy Eggbert 2\\IMAGE16\init.blp | 04-15-2004 | 17:08:16 | | 921654 | 36bf57c
File Overwrite: C:\Program Files\eGames\Speedy Eggbert 2\\IMAGE16\lost.blp | 07-01-1999 | 18:59:18 | | 921654 | cd77c0bb
File Overwrite: C:\Program Files\eGames\Speedy Eggbert 2\\IMAGE16\multi.blp | 07-01-1999 | 10:35:24 | | 921654 | fcf91640
File Overwrite: C:\Program Files\eGames\Speedy Eggbert 2\\IMAGE16\music.blp | 07-01-1999 | 00:51:22 | | 921654 | 9dbfe867
File Overwrite: C:\Program Files\eGames\Speedy Eggbert 2\\IMAGE16\name.blp | 07-01-1999 | 00:51:24 | | 921654 | 39b8c045
File Overwrite: C:\Program Files\eGames\Speedy Eggbert 2\\IMAGE16\object.blp | 09-20-2000 | 18:35:50 | | 4076598 | e1cb0ec0
File Overwrite: C:\Program Files\eGames\Speedy Eggbert 2\\IMAGE16\read.blp | 07-01-1999 | 00:51:26 | | 921654 | 8089576f
File Overwrite: C:\Program Files\eGames\Speedy Eggbert 2\\IMAGE16\region.blp | 09-20-2000 | 23:42:14 | | 921654 | 4ab63422
File Overwrite: C:\Program Files\eGames\Speedy Eggbert 2\\IMAGE16\service.blp | 07-01-1999 | 00:50:56 | | 921654 | 5a7a7a68
File Overwrite: C:\Program Files\eGames\Speedy Eggbert 2\\IMAGE16\session.blp | 07-01-1999 | 10:29:38 | | 921654 | 2c2806f3
File Overwrite: C:\Program Files\eGames\Speedy Eggbert 2\\IMAGE16\setup.blp | 07-01-1999 | 00:51:34 | | 921654 | a9e45643
File Overwrite: C:\Program Files\eGames\Speedy Eggbert 2\\IMAGE16\stop.blp | 07-01-1999 | 00:51:36 | | 921654 | b8ba0260
File Overwrite: C:\Program Files\eGames\Speedy Eggbert 2\\IMAGE16\win.blp | 07-02-1999 | 13:03:02 | | 921654 | 13912f84
File Overwrite: C:\Program Files\eGames\Speedy Eggbert 2\\IMAGE16\write.blp | 07-01-1999 | 00:51:38 | | 921654 | 9d690226
File Overwrite: C:\Program Files\eGames\Speedy Eggbert 2\\SOUND\MUSIC000.BLP | 01-26-1996 | 20:23:12 | | 43037 | 5abcc9b9
File Overwrite: C:\Program Files\eGames\Speedy Eggbert 2\\SOUND\MUSIC001.BLP | 01-26-1996 | 20:43:32 | | 26359 | e790505a
File Overwrite: C:\Program Files\eGames\Speedy Eggbert 2\\SOUND\MUSIC002.BLP | 01-26-1996 | 20:27:16 | | 30299 | 6df6a6ad
File Overwrite: C:\Program Files\eGames\Speedy Eggbert 2\\SOUND\MUSIC003.BLP | 01-26-1996 | 20:17:38 | | 51786 | c9e96702
File Overwrite: C:\Program Files\eGames\Speedy Eggbert 2\\SOUND\MUSIC004.BLP | 01-26-1996 | 20:49:06 | | 58074 | eeed19de
File Overwrite: C:\Program Files\eGames\Speedy Eggbert 2\\SOUND\MUSIC005.BLP | 01-26-1996 | 20:47:22 | | 37807 | 47985028
File Overwrite: C:\Program Files\eGames\Speedy Eggbert 2\\SOUND\MUSIC006.BLP | 01-26-1996 | 20:46:58 | | 19828 | c35f3a3a
File Overwrite: C:\Program Files\eGames\Speedy Eggbert 2\\SOUND\MUSIC007.BLP | 01-26-1996 | 20:45:08 | | 36549 | 7b7428f3
File Overwrite: C:\Program Files\eGames\Speedy Eggbert 2\\SOUND\MUSIC008.BLP | 01-26-1996 | 20:44:30 | | 42791 | 46398e8d
File Overwrite: C:\Program Files\eGames\Speedy Eggbert 2\\SOUND\MUSIC009.BLP | 01-26-1996 | 20:19:50 | | 24582 | 87e58258
File Overwrite: C:\Program Files\eGames\Speedy Eggbert 2\\SOUND\SOUND000.BLP | 09-19-1991 | 19:19:50 | | 1568 | 6f536ae7
File Overwrite: C:\Program Files\eGames\Speedy Eggbert 2\\SOUND\SOUND001.BLP | 05-12-1998 | 15:01:52 | | 2014 | 2c3e975b
File Overwrite: C:\Program Files\eGames\Speedy Eggbert 2\\SOUND\SOUND002.BLP | 05-12-1998 | 16:29:08 | | 1384 | 565877e2
File Overwrite: C:\Program Files\eGames\Speedy Eggbert 2\\SOUND\SOUND003.BLP | 05-12-1998 | 17:27:06 | | 7322 | 68254813
File Overwrite: C:\Program Files\eGames\Speedy Eggbert 2\\SOUND\SOUND004.BLP | 05-12-1998 | 16:22:58 | | 2344 | 70c59b2c
File Overwrite: C:\Program Files\eGames\Speedy Eggbert 2\\SOUND\SOUND005.BLP | 05-12-1998 | 15:19:08 | | 1918 | 4516f9fe
File Overwrite: C:\Program Files\eGames\Speedy Eggbert 2\\SOUND\SOUND006.BLP | 05-12-1998 | 12:53:54 | | 8620 | cf21aed5
File Overwrite: C:\Program Files\eGames\Speedy Eggbert 2\\SOUND\SOUND007.BLP | 01-29-1998 | 23:40:24 | | 18264 | 3bf92404
File Overwrite: C:\Program Files\eGames\Speedy Eggbert 2\\SOUND\SOUND008.BLP | 05-12-1998 | 17:00:42 | | 66356 | 738a10ba
File Overwrite: C:\Program Files\eGames\Speedy Eggbert 2\\SOUND\SOUND009.BLP | 05-12-1998 | 17:49:54 | | 71228 | d0d4cf8b
File Overwrite: C:\Program Files\eGames\Speedy Eggbert 2\\SOUND\SOUND010.BLP | 05-13-1998 | 00:24:08 | | 104294 | 91d5ea81
File Overwrite: C:\Program Files\eGames\Speedy Eggbert 2\\SOUND\SOUND011.BLP | 05-12-1998 | 18:02:28 | | 27688 | 763ec967
File Overwrite: C:\Program Files\eGames\Speedy Eggbert 2\\SOUND\SOUND012.BLP | 05-12-1998 | 17:10:54 | | 21144 | e02ca94f
File Overwrite: C:\Program Files\eGames\Speedy Eggbert 2\\SOUND\SOUND013.BLP | 05-12-1998 | 17:39:14 | | 64280 | 230da122
File Overwrite: C:\Program Files\eGames\Speedy Eggbert 2\\SOUND\SOUND014.BLP | 05-12-1998 | 21:53:24 | | 70150 | 932d1296
File Overwrite: C:\Program Files\eGames\Speedy Eggbert 2\\SOUND\SOUND015.BLP | 01-28-1998 | 23:09:24 | | 16748 | 5093bc4d
File Overwrite: C:\Program Files\eGames\Speedy Eggbert 2\\SOUND\SOUND016.BLP | 01-28-1998 | 22:44:02 | | 8868 | a7afdc9f
File Overwrite: C:\Program Files\eGames\Speedy Eggbert 2\\SOUND\SOUND017.BLP | 01-28-1998 | 23:07:20 | | 16748 | deab30ab
File Overwrite: C:\Program Files\eGames\Speedy Eggbert 2\\SOUND\SOUND018.BLP | 01-28-1998 | 23:00:44 | | 12256 | 95272054
File Overwrite: C:\Program Files\eGames\Speedy Eggbert 2\\SOUND\SOUND019.BLP | 05-12-1998 | 18:11:42 | | 32744 | 5b270a35
File Overwrite: C:\Program Files\eGames\Speedy Eggbert 2\\SOUND\SOUND020.BLP | 01-29-1998 | 23:42:08 | | 18264 | d230379f
File Overwrite: C:\Program Files\eGames\Speedy Eggbert 2\\SOUND\SOUND021.BLP | 01-29-1998 | 23:46:10 | | 17104 | 47fb17f
File Overwrite: C:\Program Files\eGames\Speedy Eggbert 2\\SOUND\SOUND022.BLP | 05-12-1998 | 15:01:26 | | 2644 | 37ea0670
File Overwrite: C:\Program Files\eGames\Speedy Eggbert 2\\SOUND\SOUND023.BLP | 05-13-1998 | 00:01:48 | | 73424 | 8980eab6
File Overwrite: C:\Program Files\eGames\Speedy Eggbert 2\\SOUND\SOUND024.BLP | 05-12-1998 | 21:46:44 | | 16568 | da3886
File Overwrite: C:\Program Files\eGames\Speedy Eggbert 2\\SOUND\SOUND025.BLP | 05-12-1998 | 15:13:42 | | 20280 | e4941b76
File Overwrite: C:\Program Files\eGames\Speedy Eggbert 2\\SOUND\SOUND026.BLP | 05-12-1998 | 16:34:18 | | 84036 | fcb9a253
File Overwrite: C:\Program Files\eGames\Speedy Eggbert 2\\SOUND\SOUND027.BLP | 05-12-1998 | 12:44:28 | | 11528 | ced4daf0
File Overwrite: C:\Program Files\eGames\Speedy Eggbert 2\\SOUND\SOUND028.BLP | 02-06-1998 | 17:32:18 | | 25350 | 54f2b4aa
File Overwrite: C:\Program Files\eGames\Speedy Eggbert 2\\SOUND\SOUND029.BLP | 02-06-1998 | 17:34:12 | | 15768 | dcb2c5e
File Overwrite: C:\Program Files\eGames\Speedy Eggbert 2\\SOUND\SOUND030.BLP | 02-06-1998 | 17:36:14 | | 21792 | afee3fac
File Overwrite: C:\Program Files\eGames\Speedy Eggbert 2\\SOUND\SOUND031.BLP | 02-06-1998 | 17:35:34 | | 39518 | c51842a9
File Overwrite: C:\Program Files\eGames\Speedy Eggbert 2\\SOUND\SOUND032.BLP | 10-03-1998 | 13:24:46 | | 20944 | f7010398
File Overwrite: C:\Program Files\eGames\Speedy Eggbert 2\\SOUND\SOUND033.BLP | 05-13-1998 | 10:29:12 | | 126756 | fda78240
File Overwrite: C:\Program Files\eGames\Speedy Eggbert 2\\SOUND\SOUND034.BLP | 05-12-1998 | 16:06:02 | | 3894 | c272d4c6
File Overwrite: C:\Program Files\eGames\Speedy Eggbert 2\\SOUND\SOUND035.BLP | 05-12-1998 | 16:08:16 | | 1282 | ed4bcd98
File Overwrite: C:\Program Files\eGames\Speedy Eggbert 2\\SOUND\SOUND036.BLP | 05-13-1998 | 10:40:12 | | 44180 | 2c69304d
File Overwrite: C:\Program Files\eGames\Speedy Eggbert 2\\SOUND\SOUND037.BLP | 02-20-1998 | 09:40:24 | | 2984 | b9ae3781
File Overwrite: C:\Program Files\eGames\Speedy Eggbert 2\\SOUND\SOUND038.BLP | 05-12-1998 | 12:45:36 | | 13104 | 5a5d9f86
File Overwrite: C:\Program Files\eGames\Speedy Eggbert 2\\SOUND\SOUND039.BLP | 05-12-1998 | 12:45:54 | | 9576 | 29286a95
File Overwrite: C:\Program Files\eGames\Speedy Eggbert 2\\SOUND\SOUND040.BLP | 05-12-1998 | 12:46:14 | | 10552 | ae68ea2
File Overwrite: C:\Program Files\eGames\Speedy Eggbert 2\\SOUND\SOUND041.BLP | 02-23-1998 | 17:09:32 | | 11112 | caf27d12
File Overwrite: C:\Program Files\eGames\Speedy Eggbert 2\\SOUND\SOUND042.BLP | 03-13-1998 | 20:24:58 | | 88326 | f7796c0
File Overwrite: C:\Program Files\eGames\Speedy Eggbert 2\\SOUND\SOUND043.BLP | 03-13-1998 | 20:25:40 | | 63452 | ada5d01b
File Overwrite: C:\Program Files\eGames\Speedy Eggbert 2\\SOUND\SOUND044.BLP | 03-13-1998 | 20:22:04 | | 43926 | 9a7df132
File Overwrite: C:\Program Files\eGames\Speedy Eggbert 2\\SOUND\SOUND045.BLP | 03-13-1998 | 20:22:48 | | 43926 | b33138ad
File Overwrite: C:\Program Files\eGames\Speedy Eggbert 2\\SOUND\SOUND046.BLP | 05-12-1998 | 12:47:20 | | 20892 | 41729bd2
File Overwrite: C:\Program Files\eGames\Speedy Eggbert 2\\SOUND\SOUND047.BLP | 05-12-1998 | 12:47:38 | | 13140 | f1e4f022
File Overwrite: C:\Program Files\eGames\Speedy Eggbert 2\\SOUND\SOUND048.BLP | 05-12-1998 | 12:48:00 | | 17548 | 6c52b0e1
File Overwrite: C:\Program Files\eGames\Speedy Eggbert 2\\SOUND\SOUND049.BLP | 05-12-1998 | 12:55:32 | | 138570 | 149adf39
File Overwrite: C:\Program Files\eGames\Speedy Eggbert 2\\SOUND\SOUND050.BLP | 05-12-1998 | 12:48:52 | | 32488 | 89de6f6c
File Overwrite: C:\Program Files\eGames\Speedy Eggbert 2\\SOUND\SOUND051.BLP | 04-01-1998 | 17:03:44 | | 48542 | 4ba7cbed
File Overwrite: C:\Program Files\eGames\Speedy Eggbert 2\\SOUND\SOUND052.BLP | 04-01-1998 | 17:31:30 | | 6070 | d4bc6f06
File Overwrite: C:\Program Files\eGames\Speedy Eggbert 2\\SOUND\SOUND053.BLP | 05-19-1996 | 16:40:54 | | 10850 | 59ab184d
File Overwrite: C:\Program Files\eGames\Speedy Eggbert 2\\SOUND\SOUND054.BLP | 05-10-1996 | 12:38:18 | | 12370 | c9b86873
File Overwrite: C:\Program Files\eGames\Speedy Eggbert 2\\SOUND\SOUND055.BLP | 04-03-1998 | 00:29:18 | | 99118 | e9e63117
File Overwrite: C:\Program Files\eGames\Speedy Eggbert 2\\SOUND\SOUND056.BLP | 04-03-1998 | 00:29:34 | | 99118 | c846cb64
File Overwrite: C:\Program Files\eGames\Speedy Eggbert 2\\SOUND\SOUND057.BLP | 04-06-1998 | 22:20:54 | | 26724 | d9e8b620
File Overwrite: C:\Program Files\eGames\Speedy Eggbert 2\\SOUND\SOUND058.BLP | 04-06-1998 | 22:18:34 | | 53408 | 91dcf64a
File Overwrite: C:\Program Files\eGames\Speedy Eggbert 2\\SOUND\SOUND059.BLP | 05-13-1998 | 10:41:12 | | 65374 | 53dc30ce
File Overwrite: C:\Program Files\eGames\Speedy Eggbert 2\\SOUND\SOUND060.BLP | 05-12-1998 | 12:49:14 | | 18014 | 911bc2e3
File Overwrite: C:\Program Files\eGames\Speedy Eggbert 2\\SOUND\SOUND061.BLP | 05-12-1998 | 12:51:08 | | 26390 | cee20616
File Overwrite: C:\Program Files\eGames\Speedy Eggbert 2\\SOUND\SOUND062.BLP | 04-06-1998 | 22:14:12 | | 81870 | 67266ac3
File Overwrite: C:\Program Files\eGames\Speedy Eggbert 2\\SOUND\SOUND063.BLP | 04-06-1998 | 22:14:24 | | 81870 | 3783f5b0
File Overwrite: C:\Program Files\eGames\Speedy Eggbert 2\\SOUND\SOUND064.BLP | 05-12-1998 | 21:47:28 | | 9766 | 41262f9d
File Overwrite: C:\Program Files\eGames\Speedy Eggbert 2\\SOUND\SOUND065.BLP | 05-12-1998 | 12:51:36 | | 35490 | c3ec130b
File Overwrite: C:\Program Files\eGames\Speedy Eggbert 2\\SOUND\sound066.blp | 04-08-1997 | 19:10:14 | | 12072 | 2290ac3d
File Overwrite: C:\Program Files\eGames\Speedy Eggbert 2\\SOUND\sound067.blp | 04-21-1999 | 00:06:40 | | 12154 | a19f599e
File Overwrite: C:\Program Files\eGames\Speedy Eggbert 2\\SOUND\sound068.blp | 04-14-1997 | 09:09:46 | | 7212 | 5aab0a90
File Overwrite: C:\Program Files\eGames\Speedy Eggbert 2\\SOUND\sound069.blp | 03-29-1997 | 18:02:02 | | 5430 | 49229a0c
File Overwrite: C:\Program Files\eGames\Speedy Eggbert 2\\SOUND\sound070.blp | 04-08-1997 | 19:35:12 | | 15928 | 3162cc24
File Overwrite: C:\Program Files\eGames\Speedy Eggbert 2\\SOUND\sound071.blp | 04-03-1997 | 15:25:28 | | 88828 | 91d88f65
File Overwrite: C:\Program Files\eGames\Speedy Eggbert 2\\SOUND\sound072.blp | 05-07-1999 | 19:27:28 | | 41858 | 55d8aa6
File Overwrite: C:\Program Files\eGames\Speedy Eggbert 2\\SOUND\sound073.blp | 05-07-1999 | 19:28:30 | | 23396 | 1bf4f6e0
File Overwrite: C:\Program Files\eGames\Speedy Eggbert 2\\SOUND\sound074.blp | 03-17-1997 | 17:32:10 | | 36532 | 1a2dcc56
File Overwrite: C:\Program Files\eGames\Speedy Eggbert 2\\SOUND\sound075.blp | 05-10-1999 | 11:00:06 | | 76222 | afd750fa
File Overwrite: C:\Program Files\eGames\Speedy Eggbert 2\\SOUND\sound076.blp | 05-14-1999 | 20:00:32 | | 65530 | 45045704
File Overwrite: C:\Program Files\eGames\Speedy Eggbert 2\\SOUND\sound077.blp | 05-14-1999 | 20:01:44 | | 62800 | 8fb110a9
File Overwrite: C:\Program Files\eGames\Speedy Eggbert 2\\SOUND\sound078.blp | 10-21-1999 | 01:06:36 | | 3722 | 57e07279
File Overwrite: C:\Program Files\eGames\Speedy Eggbert 2\\SOUND\sound079.blp | 10-21-1999 | 00:55:18 | | 2344 | b2afe59e
File Overwrite: C:\Program Files\eGames\Speedy Eggbert 2\\SOUND\sound080.blp | 10-21-1999 | 01:08:32 | | 4130 | 3a5a4241
File Overwrite: C:\Program Files\eGames\Speedy Eggbert 2\\SOUND\sound081.blp | 10-21-1999 | 01:04:52 | | 9748 | c977adec
File Overwrite: C:\Program Files\eGames\Speedy Eggbert 2\\SOUND\sound082.blp | 10-22-1999 | 10:07:42 | | 13916 | 2e8ad387
File Overwrite: C:\Program Files\eGames\Speedy Eggbert 2\\SOUND\sound083.blp | 10-22-1999 | 10:08:50 | | 15612 | ac06a34
File Overwrite: C:\Program Files\eGames\Speedy Eggbert 2\\SOUND\sound084.blp | 10-21-1999 | 01:13:08 | | 8008 | 7c24e441
File Overwrite: C:\Program Files\eGames\Speedy Eggbert 2\\SOUND\sound085.blp | 10-21-1999 | 00:57:26 | | 1970 | 982ac2bc
File Overwrite: C:\Program Files\eGames\Speedy Eggbert 2\\SOUND\sound086.blp | 10-21-1999 | 14:34:58 | | 6738 | 37076a0d
File Overwrite: C:\Program Files\eGames\Speedy Eggbert 2\\SOUND\sound087.blp | 10-21-1999 | 14:35:06 | | 6690 | 11ca9f7a
File Overwrite: C:\Program Files\eGames\Speedy Eggbert 2\\SOUND\sound088.blp | 10-21-1999 | 14:35:12 | | 11912 | 4489d11
File Overwrite: C:\Program Files\eGames\Speedy Eggbert 2\\SOUND\sound089.blp | 10-21-1999 | 14:34:50 | | 6014 | 92629cac
File Overwrite: C:\Program Files\eGames\Speedy Eggbert 2\\SOUND\sound090.blp | 10-21-1999 | 14:34:44 | | 6626 | ef23d5d8
File Overwrite: C:\Program Files\eGames\Speedy Eggbert 2\\SOUND\sound091.blp | 10-21-1999 | 14:34:36 | | 4618 | 25955ba2
File Overwrite: C:\Program Files\eGames\Speedy Eggbert 2\\SOUND\sound092.blp | 10-22-1999 | 21:27:58 | | 5638 | 5a064286
Shell Link: C:\Documents and Settings\Administrator\Plocha\eGames.lnk
Link Info: C:\WINDOWS\explorer.exe | C:\PROGRA~1\eGames\SPEEDY~2 | C:\PROGRA~1\eGames\SPEEDY~2\egames.ico | 0 | 1 | 0 |  "C:\Documents and Settings\Administrator\Nabídka Start\Programy\eGames"
Shell Link: C:\Documents and Settings\Administrator\Nabídka Start\Programy\eGames\Speedy Eggbert 2\Speedy Eggbert 2.lnk
Link Info: C:\PROGRA~1\eGames\SPEEDY~2\Eggbert2.exe | C:\PROGRA~1\eGames\SPEEDY~2 | C:\PROGRA~1\eGames\SPEEDY~2\icon.ico | 0 | 1 | 0 | 
Shell Link: C:\Documents and Settings\Administrator\Nabídka Start\Programy\eGames\Speedy Eggbert 2\Visit eGames.com.lnk
Link Info: C:\Program Files\eGames\Speedy Eggbert 2\egames.url | C:\PROGRA~1\eGames\SPEEDY~2 |  | 0 | 1 | 0 | 
INI File: C:\Program Files\eGames\Speedy Eggbert 2\UNWISE.INI
INI Sect: Settings
INI Item: No Background
INI Val: 0
INI Old: 0
User Rights: Admin
